<?xml version="1.0" encoding="UTF-8"?>
<coverage generated="1512297847524" clover="3.2.0">
  <project timestamp="1512297847524" name="All files">
    <metrics statements="2807" coveredstatements="1926" conditionals="1353" coveredconditionals="659" methods="803" coveredmethods="446" elements="4963" coveredelements="3031" complexity="0" loc="2807" ncloc="2807" packages="121" files="315" classes="315">
      <package name="iservice-app">
        <metrics statements="0" coveredstatements="0" conditionals="0" coveredconditionals="0" methods="0" coveredmethods="0"/>
        <file name="index.js" path="/Users/amitkumar/iTrueService/DevCode/iservice-app/index.js">
          <metrics statements="0" coveredstatements="0" conditionals="0" coveredconditionals="0" methods="0" coveredmethods="0"/>
        </file>
      </package>
      <package name="iservice-app.__helpers__">
        <metrics statements="16" coveredstatements="13" conditionals="5" coveredconditionals="3" methods="6" coveredmethods="3"/>
        <file name="echoServer.helper.js" path="/Users/amitkumar/iTrueService/DevCode/iservice-app/__helpers__/echoServer.helper.js">
          <metrics statements="16" coveredstatements="13" conditionals="5" coveredconditionals="3" methods="6" coveredmethods="3"/>
          <line num="6" count="5" type="cond" truecount="1" falsecount="1"/>
          <line num="7" count="0" type="stmt"/>
          <line num="8" count="0" type="stmt"/>
          <line num="10" count="0" type="stmt"/>
          <line num="13" count="5" type="stmt"/>
          <line num="14" count="5" type="stmt"/>
          <line num="15" count="5" type="stmt"/>
          <line num="16" count="5" type="stmt"/>
          <line num="18" count="2" type="stmt"/>
          <line num="20" count="5" type="stmt"/>
          <line num="21" count="5" type="stmt"/>
          <line num="22" count="5" type="cond" truecount="0" falsecount="1"/>
          <line num="23" count="5" type="cond" truecount="2" falsecount="0"/>
          <line num="24" count="5" type="stmt"/>
          <line num="25" count="5" type="stmt"/>
          <line num="26" count="5" type="stmt"/>
        </file>
      </package>
      <package name="iservice-app.app">
        <metrics statements="42" coveredstatements="17" conditionals="20" coveredconditionals="3" methods="20" coveredmethods="5"/>
        <file name="App.container.js" path="/Users/amitkumar/iTrueService/DevCode/iservice-app/app/App.container.js">
          <metrics statements="36" coveredstatements="11" conditionals="16" coveredconditionals="1" methods="18" coveredmethods="4"/>
          <line num="28" count="1" type="stmt"/>
          <line num="29" count="1" type="stmt"/>
          <line num="33" count="1" type="stmt"/>
          <line num="34" count="1" type="stmt"/>
          <line num="35" count="1" type="stmt"/>
          <line num="36" count="0" type="cond" truecount="0" falsecount="2"/>
          <line num="37" count="0" type="stmt"/>
          <line num="42" count="0" type="stmt"/>
          <line num="43" count="0" type="stmt"/>
          <line num="44" count="0" type="stmt"/>
          <line num="48" count="0" type="cond" truecount="0" falsecount="2"/>
          <line num="49" count="0" type="stmt"/>
          <line num="54" count="0" type="cond" truecount="0" falsecount="2"/>
          <line num="55" count="0" type="cond" truecount="0" falsecount="6"/>
          <line num="56" count="0" type="stmt"/>
          <line num="58" count="0" type="stmt"/>
          <line num="60" count="0" type="stmt"/>
          <line num="65" count="0" type="stmt"/>
          <line num="66" count="0" type="stmt"/>
          <line num="67" count="0" type="stmt"/>
          <line num="68" count="0" type="stmt"/>
          <line num="69" count="0" type="cond" truecount="0" falsecount="2"/>
          <line num="70" count="0" type="stmt"/>
          <line num="71" count="0" type="stmt"/>
          <line num="76" count="0" type="stmt"/>
          <line num="80" count="1" type="stmt"/>
          <line num="81" count="1" type="stmt"/>
          <line num="96" count="2" type="stmt"/>
          <line num="101" count="2" type="stmt"/>
          <line num="115" count="2" type="stmt"/>
          <line num="123" count="2" type="stmt"/>
          <line num="125" count="0" type="stmt"/>
          <line num="126" count="0" type="stmt"/>
          <line num="127" count="0" type="stmt"/>
          <line num="128" count="0" type="stmt"/>
          <line num="129" count="0" type="stmt"/>
        </file>
        <file name="index.js" path="/Users/amitkumar/iTrueService/DevCode/iservice-app/app/index.js">
          <metrics statements="6" coveredstatements="6" conditionals="4" coveredconditionals="2" methods="2" coveredmethods="1"/>
          <line num="9" count="1" type="cond" truecount="1" falsecount="1"/>
          <line num="12" count="1" type="cond" truecount="1" falsecount="1"/>
          <line num="16" count="1" type="stmt"/>
          <line num="17" count="1" type="stmt"/>
          <line num="21" count="1" type="stmt"/>
          <line num="29" count="1" type="stmt"/>
        </file>
      </package>
      <package name="iservice-app.app.assets">
        <metrics statements="8" coveredstatements="8" conditionals="0" coveredconditionals="0" methods="0" coveredmethods="0"/>
        <file name="bannerArea.png" path="/Users/amitkumar/iTrueService/DevCode/iservice-app/app/assets/bannerArea.png">
          <metrics statements="1" coveredstatements="1" conditionals="0" coveredconditionals="0" methods="0" coveredmethods="0"/>
          <line num="1" count="38" type="stmt"/>
        </file>
        <file name="bill_usage_banner.jpg" path="/Users/amitkumar/iTrueService/DevCode/iservice-app/app/assets/bill_usage_banner.jpg">
          <metrics statements="1" coveredstatements="1" conditionals="0" coveredconditionals="0" methods="0" coveredmethods="0"/>
          <line num="1" count="43" type="stmt"/>
        </file>
        <file name="jcb.png" path="/Users/amitkumar/iTrueService/DevCode/iservice-app/app/assets/jcb.png">
          <metrics statements="1" coveredstatements="1" conditionals="0" coveredconditionals="0" methods="0" coveredmethods="0"/>
          <line num="1" count="42" type="stmt"/>
        </file>
        <file name="logo.png" path="/Users/amitkumar/iTrueService/DevCode/iservice-app/app/assets/logo.png">
          <metrics statements="1" coveredstatements="1" conditionals="0" coveredconditionals="0" methods="0" coveredmethods="0"/>
          <line num="1" count="37" type="stmt"/>
        </file>
        <file name="mastercard.png" path="/Users/amitkumar/iTrueService/DevCode/iservice-app/app/assets/mastercard.png">
          <metrics statements="1" coveredstatements="1" conditionals="0" coveredconditionals="0" methods="0" coveredmethods="0"/>
          <line num="1" count="42" type="stmt"/>
        </file>
        <file name="pinLocation.png" path="/Users/amitkumar/iTrueService/DevCode/iservice-app/app/assets/pinLocation.png">
          <metrics statements="1" coveredstatements="1" conditionals="0" coveredconditionals="0" methods="0" coveredmethods="0"/>
          <line num="1" count="126" type="stmt"/>
        </file>
        <file name="shopMarker.png" path="/Users/amitkumar/iTrueService/DevCode/iservice-app/app/assets/shopMarker.png">
          <metrics statements="1" coveredstatements="1" conditionals="0" coveredconditionals="0" methods="0" coveredmethods="0"/>
          <line num="1" count="126" type="stmt"/>
        </file>
        <file name="visa.png" path="/Users/amitkumar/iTrueService/DevCode/iservice-app/app/assets/visa.png">
          <metrics statements="1" coveredstatements="1" conditionals="0" coveredconditionals="0" methods="0" coveredmethods="0"/>
          <line num="1" count="42" type="stmt"/>
        </file>
      </package>
      <package name="iservice-app.app.components.BillUsage">
        <metrics statements="6" coveredstatements="6" conditionals="0" coveredconditionals="0" methods="0" coveredmethods="0"/>
        <file name="mockData.js" path="/Users/amitkumar/iTrueService/DevCode/iservice-app/app/components/BillUsage/mockData.js">
          <metrics statements="6" coveredstatements="6" conditionals="0" coveredconditionals="0" methods="0" coveredmethods="0"/>
          <line num="6" count="39" type="stmt"/>
          <line num="20" count="39" type="stmt"/>
          <line num="89" count="39" type="stmt"/>
          <line num="103" count="39" type="stmt"/>
          <line num="120" count="39" type="stmt"/>
          <line num="193" count="39" type="stmt"/>
        </file>
      </package>
      <package name="iservice-app.app.components.BillUsage.BillDetails">
        <metrics statements="4" coveredstatements="4" conditionals="10" coveredconditionals="5" methods="1" coveredmethods="1"/>
        <file name="TMBillDetail.component.js" path="/Users/amitkumar/iTrueService/DevCode/iservice-app/app/components/BillUsage/BillDetails/TMBillDetail.component.js">
          <metrics statements="4" coveredstatements="4" conditionals="10" coveredconditionals="5" methods="1" coveredmethods="1"/>
          <line num="15" count="1" type="stmt"/>
          <line num="16" count="1" type="stmt"/>
          <line num="53" count="38" type="stmt"/>
          <line num="56" count="38" type="stmt"/>
        </file>
        <file name="TMBillDetails.style.js" path="/Users/amitkumar/iTrueService/DevCode/iservice-app/app/components/BillUsage/BillDetails/TMBillDetails.style.js">
          <metrics statements="0" coveredstatements="0" conditionals="0" coveredconditionals="0" methods="0" coveredmethods="0"/>
        </file>
      </package>
      <package name="iservice-app.app.components.BillUsage.BillUsage">
        <metrics statements="26" coveredstatements="20" conditionals="26" coveredconditionals="11" methods="10" coveredmethods="6"/>
        <file name="BillUsage.component.js" path="/Users/amitkumar/iTrueService/DevCode/iservice-app/app/components/BillUsage/BillUsage/BillUsage.component.js">
          <metrics statements="9" coveredstatements="9" conditionals="10" coveredconditionals="6" methods="3" coveredmethods="3"/>
          <line num="18" count="1" type="stmt"/>
          <line num="19" count="1" type="stmt"/>
          <line num="20" count="1" type="stmt"/>
          <line num="21" count="1" type="stmt"/>
          <line num="22" count="4" type="cond" truecount="2" falsecount="0"/>
          <line num="23" count="1" type="cond" truecount="2" falsecount="0"/>
          <line num="24" count="1" type="stmt"/>
          <line num="49" count="38" type="stmt"/>
          <line num="70" count="38" type="stmt"/>
        </file>
        <file name="BillUsage.style.js" path="/Users/amitkumar/iTrueService/DevCode/iservice-app/app/components/BillUsage/BillUsage/BillUsage.style.js">
          <metrics statements="1" coveredstatements="1" conditionals="0" coveredconditionals="0" methods="0" coveredmethods="0"/>
          <line num="3" count="39" type="stmt"/>
        </file>
        <file name="PreLoginPayBill.component.js" path="/Users/amitkumar/iTrueService/DevCode/iservice-app/app/components/BillUsage/BillUsage/PreLoginPayBill.component.js">
          <metrics statements="16" coveredstatements="10" conditionals="16" coveredconditionals="5" methods="7" coveredmethods="3"/>
          <line num="22" count="0" type="cond" truecount="0" falsecount="4"/>
          <line num="23" count="0" type="stmt"/>
          <line num="27" count="0" type="stmt"/>
          <line num="28" count="0" type="stmt"/>
          <line num="30" count="0" type="stmt"/>
          <line num="31" count="0" type="stmt"/>
          <line num="34" count="1" type="stmt"/>
          <line num="35" count="1" type="stmt"/>
          <line num="36" count="1" type="stmt"/>
          <line num="37" count="1" type="stmt"/>
          <line num="38" count="4" type="stmt"/>
          <line num="39" count="1" type="stmt"/>
          <line num="40" count="1" type="cond" truecount="1" falsecount="1"/>
          <line num="41" count="1" type="stmt"/>
          <line num="68" count="38" type="stmt"/>
          <line num="91" count="38" type="stmt"/>
        </file>
        <file name="PreLoginPayBill.style.js" path="/Users/amitkumar/iTrueService/DevCode/iservice-app/app/components/BillUsage/BillUsage/PreLoginPayBill.style.js">
          <metrics statements="0" coveredstatements="0" conditionals="0" coveredconditionals="0" methods="0" coveredmethods="0"/>
        </file>
      </package>
      <package name="iservice-app.app.components.BillUsage.BillUsage.BillUsageShared">
        <metrics statements="16" coveredstatements="13" conditionals="28" coveredconditionals="23" methods="2" coveredmethods="2"/>
        <file name="DetailCardRow.component.js" path="/Users/amitkumar/iTrueService/DevCode/iservice-app/app/components/BillUsage/BillUsage/BillUsageShared/DetailCardRow.component.js">
          <metrics statements="12" coveredstatements="9" conditionals="26" coveredconditionals="21" methods="1" coveredmethods="1"/>
          <line num="13" count="18" type="stmt"/>
          <line num="14" count="18" type="stmt"/>
          <line num="15" count="18" type="cond" truecount="1" falsecount="1"/>
          <line num="16" count="18" type="cond" truecount="1" falsecount="1"/>
          <line num="18" count="18" type="cond" truecount="1" falsecount="1"/>
          <line num="19" count="18" type="cond" truecount="2" falsecount="2"/>
          <line num="20" count="0" type="stmt"/>
          <line num="21" count="0" type="stmt"/>
          <line num="22" count="0" type="stmt"/>
          <line num="24" count="18" type="stmt"/>
          <line num="44" count="44" type="stmt"/>
          <line num="57" count="44" type="stmt"/>
        </file>
        <file name="DetailCardRow.style.js" path="/Users/amitkumar/iTrueService/DevCode/iservice-app/app/components/BillUsage/BillUsage/BillUsageShared/DetailCardRow.style.js">
          <metrics statements="0" coveredstatements="0" conditionals="0" coveredconditionals="0" methods="0" coveredmethods="0"/>
        </file>
        <file name="HeaderWithCaret.component.js" path="/Users/amitkumar/iTrueService/DevCode/iservice-app/app/components/BillUsage/BillUsage/BillUsageShared/HeaderWithCaret.component.js">
          <metrics statements="4" coveredstatements="4" conditionals="2" coveredconditionals="2" methods="1" coveredmethods="1"/>
          <line num="13" count="15" type="stmt"/>
          <line num="14" count="15" type="stmt"/>
          <line num="27" count="45" type="stmt"/>
          <line num="34" count="45" type="stmt"/>
        </file>
        <file name="HeaderWithCaret.styles.js" path="/Users/amitkumar/iTrueService/DevCode/iservice-app/app/components/BillUsage/BillUsage/BillUsageShared/HeaderWithCaret.styles.js">
          <metrics statements="0" coveredstatements="0" conditionals="0" coveredconditionals="0" methods="0" coveredmethods="0"/>
        </file>
        <file name="index.js" path="/Users/amitkumar/iTrueService/DevCode/iservice-app/app/components/BillUsage/BillUsage/BillUsageShared/index.js">
          <metrics statements="0" coveredstatements="0" conditionals="0" coveredconditionals="0" methods="0" coveredmethods="0"/>
        </file>
      </package>
      <package name="iservice-app.app.components.BillUsage.BillUsage.BillUsageShared.BillHistoryList">
        <metrics statements="11" coveredstatements="6" conditionals="8" coveredconditionals="4" methods="4" coveredmethods="1"/>
        <file name="BillHistoryList.component.js" path="/Users/amitkumar/iTrueService/DevCode/iservice-app/app/components/BillUsage/BillUsage/BillUsageShared/BillHistoryList/BillHistoryList.component.js">
          <metrics statements="10" coveredstatements="5" conditionals="8" coveredconditionals="4" methods="4" coveredmethods="1"/>
          <line num="12" count="0" type="stmt"/>
          <line num="15" count="1" type="stmt"/>
          <line num="16" count="1" type="stmt"/>
          <line num="17" count="1" type="stmt"/>
          <line num="23" count="0" type="stmt"/>
          <line num="24" count="0" type="stmt"/>
          <line num="25" count="0" type="stmt"/>
          <line num="26" count="0" type="stmt"/>
          <line num="49" count="47" type="stmt"/>
          <line num="58" count="47" type="stmt"/>
        </file>
        <file name="BillHistoryList.style.js" path="/Users/amitkumar/iTrueService/DevCode/iservice-app/app/components/BillUsage/BillUsage/BillUsageShared/BillHistoryList/BillHistoryList.style.js">
          <metrics statements="1" coveredstatements="1" conditionals="0" coveredconditionals="0" methods="0" coveredmethods="0"/>
          <line num="3" count="47" type="stmt"/>
        </file>
      </package>
      <package name="iservice-app.app.components.BillUsage.BillUsage.BillUsageShared.CurrentUsageCard">
        <metrics statements="5" coveredstatements="5" conditionals="6" coveredconditionals="4" methods="2" coveredmethods="2"/>
        <file name="CurrentUsageCard.component.js" path="/Users/amitkumar/iTrueService/DevCode/iservice-app/app/components/BillUsage/BillUsage/BillUsageShared/CurrentUsageCard/CurrentUsageCard.component.js">
          <metrics statements="5" coveredstatements="5" conditionals="6" coveredconditionals="4" methods="2" coveredmethods="2"/>
          <line num="9" count="48" type="stmt"/>
          <line num="10" count="5" type="stmt"/>
          <line num="13" count="8" type="stmt"/>
          <line num="28" count="48" type="stmt"/>
          <line num="34" count="48" type="stmt"/>
        </file>
        <file name="CurrentUsageCard.style.js" path="/Users/amitkumar/iTrueService/DevCode/iservice-app/app/components/BillUsage/BillUsage/BillUsageShared/CurrentUsageCard/CurrentUsageCard.style.js">
          <metrics statements="0" coveredstatements="0" conditionals="0" coveredconditionals="0" methods="0" coveredmethods="0"/>
        </file>
      </package>
      <package name="iservice-app.app.components.BillUsage.BillUsage.BillUsageShared.CurrentUsageTConv">
        <metrics statements="45" coveredstatements="22" conditionals="26" coveredconditionals="7" methods="6" coveredmethods="4"/>
        <file name="CurrentUsageTConv.component.js" path="/Users/amitkumar/iTrueService/DevCode/iservice-app/app/components/BillUsage/BillUsage/BillUsageShared/CurrentUsageTConv/CurrentUsageTConv.component.js">
          <metrics statements="20" coveredstatements="4" conditionals="12" coveredconditionals="0" methods="3" coveredmethods="1"/>
          <line num="15" count="0" type="stmt"/>
          <line num="18" count="2" type="stmt"/>
          <line num="19" count="2" type="stmt"/>
          <line num="22" count="0" type="stmt"/>
          <line num="23" count="0" type="stmt"/>
          <line num="24" count="0" type="stmt"/>
          <line num="25" count="0" type="stmt"/>
          <line num="26" count="0" type="cond" truecount="0" falsecount="4"/>
          <line num="27" count="0" type="stmt"/>
          <line num="28" count="0" type="stmt"/>
          <line num="29" count="0" type="stmt"/>
          <line num="30" count="0" type="cond" truecount="0" falsecount="4"/>
          <line num="31" count="0" type="stmt"/>
          <line num="32" count="0" type="stmt"/>
          <line num="33" count="0" type="stmt"/>
          <line num="34" count="0" type="cond" truecount="0" falsecount="4"/>
          <line num="35" count="0" type="stmt"/>
          <line num="37" count="0" type="stmt"/>
          <line num="51" count="47" type="stmt"/>
          <line num="58" count="47" type="stmt"/>
        </file>
        <file name="CurrentUsageTConv.style.js" path="/Users/amitkumar/iTrueService/DevCode/iservice-app/app/components/BillUsage/BillUsage/BillUsageShared/CurrentUsageTConv/CurrentUsageTConv.style.js">
          <metrics statements="0" coveredstatements="0" conditionals="0" coveredconditionals="0" methods="0" coveredmethods="0"/>
        </file>
        <file name="TConvProductBaseCard.component.js" path="/Users/amitkumar/iTrueService/DevCode/iservice-app/app/components/BillUsage/BillUsage/BillUsageShared/CurrentUsageTConv/TConvProductBaseCard.component.js">
          <metrics statements="25" coveredstatements="18" conditionals="14" coveredconditionals="7" methods="3" coveredmethods="3"/>
          <line num="13" count="48" type="stmt"/>
          <line num="14" count="1" type="stmt"/>
          <line num="31" count="1" type="cond" truecount="2" falsecount="0"/>
          <line num="34" count="48" type="stmt"/>
          <line num="35" count="1" type="stmt"/>
          <line num="36" count="1" type="stmt"/>
          <line num="38" count="1" type="cond" truecount="0" falsecount="3"/>
          <line num="40" count="0" type="stmt"/>
          <line num="41" count="0" type="stmt"/>
          <line num="43" count="0" type="stmt"/>
          <line num="44" count="0" type="stmt"/>
          <line num="45" count="0" type="stmt"/>
          <line num="47" count="0" type="stmt"/>
          <line num="48" count="0" type="stmt"/>
          <line num="51" count="1" type="stmt"/>
          <line num="57" count="48" type="stmt"/>
          <line num="66" count="1" type="stmt"/>
          <line num="67" count="1" type="stmt"/>
          <line num="68" count="1" type="stmt"/>
          <line num="69" count="1" type="stmt"/>
          <line num="70" count="1" type="stmt"/>
          <line num="71" count="1" type="cond" truecount="1" falsecount="1"/>
          <line num="72" count="1" type="stmt"/>
          <line num="91" count="48" type="stmt"/>
          <line num="97" count="48" type="stmt"/>
        </file>
        <file name="TConvProductBaseCard.style.js" path="/Users/amitkumar/iTrueService/DevCode/iservice-app/app/components/BillUsage/BillUsage/BillUsageShared/CurrentUsageTConv/TConvProductBaseCard.style.js">
          <metrics statements="0" coveredstatements="0" conditionals="0" coveredconditionals="0" methods="0" coveredmethods="0"/>
        </file>
      </package>
      <package name="iservice-app.app.components.BillUsage.BillUsage.BillUsageShared.CurrentUsageTM">
        <metrics statements="59" coveredstatements="48" conditionals="60" coveredconditionals="27" methods="6" coveredmethods="3"/>
        <file name="CurrentUsageTM.component.js" path="/Users/amitkumar/iTrueService/DevCode/iservice-app/app/components/BillUsage/BillUsage/BillUsageShared/CurrentUsageTM/CurrentUsageTM.component.js">
          <metrics statements="59" coveredstatements="48" conditionals="60" coveredconditionals="27" methods="6" coveredmethods="3"/>
          <line num="16" count="8" type="stmt"/>
          <line num="17" count="8" type="stmt"/>
          <line num="18" count="8" type="stmt"/>
          <line num="19" count="8" type="stmt"/>
          <line num="20" count="7" type="stmt"/>
          <line num="21" count="7" type="stmt"/>
          <line num="22" count="7" type="stmt"/>
          <line num="23" count="7" type="cond" truecount="1" falsecount="1"/>
          <line num="24" count="7" type="cond" truecount="2" falsecount="0"/>
          <line num="25" count="7" type="cond" truecount="2" falsecount="0"/>
          <line num="26" count="7" type="stmt"/>
          <line num="27" count="7" type="stmt"/>
          <line num="28" count="7" type="cond" truecount="4" falsecount="0"/>
          <line num="29" count="1" type="stmt"/>
          <line num="30" count="1" type="stmt"/>
          <line num="31" count="1" type="stmt"/>
          <line num="32" count="1" type="stmt"/>
          <line num="34" count="6" type="stmt"/>
          <line num="35" count="6" type="cond" truecount="1" falsecount="1"/>
          <line num="36" count="6" type="stmt"/>
          <line num="37" count="6" type="stmt"/>
          <line num="38" count="6" type="stmt"/>
          <line num="40" count="6" type="stmt"/>
          <line num="41" count="6" type="stmt"/>
          <line num="42" count="6" type="stmt"/>
          <line num="45" count="7" type="stmt"/>
          <line num="48" count="8" type="stmt"/>
          <line num="49" count="8" type="cond" truecount="4" falsecount="0"/>
          <line num="50" count="1" type="stmt"/>
          <line num="51" count="1" type="stmt"/>
          <line num="52" count="1" type="stmt"/>
          <line num="59" count="8" type="stmt"/>
          <line num="70" count="0" type="stmt"/>
          <line num="71" count="0" type="cond" truecount="0" falsecount="2"/>
          <line num="72" count="0" type="stmt"/>
          <line num="76" count="6" type="cond" truecount="2" falsecount="0"/>
          <line num="77" count="0" type="stmt"/>
          <line num="78" count="0" type="stmt"/>
          <line num="81" count="0" type="cond" truecount="0" falsecount="2"/>
          <line num="88" count="6" type="stmt"/>
          <line num="89" count="6" type="stmt"/>
          <line num="90" count="6" type="stmt"/>
          <line num="91" count="6" type="stmt"/>
          <line num="92" count="6" type="stmt"/>
          <line num="93" count="6" type="cond" truecount="2" falsecount="0"/>
          <line num="94" count="6" type="cond" truecount="3" falsecount="1"/>
          <line num="95" count="6" type="stmt"/>
          <line num="96" count="6" type="stmt"/>
          <line num="97" count="6" type="stmt"/>
          <line num="98" count="6" type="stmt"/>
          <line num="99" count="6" type="cond" truecount="2" falsecount="2"/>
          <line num="100" count="0" type="cond" truecount="0" falsecount="2"/>
          <line num="101" count="0" type="stmt"/>
          <line num="103" count="0" type="cond" truecount="0" falsecount="2"/>
          <line num="104" count="0" type="stmt"/>
          <line num="105" count="0" type="stmt"/>
          <line num="109" count="6" type="stmt"/>
          <line num="178" count="49" type="stmt"/>
          <line num="189" count="49" type="stmt"/>
        </file>
        <file name="CurrentUsageTM.style.js" path="/Users/amitkumar/iTrueService/DevCode/iservice-app/app/components/BillUsage/BillUsage/BillUsageShared/CurrentUsageTM/CurrentUsageTM.style.js">
          <metrics statements="0" coveredstatements="0" conditionals="0" coveredconditionals="0" methods="0" coveredmethods="0"/>
        </file>
      </package>
      <package name="iservice-app.app.components.BillUsage.BillUsage.BillUsageShared.HotExtraPackageCard">
        <metrics statements="9" coveredstatements="6" conditionals="5" coveredconditionals="1" methods="1" coveredmethods="1"/>
        <file name="HotExtraPackageCard.component.js" path="/Users/amitkumar/iTrueService/DevCode/iservice-app/app/components/BillUsage/BillUsage/BillUsageShared/HotExtraPackageCard/HotExtraPackageCard.component.js">
          <metrics statements="9" coveredstatements="6" conditionals="5" coveredconditionals="1" methods="1" coveredmethods="1"/>
          <line num="11" count="2" type="stmt"/>
          <line num="12" count="2" type="stmt"/>
          <line num="13" count="2" type="cond" truecount="0" falsecount="3"/>
          <line num="14" count="0" type="stmt"/>
          <line num="15" count="0" type="stmt"/>
          <line num="16" count="0" type="stmt"/>
          <line num="18" count="2" type="stmt"/>
          <line num="47" count="50" type="stmt"/>
          <line num="59" count="50" type="stmt"/>
        </file>
        <file name="HotExtraPackageCard.style.js" path="/Users/amitkumar/iTrueService/DevCode/iservice-app/app/components/BillUsage/BillUsage/BillUsageShared/HotExtraPackageCard/HotExtraPackageCard.style.js">
          <metrics statements="0" coveredstatements="0" conditionals="0" coveredconditionals="0" methods="0" coveredmethods="0"/>
        </file>
      </package>
      <package name="iservice-app.app.components.BillUsage.BillUsage.BillUsageShared.PackageDetailHeader">
        <metrics statements="6" coveredstatements="6" conditionals="18" coveredconditionals="16" methods="1" coveredmethods="1"/>
        <file name="PackageDetailHeader.component.js" path="/Users/amitkumar/iTrueService/DevCode/iservice-app/app/components/BillUsage/BillUsage/BillUsageShared/PackageDetailHeader/PackageDetailHeader.component.js">
          <metrics statements="5" coveredstatements="5" conditionals="18" coveredconditionals="16" methods="1" coveredmethods="1"/>
          <line num="11" count="14" type="cond" truecount="1" falsecount="1"/>
          <line num="12" count="14" type="stmt"/>
          <line num="13" count="14" type="stmt"/>
          <line num="32" count="43" type="stmt"/>
          <line num="41" count="43" type="stmt"/>
        </file>
        <file name="PackageDetailHeader.style.js" path="/Users/amitkumar/iTrueService/DevCode/iservice-app/app/components/BillUsage/BillUsage/BillUsageShared/PackageDetailHeader/PackageDetailHeader.style.js">
          <metrics statements="1" coveredstatements="1" conditionals="0" coveredconditionals="0" methods="0" coveredmethods="0"/>
          <line num="3" count="43" type="stmt"/>
        </file>
      </package>
      <package name="iservice-app.app.components.BillUsage.BillUsage.BillUsageShared.PackageOverview">
        <metrics statements="4" coveredstatements="4" conditionals="2" coveredconditionals="2" methods="1" coveredmethods="1"/>
        <file name="PackageOverview.component.js" path="/Users/amitkumar/iTrueService/DevCode/iservice-app/app/components/BillUsage/BillUsage/BillUsageShared/PackageOverview/PackageOverview.component.js">
          <metrics statements="4" coveredstatements="4" conditionals="2" coveredconditionals="2" methods="1" coveredmethods="1"/>
          <line num="9" count="12" type="stmt"/>
          <line num="10" count="12" type="stmt"/>
          <line num="19" count="43" type="stmt"/>
          <line num="23" count="43" type="stmt"/>
        </file>
        <file name="PackageOverview.style.js" path="/Users/amitkumar/iTrueService/DevCode/iservice-app/app/components/BillUsage/BillUsage/BillUsageShared/PackageOverview/PackageOverview.style.js">
          <metrics statements="0" coveredstatements="0" conditionals="0" coveredconditionals="0" methods="0" coveredmethods="0"/>
        </file>
      </package>
      <package name="iservice-app.app.components.BillUsage.BillUsage.BillUsageShared.ProductCardTitle">
        <metrics statements="5" coveredstatements="5" conditionals="4" coveredconditionals="4" methods="1" coveredmethods="1"/>
        <file name="ProductCardTitle.component.js" path="/Users/amitkumar/iTrueService/DevCode/iservice-app/app/components/BillUsage/BillUsage/BillUsageShared/ProductCardTitle/ProductCardTitle.component.js">
          <metrics statements="5" coveredstatements="5" conditionals="4" coveredconditionals="4" methods="1" coveredmethods="1"/>
          <line num="10" count="10" type="stmt"/>
          <line num="11" count="10" type="cond" truecount="2" falsecount="0"/>
          <line num="12" count="10" type="stmt"/>
          <line num="26" count="50" type="stmt"/>
          <line num="31" count="50" type="stmt"/>
        </file>
        <file name="ProductCardTitle.style.js" path="/Users/amitkumar/iTrueService/DevCode/iservice-app/app/components/BillUsage/BillUsage/BillUsageShared/ProductCardTitle/ProductCardTitle.style.js">
          <metrics statements="0" coveredstatements="0" conditionals="0" coveredconditionals="0" methods="0" coveredmethods="0"/>
        </file>
      </package>
      <package name="iservice-app.app.components.BillUsage.BillUsage.ProductCards">
        <metrics statements="0" coveredstatements="0" conditionals="0" coveredconditionals="0" methods="0" coveredmethods="0"/>
        <file name="index.js" path="/Users/amitkumar/iTrueService/DevCode/iservice-app/app/components/BillUsage/BillUsage/ProductCards/index.js">
          <metrics statements="0" coveredstatements="0" conditionals="0" coveredconditionals="0" methods="0" coveredmethods="0"/>
        </file>
      </package>
      <package name="iservice-app.app.components.BillUsage.BillUsage.ProductCards.BaseProductCard">
        <metrics statements="22" coveredstatements="17" conditionals="14" coveredconditionals="6" methods="4" coveredmethods="4"/>
        <file name="BaseProductCard.component.js" path="/Users/amitkumar/iTrueService/DevCode/iservice-app/app/components/BillUsage/BillUsage/ProductCards/BaseProductCard/BaseProductCard.component.js">
          <metrics statements="22" coveredstatements="17" conditionals="14" coveredconditionals="6" methods="4" coveredmethods="4"/>
          <line num="9" count="3" type="stmt"/>
          <line num="10" count="3" type="stmt"/>
          <line num="11" count="3" type="stmt"/>
          <line num="12" count="3" type="stmt"/>
          <line num="13" count="3" type="cond" truecount="1" falsecount="1"/>
          <line num="14" count="3" type="stmt"/>
          <line num="15" count="3" type="stmt"/>
          <line num="17" count="3" type="stmt"/>
          <line num="18" count="3" type="cond" truecount="2" falsecount="0"/>
          <line num="19" count="3" type="cond" truecount="1" falsecount="1"/>
          <line num="20" count="0" type="cond" truecount="0" falsecount="2"/>
          <line num="21" count="0" type="stmt"/>
          <line num="22" count="0" type="stmt"/>
          <line num="25" count="3" type="stmt"/>
          <line num="26" count="3" type="stmt"/>
          <line num="27" count="3" type="cond" truecount="1" falsecount="1"/>
          <line num="28" count="3" type="cond" truecount="1" falsecount="1"/>
          <line num="29" count="3" type="stmt"/>
          <line num="31" count="0" type="cond" truecount="0" falsecount="2"/>
          <line num="32" count="0" type="stmt"/>
          <line num="37" count="46" type="stmt"/>
          <line num="42" count="46" type="stmt"/>
        </file>
      </package>
      <package name="iservice-app.app.components.BillUsage.BillUsage.ProductCards.BaseProductCollapsibleBar">
        <metrics statements="39" coveredstatements="33" conditionals="39" coveredconditionals="24" methods="4" coveredmethods="4"/>
        <file name="BaseProductCollapsibleBar.component.js" path="/Users/amitkumar/iTrueService/DevCode/iservice-app/app/components/BillUsage/BillUsage/ProductCards/BaseProductCollapsibleBar/BaseProductCollapsibleBar.component.js">
          <metrics statements="31" coveredstatements="25" conditionals="35" coveredconditionals="22" methods="3" coveredmethods="3"/>
          <line num="17" count="11" type="stmt"/>
          <line num="44" count="11" type="cond" truecount="1" falsecount="1"/>
          <line num="48" count="11" type="stmt"/>
          <line num="49" count="11" type="stmt"/>
          <line num="50" count="11" type="stmt"/>
          <line num="52" count="11" type="cond" truecount="1" falsecount="2"/>
          <line num="54" count="8" type="stmt"/>
          <line num="55" count="8" type="cond" truecount="2" falsecount="0"/>
          <line num="56" count="8" type="stmt"/>
          <line num="58" count="0" type="cond" truecount="0" falsecount="2"/>
          <line num="59" count="0" type="cond" truecount="0" falsecount="2"/>
          <line num="60" count="0" type="cond" truecount="0" falsecount="2"/>
          <line num="61" count="0" type="stmt"/>
          <line num="63" count="0" type="stmt"/>
          <line num="64" count="0" type="stmt"/>
          <line num="67" count="11" type="stmt"/>
          <line num="75" count="11" type="stmt"/>
          <line num="76" count="11" type="stmt"/>
          <line num="77" count="11" type="stmt"/>
          <line num="78" count="11" type="stmt"/>
          <line num="79" count="11" type="cond" truecount="2" falsecount="0"/>
          <line num="80" count="11" type="cond" truecount="1" falsecount="1"/>
          <line num="81" count="11" type="cond" truecount="1" falsecount="1"/>
          <line num="82" count="11" type="cond" truecount="2" falsecount="0"/>
          <line num="83" count="11" type="cond" truecount="2" falsecount="0"/>
          <line num="84" count="11" type="cond" truecount="1" falsecount="1"/>
          <line num="85" count="11" type="cond" truecount="2" falsecount="0"/>
          <line num="86" count="11" type="cond" truecount="2" falsecount="0"/>
          <line num="88" count="11" type="stmt"/>
          <line num="125" count="48" type="stmt"/>
          <line num="139" count="48" type="stmt"/>
        </file>
        <file name="BaseProductCollapsibleBar.style.js" path="/Users/amitkumar/iTrueService/DevCode/iservice-app/app/components/BillUsage/BillUsage/ProductCards/BaseProductCollapsibleBar/BaseProductCollapsibleBar.style.js">
          <metrics statements="1" coveredstatements="1" conditionals="0" coveredconditionals="0" methods="0" coveredmethods="0"/>
          <line num="4" count="48" type="stmt"/>
        </file>
        <file name="CircularAccordianButton.component.js" path="/Users/amitkumar/iTrueService/DevCode/iservice-app/app/components/BillUsage/BillUsage/ProductCards/BaseProductCollapsibleBar/CircularAccordianButton.component.js">
          <metrics statements="7" coveredstatements="7" conditionals="4" coveredconditionals="2" methods="1" coveredmethods="1"/>
          <line num="9" count="49" type="stmt"/>
          <line num="13" count="10" type="stmt"/>
          <line num="14" count="10" type="cond" truecount="1" falsecount="1"/>
          <line num="15" count="10" type="cond" truecount="1" falsecount="1"/>
          <line num="16" count="10" type="stmt"/>
          <line num="24" count="49" type="stmt"/>
          <line num="29" count="49" type="stmt"/>
        </file>
        <file name="CircularAccordianButton.style.js" path="/Users/amitkumar/iTrueService/DevCode/iservice-app/app/components/BillUsage/BillUsage/ProductCards/BaseProductCollapsibleBar/CircularAccordianButton.style.js">
          <metrics statements="0" coveredstatements="0" conditionals="0" coveredconditionals="0" methods="0" coveredmethods="0"/>
        </file>
      </package>
      <package name="iservice-app.app.components.BillUsage.BillUsage.ProductCards.TConvergenceCard">
        <metrics statements="13" coveredstatements="6" conditionals="12" coveredconditionals="3" methods="4" coveredmethods="1"/>
        <file name="TConvergenceCard.component.js" path="/Users/amitkumar/iTrueService/DevCode/iservice-app/app/components/BillUsage/BillUsage/ProductCards/TConvergenceCard/TConvergenceCard.component.js">
          <metrics statements="13" coveredstatements="6" conditionals="12" coveredconditionals="3" methods="4" coveredmethods="1"/>
          <line num="22" count="0" type="cond" truecount="0" falsecount="4"/>
          <line num="23" count="0" type="stmt"/>
          <line num="25" count="0" type="stmt"/>
          <line num="29" count="0" type="stmt"/>
          <line num="30" count="0" type="cond" truecount="0" falsecount="4"/>
          <line num="31" count="0" type="stmt"/>
          <line num="36" count="0" type="stmt"/>
          <line num="40" count="2" type="stmt"/>
          <line num="41" count="2" type="stmt"/>
          <line num="42" count="2" type="stmt"/>
          <line num="43" count="2" type="stmt"/>
          <line num="59" count="43" type="stmt"/>
          <line num="76" count="43" type="stmt"/>
        </file>
        <file name="TConvergenceCard.style.js" path="/Users/amitkumar/iTrueService/DevCode/iservice-app/app/components/BillUsage/BillUsage/ProductCards/TConvergenceCard/TConvergenceCard.style.js">
          <metrics statements="0" coveredstatements="0" conditionals="0" coveredconditionals="0" methods="0" coveredmethods="0"/>
        </file>
      </package>
      <package name="iservice-app.app.components.BillUsage.BillUsage.ProductCards.TMPostpaidProductCard">
        <metrics statements="21" coveredstatements="11" conditionals="32" coveredconditionals="13" methods="6" coveredmethods="2"/>
        <file name="TMPostpaidProductCard.component.js" path="/Users/amitkumar/iTrueService/DevCode/iservice-app/app/components/BillUsage/BillUsage/ProductCards/TMPostpaidProductCard/TMPostpaidProductCard.component.js">
          <metrics statements="21" coveredstatements="11" conditionals="32" coveredconditionals="13" methods="6" coveredmethods="2"/>
          <line num="20" count="4" type="stmt"/>
          <line num="21" count="4" type="cond" truecount="3" falsecount="1"/>
          <line num="22" count="0" type="stmt"/>
          <line num="26" count="0" type="cond" truecount="0" falsecount="4"/>
          <line num="27" count="0" type="cond" truecount="0" falsecount="2"/>
          <line num="28" count="0" type="stmt"/>
          <line num="30" count="0" type="stmt"/>
          <line num="35" count="0" type="cond" truecount="0" falsecount="4"/>
          <line num="36" count="0" type="stmt"/>
          <line num="38" count="0" type="cond" truecount="0" falsecount="4"/>
          <line num="39" count="0" type="stmt"/>
          <line num="41" count="0" type="stmt"/>
          <line num="51" count="5" type="stmt"/>
          <line num="52" count="5" type="stmt"/>
          <line num="53" count="5" type="stmt"/>
          <line num="54" count="5" type="stmt"/>
          <line num="55" count="5" type="stmt"/>
          <line num="56" count="5" type="cond" truecount="1" falsecount="1"/>
          <line num="57" count="5" type="stmt"/>
          <line num="89" count="43" type="stmt"/>
          <line num="110" count="43" type="stmt"/>
        </file>
        <file name="TMPostpaidProductCard.style.js" path="/Users/amitkumar/iTrueService/DevCode/iservice-app/app/components/BillUsage/BillUsage/ProductCards/TMPostpaidProductCard/TMPostpaidProductCard.style.js">
          <metrics statements="0" coveredstatements="0" conditionals="0" coveredconditionals="0" methods="0" coveredmethods="0"/>
        </file>
      </package>
      <package name="iservice-app.app.components.BillUsage.BillUsage.ProductCards.TMPrepaidProductCard">
        <metrics statements="19" coveredstatements="16" conditionals="20" coveredconditionals="8" methods="4" coveredmethods="2"/>
        <file name="TMPrepaidProductCard.component.js" path="/Users/amitkumar/iTrueService/DevCode/iservice-app/app/components/BillUsage/BillUsage/ProductCards/TMPrepaidProductCard/TMPrepaidProductCard.component.js">
          <metrics statements="19" coveredstatements="16" conditionals="20" coveredconditionals="8" methods="4" coveredmethods="2"/>
          <line num="17" count="2" type="stmt"/>
          <line num="18" count="0" type="stmt"/>
          <line num="21" count="0" type="cond" truecount="0" falsecount="4"/>
          <line num="22" count="0" type="stmt"/>
          <line num="26" count="2" type="stmt"/>
          <line num="27" count="2" type="stmt"/>
          <line num="28" count="2" type="stmt"/>
          <line num="29" count="2" type="stmt"/>
          <line num="30" count="2" type="cond" truecount="1" falsecount="1"/>
          <line num="31" count="2" type="stmt"/>
          <line num="32" count="2" type="cond" truecount="1" falsecount="1"/>
          <line num="33" count="2" type="cond" truecount="1" falsecount="1"/>
          <line num="34" count="2" type="stmt"/>
          <line num="35" count="2" type="cond" truecount="1" falsecount="1"/>
          <line num="36" count="2" type="cond" truecount="1" falsecount="1"/>
          <line num="37" count="2" type="cond" truecount="1" falsecount="1"/>
          <line num="38" count="2" type="stmt"/>
          <line num="63" count="43" type="stmt"/>
          <line num="78" count="43" type="stmt"/>
        </file>
        <file name="TMPrepaidProductCard.style.js" path="/Users/amitkumar/iTrueService/DevCode/iservice-app/app/components/BillUsage/BillUsage/ProductCards/TMPrepaidProductCard/TMPrepaidProductCard.style.js">
          <metrics statements="0" coveredstatements="0" conditionals="0" coveredconditionals="0" methods="0" coveredmethods="0"/>
        </file>
      </package>
      <package name="iservice-app.app.components.BillUsage.BillUsage.ProductCards.TOnlineProductCard">
        <metrics statements="15" coveredstatements="9" conditionals="18" coveredconditionals="8" methods="4" coveredmethods="1"/>
        <file name="TOnlineProductCard.component.js" path="/Users/amitkumar/iTrueService/DevCode/iservice-app/app/components/BillUsage/BillUsage/ProductCards/TOnlineProductCard/TOnlineProductCard.component.js">
          <metrics statements="15" coveredstatements="9" conditionals="18" coveredconditionals="8" methods="4" coveredmethods="1"/>
          <line num="21" count="0" type="cond" truecount="0" falsecount="4"/>
          <line num="22" count="0" type="stmt"/>
          <line num="24" count="0" type="cond" truecount="0" falsecount="4"/>
          <line num="25" count="0" type="stmt"/>
          <line num="27" count="0" type="stmt"/>
          <line num="35" count="0" type="stmt"/>
          <line num="39" count="5" type="stmt"/>
          <line num="40" count="5" type="stmt"/>
          <line num="41" count="5" type="stmt"/>
          <line num="42" count="5" type="stmt"/>
          <line num="43" count="5" type="stmt"/>
          <line num="44" count="5" type="stmt"/>
          <line num="45" count="5" type="stmt"/>
          <line num="63" count="43" type="stmt"/>
          <line num="84" count="43" type="stmt"/>
        </file>
        <file name="TOnlineProductCard.style.js" path="/Users/amitkumar/iTrueService/DevCode/iservice-app/app/components/BillUsage/BillUsage/ProductCards/TOnlineProductCard/TOnlineProductCard.style.js">
          <metrics statements="0" coveredstatements="0" conditionals="0" coveredconditionals="0" methods="0" coveredmethods="0"/>
        </file>
      </package>
      <package name="iservice-app.app.components.BillUsage.BillUsage.ProductCards.TVisionProductCard">
        <metrics statements="15" coveredstatements="9" conditionals="18" coveredconditionals="8" methods="4" coveredmethods="1"/>
        <file name="TVisionProductCard.component.js" path="/Users/amitkumar/iTrueService/DevCode/iservice-app/app/components/BillUsage/BillUsage/ProductCards/TVisionProductCard/TVisionProductCard.component.js">
          <metrics statements="15" coveredstatements="9" conditionals="18" coveredconditionals="8" methods="4" coveredmethods="1"/>
          <line num="23" count="0" type="cond" truecount="0" falsecount="4"/>
          <line num="24" count="0" type="stmt"/>
          <line num="26" count="0" type="cond" truecount="0" falsecount="4"/>
          <line num="27" count="0" type="stmt"/>
          <line num="29" count="0" type="stmt"/>
          <line num="33" count="0" type="stmt"/>
          <line num="41" count="5" type="stmt"/>
          <line num="42" count="5" type="stmt"/>
          <line num="43" count="5" type="stmt"/>
          <line num="45" count="5" type="stmt"/>
          <line num="46" count="5" type="stmt"/>
          <line num="47" count="5" type="stmt"/>
          <line num="48" count="5" type="stmt"/>
          <line num="64" count="43" type="stmt"/>
          <line num="85" count="43" type="stmt"/>
        </file>
        <file name="TVisionProductCard.style.js" path="/Users/amitkumar/iTrueService/DevCode/iservice-app/app/components/BillUsage/BillUsage/ProductCards/TVisionProductCard/TVisionProductCard.style.js">
          <metrics statements="0" coveredstatements="0" conditionals="0" coveredconditionals="0" methods="0" coveredmethods="0"/>
        </file>
      </package>
      <package name="iservice-app.app.components.BillUsage.BillUsage.TopLevelCards.BillSummaryWrapper">
        <metrics statements="80" coveredstatements="54" conditionals="39" coveredconditionals="7" methods="30" coveredmethods="9"/>
        <file name="BillSummaryWrapper.component.js" path="/Users/amitkumar/iTrueService/DevCode/iservice-app/app/components/BillUsage/BillUsage/TopLevelCards/BillSummaryWrapper/BillSummaryWrapper.component.js">
          <metrics statements="80" coveredstatements="54" conditionals="39" coveredconditionals="7" methods="30" coveredmethods="9"/>
          <line num="15" count="4" type="stmt"/>
          <line num="16" count="12" type="cond" truecount="2" falsecount="0"/>
          <line num="17" count="4" type="stmt"/>
          <line num="20" count="1" type="stmt"/>
          <line num="21" count="1" type="stmt"/>
          <line num="22" count="1" type="stmt"/>
          <line num="23" count="3" type="stmt"/>
          <line num="24" count="3" type="stmt"/>
          <line num="25" count="3" type="cond" truecount="4" falsecount="0"/>
          <line num="26" count="2" type="stmt"/>
          <line num="27" count="2" type="cond" truecount="1" falsecount="1"/>
          <line num="28" count="2" type="stmt"/>
          <line num="30" count="3" type="stmt"/>
          <line num="32" count="3" type="stmt"/>
          <line num="34" count="1" type="stmt"/>
          <line num="35" count="1" type="stmt"/>
          <line num="39" count="3" type="stmt"/>
          <line num="40" count="3" type="stmt"/>
          <line num="41" count="3" type="stmt"/>
          <line num="42" count="0" type="stmt"/>
          <line num="43" count="0" type="stmt"/>
          <line num="44" count="0" type="stmt"/>
          <line num="45" count="0" type="cond" truecount="0" falsecount="2"/>
          <line num="46" count="0" type="stmt"/>
          <line num="48" count="0" type="stmt"/>
          <line num="50" count="0" type="stmt"/>
          <line num="51" count="0" type="stmt"/>
          <line num="52" count="0" type="stmt"/>
          <line num="53" count="0" type="stmt"/>
          <line num="54" count="0" type="stmt"/>
          <line num="59" count="3" type="stmt"/>
          <line num="60" count="3" type="stmt"/>
          <line num="61" count="3" type="stmt"/>
          <line num="62" count="3" type="stmt"/>
          <line num="63" count="3" type="stmt"/>
          <line num="64" count="3" type="stmt"/>
          <line num="65" count="3" type="stmt"/>
          <line num="66" count="3" type="stmt"/>
          <line num="67" count="0" type="cond" truecount="0" falsecount="5"/>
          <line num="68" count="0" type="stmt"/>
          <line num="70" count="0" type="cond" truecount="0" falsecount="2"/>
          <line num="71" count="0" type="stmt"/>
          <line num="74" count="3" type="stmt"/>
          <line num="75" count="0" type="cond" truecount="0" falsecount="4"/>
          <line num="78" count="3" type="stmt"/>
          <line num="79" count="3" type="stmt"/>
          <line num="84" count="3" type="stmt"/>
          <line num="85" count="3" type="stmt"/>
          <line num="86" count="3" type="stmt"/>
          <line num="87" count="3" type="stmt"/>
          <line num="88" count="3" type="stmt"/>
          <line num="89" count="3" type="stmt"/>
          <line num="90" count="3" type="stmt"/>
          <line num="91" count="3" type="stmt"/>
          <line num="92" count="0" type="cond" truecount="0" falsecount="5"/>
          <line num="93" count="0" type="stmt"/>
          <line num="95" count="0" type="stmt"/>
          <line num="96" count="0" type="stmt"/>
          <line num="99" count="3" type="stmt"/>
          <line num="100" count="0" type="cond" truecount="0" falsecount="4"/>
          <line num="103" count="3" type="stmt"/>
          <line num="111" count="3" type="stmt"/>
          <line num="112" count="3" type="stmt"/>
          <line num="113" count="3" type="stmt"/>
          <line num="114" count="3" type="stmt"/>
          <line num="115" count="3" type="stmt"/>
          <line num="116" count="3" type="stmt"/>
          <line num="117" count="3" type="stmt"/>
          <line num="118" count="3" type="stmt"/>
          <line num="119" count="0" type="cond" truecount="0" falsecount="5"/>
          <line num="120" count="0" type="stmt"/>
          <line num="122" count="0" type="stmt"/>
          <line num="123" count="0" type="stmt"/>
          <line num="126" count="3" type="stmt"/>
          <line num="127" count="0" type="cond" truecount="0" falsecount="4"/>
          <line num="130" count="3" type="stmt"/>
          <line num="136" count="3" type="stmt"/>
          <line num="137" count="3" type="stmt"/>
          <line num="154" count="40" type="stmt"/>
          <line num="172" count="40" type="stmt"/>
        </file>
        <file name="BillSummaryWrapper.style.js" path="/Users/amitkumar/iTrueService/DevCode/iservice-app/app/components/BillUsage/BillUsage/TopLevelCards/BillSummaryWrapper/BillSummaryWrapper.style.js">
          <metrics statements="0" coveredstatements="0" conditionals="0" coveredconditionals="0" methods="0" coveredmethods="0"/>
        </file>
      </package>
      <package name="iservice-app.app.components.BillUsage.BillUsage.TopLevelCards.PrepaidWrapper">
        <metrics statements="27" coveredstatements="13" conditionals="8" coveredconditionals="1" methods="8" coveredmethods="4"/>
        <file name="PrepaidWrapper.component.js" path="/Users/amitkumar/iTrueService/DevCode/iservice-app/app/components/BillUsage/BillUsage/TopLevelCards/PrepaidWrapper/PrepaidWrapper.component.js">
          <metrics statements="27" coveredstatements="13" conditionals="8" coveredconditionals="1" methods="8" coveredmethods="4"/>
          <line num="21" count="1" type="stmt"/>
          <line num="22" count="1" type="stmt"/>
          <line num="29" count="1" type="cond" truecount="1" falsecount="1"/>
          <line num="30" count="1" type="stmt"/>
          <line num="32" count="0" type="stmt"/>
          <line num="34" count="1" type="stmt"/>
          <line num="40" count="0" type="stmt"/>
          <line num="41" count="0" type="stmt"/>
          <line num="42" count="0" type="stmt"/>
          <line num="47" count="0" type="cond" truecount="0" falsecount="2"/>
          <line num="48" count="0" type="stmt"/>
          <line num="50" count="0" type="stmt"/>
          <line num="56" count="7" type="stmt"/>
          <line num="57" count="7" type="stmt"/>
          <line num="58" count="7" type="stmt"/>
          <line num="59" count="7" type="stmt"/>
          <line num="61" count="7" type="stmt"/>
          <line num="62" count="0" type="stmt"/>
          <line num="63" count="0" type="stmt"/>
          <line num="64" count="0" type="stmt"/>
          <line num="65" count="0" type="stmt"/>
          <line num="66" count="0" type="cond" truecount="0" falsecount="4"/>
          <line num="69" count="0" type="stmt"/>
          <line num="71" count="0" type="stmt"/>
          <line num="76" count="7" type="stmt"/>
          <line num="88" count="40" type="stmt"/>
          <line num="100" count="40" type="stmt"/>
        </file>
        <file name="PrepaidWrapper.style.js" path="/Users/amitkumar/iTrueService/DevCode/iservice-app/app/components/BillUsage/BillUsage/TopLevelCards/PrepaidWrapper/PrepaidWrapper.style.js">
          <metrics statements="0" coveredstatements="0" conditionals="0" coveredconditionals="0" methods="0" coveredmethods="0"/>
        </file>
      </package>
      <package name="iservice-app.app.components.BillUsage.OTPPrompt">
        <metrics statements="23" coveredstatements="13" conditionals="8" coveredconditionals="3" methods="10" coveredmethods="4"/>
        <file name="OTPPrompt.component.js" path="/Users/amitkumar/iTrueService/DevCode/iservice-app/app/components/BillUsage/OTPPrompt/OTPPrompt.component.js">
          <metrics statements="7" coveredstatements="7" conditionals="2" coveredconditionals="1" methods="3" coveredmethods="1"/>
          <line num="13" count="1" type="stmt"/>
          <line num="14" count="1" type="stmt"/>
          <line num="15" count="1" type="stmt"/>
          <line num="16" count="1" type="stmt"/>
          <line num="17" count="1" type="stmt"/>
          <line num="40" count="40" type="stmt"/>
          <line num="49" count="40" type="stmt"/>
        </file>
        <file name="OTPPrompt.style.js" path="/Users/amitkumar/iTrueService/DevCode/iservice-app/app/components/BillUsage/OTPPrompt/OTPPrompt.style.js">
          <metrics statements="0" coveredstatements="0" conditionals="0" coveredconditionals="0" methods="0" coveredmethods="0"/>
        </file>
        <file name="ResendOTPCounter.component.js" path="/Users/amitkumar/iTrueService/DevCode/iservice-app/app/components/BillUsage/OTPPrompt/ResendOTPCounter.component.js">
          <metrics statements="16" coveredstatements="6" conditionals="6" coveredconditionals="2" methods="7" coveredmethods="3"/>
          <line num="14" count="0" type="cond" truecount="0" falsecount="2"/>
          <line num="15" count="0" type="stmt"/>
          <line num="16" count="0" type="stmt"/>
          <line num="17" count="0" type="stmt"/>
          <line num="22" count="0" type="stmt"/>
          <line num="23" count="0" type="cond" truecount="0" falsecount="2"/>
          <line num="24" count="0" type="stmt"/>
          <line num="28" count="0" type="stmt"/>
          <line num="33" count="2" type="stmt"/>
          <line num="34" count="2" type="stmt"/>
          <line num="35" count="0" type="stmt"/>
          <line num="40" count="2" type="stmt"/>
          <line num="44" count="0" type="stmt"/>
          <line num="48" count="2" type="stmt"/>
          <line num="56" count="41" type="stmt"/>
          <line num="61" count="41" type="stmt"/>
        </file>
      </package>
      <package name="iservice-app.app.components.BillUsage.TConvergencePackageDetails">
        <metrics statements="4" coveredstatements="4" conditionals="0" coveredconditionals="0" methods="1" coveredmethods="1"/>
        <file name="TConvergencePackageDetails.component.js" path="/Users/amitkumar/iTrueService/DevCode/iservice-app/app/components/BillUsage/TConvergencePackageDetails/TConvergencePackageDetails.component.js">
          <metrics statements="4" coveredstatements="4" conditionals="0" coveredconditionals="0" methods="1" coveredmethods="1"/>
          <line num="17" count="1" type="stmt"/>
          <line num="18" count="1" type="stmt"/>
          <line num="37" count="38" type="stmt"/>
          <line num="41" count="38" type="stmt"/>
        </file>
        <file name="TConvergencePackageDetails.styles.js" path="/Users/amitkumar/iTrueService/DevCode/iservice-app/app/components/BillUsage/TConvergencePackageDetails/TConvergencePackageDetails.styles.js">
          <metrics statements="0" coveredstatements="0" conditionals="0" coveredconditionals="0" methods="0" coveredmethods="0"/>
        </file>
      </package>
      <package name="iservice-app.app.components.BillUsage.TMPackageDetailsExtra">
        <metrics statements="46" coveredstatements="24" conditionals="49" coveredconditionals="11" methods="12" coveredmethods="3"/>
        <file name="TMExtraPackage.component.js" path="/Users/amitkumar/iTrueService/DevCode/iservice-app/app/components/BillUsage/TMPackageDetailsExtra/TMExtraPackage.component.js">
          <metrics statements="30" coveredstatements="11" conditionals="35" coveredconditionals="0" methods="8" coveredmethods="1"/>
          <line num="18" count="1" type="stmt"/>
          <line num="19" count="1" type="stmt"/>
          <line num="20" count="1" type="stmt"/>
          <line num="21" count="1" type="stmt"/>
          <line num="22" count="0" type="stmt"/>
          <line num="23" count="0" type="stmt"/>
          <line num="24" count="0" type="stmt"/>
          <line num="25" count="0" type="stmt"/>
          <line num="26" count="0" type="stmt"/>
          <line num="27" count="0" type="cond" truecount="0" falsecount="2"/>
          <line num="29" count="0" type="cond" truecount="0" falsecount="2"/>
          <line num="30" count="0" type="cond" truecount="0" falsecount="2"/>
          <line num="31" count="0" type="cond" truecount="0" falsecount="4"/>
          <line num="32" count="0" type="stmt"/>
          <line num="33" count="0" type="stmt"/>
          <line num="34" count="0" type="stmt"/>
          <line num="36" count="0" type="cond" truecount="0" falsecount="4"/>
          <line num="37" count="0" type="cond" truecount="0" falsecount="2"/>
          <line num="38" count="0" type="cond" truecount="0" falsecount="2"/>
          <line num="39" count="0" type="cond" truecount="0" falsecount="2"/>
          <line num="40" count="0" type="stmt"/>
          <line num="41" count="0" type="stmt"/>
          <line num="44" count="0" type="stmt"/>
          <line num="71" count="1" type="stmt"/>
          <line num="72" count="1" type="stmt"/>
          <line num="73" count="1" type="stmt"/>
          <line num="74" count="1" type="stmt"/>
          <line num="75" count="1" type="stmt"/>
          <line num="100" count="40" type="stmt"/>
          <line num="106" count="40" type="stmt"/>
        </file>
        <file name="TMExtraPackage.style.js" path="/Users/amitkumar/iTrueService/DevCode/iservice-app/app/components/BillUsage/TMPackageDetailsExtra/TMExtraPackage.style.js">
          <metrics statements="0" coveredstatements="0" conditionals="0" coveredconditionals="0" methods="0" coveredmethods="0"/>
        </file>
        <file name="TMPackageDetails.component.js" path="/Users/amitkumar/iTrueService/DevCode/iservice-app/app/components/BillUsage/TMPackageDetailsExtra/TMPackageDetails.component.js">
          <metrics statements="8" coveredstatements="6" conditionals="8" coveredconditionals="6" methods="2" coveredmethods="1"/>
          <line num="16" count="3" type="stmt"/>
          <line num="17" count="3" type="stmt"/>
          <line num="18" count="0" type="stmt"/>
          <line num="19" count="0" type="stmt"/>
          <line num="23" count="3" type="stmt"/>
          <line num="36" count="3" type="stmt"/>
          <line num="50" count="40" type="stmt"/>
          <line num="61" count="40" type="stmt"/>
        </file>
        <file name="TMPackageDetails.style.js" path="/Users/amitkumar/iTrueService/DevCode/iservice-app/app/components/BillUsage/TMPackageDetailsExtra/TMPackageDetails.style.js">
          <metrics statements="0" coveredstatements="0" conditionals="0" coveredconditionals="0" methods="0" coveredmethods="0"/>
        </file>
        <file name="TMPackageDetailsExtra.component.js" path="/Users/amitkumar/iTrueService/DevCode/iservice-app/app/components/BillUsage/TMPackageDetailsExtra/TMPackageDetailsExtra.component.js">
          <metrics statements="8" coveredstatements="7" conditionals="6" coveredconditionals="5" methods="2" coveredmethods="1"/>
          <line num="18" count="0" type="stmt"/>
          <line num="21" count="2" type="stmt"/>
          <line num="22" count="2" type="stmt"/>
          <line num="23" count="2" type="stmt"/>
          <line num="28" count="2" type="stmt"/>
          <line num="34" count="2" type="stmt"/>
          <line num="47" count="39" type="stmt"/>
          <line num="59" count="39" type="stmt"/>
        </file>
        <file name="TMPackageDetailsExtra.style.js" path="/Users/amitkumar/iTrueService/DevCode/iservice-app/app/components/BillUsage/TMPackageDetailsExtra/TMPackageDetailsExtra.style.js">
          <metrics statements="0" coveredstatements="0" conditionals="0" coveredconditionals="0" methods="0" coveredmethods="0"/>
        </file>
      </package>
      <package name="iservice-app.app.components.BillUsage.TOLPackageDetails">
        <metrics statements="6" coveredstatements="6" conditionals="0" coveredconditionals="0" methods="1" coveredmethods="1"/>
        <file name="TOLPackageDetails.component.js" path="/Users/amitkumar/iTrueService/DevCode/iservice-app/app/components/BillUsage/TOLPackageDetails/TOLPackageDetails.component.js">
          <metrics statements="6" coveredstatements="6" conditionals="0" coveredconditionals="0" methods="1" coveredmethods="1"/>
          <line num="15" count="3" type="stmt"/>
          <line num="16" count="3" type="stmt"/>
          <line num="17" count="3" type="stmt"/>
          <line num="18" count="3" type="stmt"/>
          <line num="32" count="39" type="stmt"/>
          <line num="37" count="39" type="stmt"/>
        </file>
      </package>
      <package name="iservice-app.app.components.BillUsage.TVPackageDetails">
        <metrics statements="5" coveredstatements="5" conditionals="0" coveredconditionals="0" methods="1" coveredmethods="1"/>
        <file name="TVPackageDetails.component.js" path="/Users/amitkumar/iTrueService/DevCode/iservice-app/app/components/BillUsage/TVPackageDetails/TVPackageDetails.component.js">
          <metrics statements="5" coveredstatements="5" conditionals="0" coveredconditionals="0" methods="1" coveredmethods="1"/>
          <line num="16" count="4" type="stmt"/>
          <line num="17" count="4" type="stmt"/>
          <line num="18" count="4" type="stmt"/>
          <line num="33" count="39" type="stmt"/>
          <line num="40" count="39" type="stmt"/>
        </file>
      </package>
      <package name="iservice-app.app.components.BillUsage.TrueOnline">
        <metrics statements="0" coveredstatements="0" conditionals="0" coveredconditionals="0" methods="0" coveredmethods="0"/>
        <file name="TOLPackageDetails.style.js" path="/Users/amitkumar/iTrueService/DevCode/iservice-app/app/components/BillUsage/TrueOnline/TOLPackageDetails.style.js">
          <metrics statements="0" coveredstatements="0" conditionals="0" coveredconditionals="0" methods="0" coveredmethods="0"/>
        </file>
      </package>
      <package name="iservice-app.app.components.BillUsage.TrueVision">
        <metrics statements="0" coveredstatements="0" conditionals="0" coveredconditionals="0" methods="0" coveredmethods="0"/>
        <file name="TVPackageDetails.style.js" path="/Users/amitkumar/iTrueService/DevCode/iservice-app/app/components/BillUsage/TrueVision/TVPackageDetails.style.js">
          <metrics statements="0" coveredstatements="0" conditionals="0" coveredconditionals="0" methods="0" coveredmethods="0"/>
        </file>
      </package>
      <package name="iservice-app.app.components.BillingMethods.BillingMethods">
        <metrics statements="15" coveredstatements="13" conditionals="6" coveredconditionals="5" methods="10" coveredmethods="8"/>
        <file name="BillingMethods.component.js" path="/Users/amitkumar/iTrueService/DevCode/iservice-app/app/components/BillingMethods/BillingMethods/BillingMethods.component.js">
          <metrics statements="15" coveredstatements="13" conditionals="6" coveredconditionals="5" methods="10" coveredmethods="8"/>
          <line num="18" count="1" type="stmt"/>
          <line num="24" count="1" type="stmt"/>
          <line num="31" count="1" type="stmt"/>
          <line num="32" count="0" type="stmt"/>
          <line num="35" count="1" type="stmt"/>
          <line num="36" count="0" type="stmt"/>
          <line num="39" count="1" type="stmt"/>
          <line num="47" count="1" type="stmt"/>
          <line num="55" count="1" type="stmt"/>
          <line num="56" count="1" type="cond" truecount="1" falsecount="1"/>
          <line num="57" count="1" type="stmt"/>
          <line num="64" count="1" type="stmt"/>
          <line num="65" count="1" type="stmt"/>
          <line num="76" count="39" type="stmt"/>
          <line num="80" count="39" type="stmt"/>
        </file>
        <file name="BillingMethods.style.js" path="/Users/amitkumar/iTrueService/DevCode/iservice-app/app/components/BillingMethods/BillingMethods/BillingMethods.style.js">
          <metrics statements="0" coveredstatements="0" conditionals="0" coveredconditionals="0" methods="0" coveredmethods="0"/>
        </file>
      </package>
      <package name="iservice-app.app.components.BillingMethods.EBillAdd">
        <metrics statements="50" coveredstatements="16" conditionals="26" coveredconditionals="2" methods="14" coveredmethods="9"/>
        <file name="EBillAdd.component.js" path="/Users/amitkumar/iTrueService/DevCode/iservice-app/app/components/BillingMethods/EBillAdd/EBillAdd.component.js">
          <metrics statements="50" coveredstatements="16" conditionals="26" coveredconditionals="2" methods="14" coveredmethods="9"/>
          <line num="21" count="1" type="stmt"/>
          <line num="22" count="1" type="stmt"/>
          <line num="23" count="11" type="stmt"/>
          <line num="24" count="11" type="stmt"/>
          <line num="25" count="11" type="stmt"/>
          <line num="28" count="11" type="stmt"/>
          <line num="30" count="1" type="stmt"/>
          <line num="33" count="2" type="stmt"/>
          <line num="34" count="0" type="stmt"/>
          <line num="38" count="1" type="stmt"/>
          <line num="39" count="1" type="stmt"/>
          <line num="40" count="2" type="stmt"/>
          <line num="53" count="0" type="stmt"/>
          <line num="54" count="0" type="cond" truecount="0" falsecount="2"/>
          <line num="55" count="0" type="stmt"/>
          <line num="56" count="0" type="cond" truecount="0" falsecount="2"/>
          <line num="57" count="0" type="cond" truecount="0" falsecount="2"/>
          <line num="58" count="0" type="stmt"/>
          <line num="63" count="0" type="stmt"/>
          <line num="64" count="0" type="cond" truecount="0" falsecount="2"/>
          <line num="65" count="0" type="stmt"/>
          <line num="66" count="0" type="stmt"/>
          <line num="67" count="0" type="stmt"/>
          <line num="71" count="11" type="stmt"/>
          <line num="83" count="1" type="stmt"/>
          <line num="84" count="0" type="stmt"/>
          <line num="85" count="0" type="stmt"/>
          <line num="86" count="0" type="stmt"/>
          <line num="87" count="0" type="stmt"/>
          <line num="88" count="0" type="stmt"/>
          <line num="89" count="0" type="stmt"/>
          <line num="90" count="0" type="cond" truecount="0" falsecount="2"/>
          <line num="91" count="0" type="stmt"/>
          <line num="92" count="0" type="stmt"/>
          <line num="93" count="0" type="cond" truecount="0" falsecount="2"/>
          <line num="94" count="0" type="cond" truecount="0" falsecount="4"/>
          <line num="95" count="0" type="stmt"/>
          <line num="96" count="0" type="stmt"/>
          <line num="98" count="0" type="stmt"/>
          <line num="100" count="0" type="cond" truecount="0" falsecount="4"/>
          <line num="101" count="0" type="stmt"/>
          <line num="102" count="0" type="stmt"/>
          <line num="104" count="0" type="stmt"/>
          <line num="106" count="0" type="stmt"/>
          <line num="109" count="0" type="cond" truecount="0" falsecount="2"/>
          <line num="110" count="0" type="stmt"/>
          <line num="124" count="0" type="stmt"/>
          <line num="129" count="1" type="stmt"/>
          <line num="154" count="39" type="stmt"/>
          <line num="158" count="39" type="stmt"/>
        </file>
        <file name="EBillAdd.style.js" path="/Users/amitkumar/iTrueService/DevCode/iservice-app/app/components/BillingMethods/EBillAdd/EBillAdd.style.js">
          <metrics statements="0" coveredstatements="0" conditionals="0" coveredconditionals="0" methods="0" coveredmethods="0"/>
        </file>
      </package>
      <package name="iservice-app.app.components.BillingMethods.EBillAddItem">
        <metrics statements="38" coveredstatements="10" conditionals="26" coveredconditionals="7" methods="14" coveredmethods="4"/>
        <file name="EBillAddItem.component.js" path="/Users/amitkumar/iTrueService/DevCode/iservice-app/app/components/BillingMethods/EBillAddItem/EBillAddItem.component.js">
          <metrics statements="38" coveredstatements="10" conditionals="26" coveredconditionals="7" methods="14" coveredmethods="4"/>
          <line num="25" count="14" type="stmt"/>
          <line num="26" count="14" type="cond" truecount="1" falsecount="1"/>
          <line num="27" count="0" type="stmt"/>
          <line num="36" count="0" type="stmt"/>
          <line num="40" count="0" type="cond" truecount="0" falsecount="2"/>
          <line num="41" count="0" type="stmt"/>
          <line num="47" count="0" type="stmt"/>
          <line num="56" count="0" type="cond" truecount="0" falsecount="2"/>
          <line num="57" count="0" type="stmt"/>
          <line num="62" count="0" type="stmt"/>
          <line num="70" count="0" type="stmt"/>
          <line num="72" count="0" type="cond" truecount="0" falsecount="2"/>
          <line num="73" count="0" type="cond" truecount="0" falsecount="2"/>
          <line num="77" count="0" type="stmt"/>
          <line num="82" count="0" type="stmt"/>
          <line num="84" count="0" type="cond" truecount="0" falsecount="2"/>
          <line num="85" count="0" type="cond" truecount="0" falsecount="2"/>
          <line num="89" count="0" type="stmt"/>
          <line num="94" count="0" type="stmt"/>
          <line num="95" count="0" type="stmt"/>
          <line num="96" count="0" type="cond" truecount="0" falsecount="2"/>
          <line num="97" count="0" type="stmt"/>
          <line num="99" count="0" type="stmt"/>
          <line num="103" count="0" type="stmt"/>
          <line num="111" count="0" type="stmt"/>
          <line num="112" count="0" type="cond" truecount="0" falsecount="2"/>
          <line num="113" count="0" type="stmt"/>
          <line num="115" count="0" type="stmt"/>
          <line num="120" count="13" type="stmt"/>
          <line num="122" count="13" type="stmt"/>
          <line num="131" count="0" type="stmt"/>
          <line num="147" count="1" type="stmt"/>
          <line num="148" count="1" type="stmt"/>
          <line num="154" count="0" type="stmt"/>
          <line num="169" count="14" type="stmt"/>
          <line num="170" count="14" type="stmt"/>
          <line num="188" count="40" type="stmt"/>
          <line num="192" count="40" type="stmt"/>
        </file>
        <file name="EBillAddItem.style.js" path="/Users/amitkumar/iTrueService/DevCode/iservice-app/app/components/BillingMethods/EBillAddItem/EBillAddItem.style.js">
          <metrics statements="0" coveredstatements="0" conditionals="0" coveredconditionals="0" methods="0" coveredmethods="0"/>
        </file>
      </package>
      <package name="iservice-app.app.components.BillingMethods.EBillEdit">
        <metrics statements="66" coveredstatements="19" conditionals="54" coveredconditionals="7" methods="17" coveredmethods="5"/>
        <file name="EBillEdit.component.js" path="/Users/amitkumar/iTrueService/DevCode/iservice-app/app/components/BillingMethods/EBillEdit/EBillEdit.component.js">
          <metrics statements="66" coveredstatements="19" conditionals="54" coveredconditionals="7" methods="17" coveredmethods="5"/>
          <line num="12" count="39" type="stmt"/>
          <line num="13" count="39" type="stmt"/>
          <line num="29" count="8" type="stmt"/>
          <line num="30" count="0" type="stmt"/>
          <line num="31" count="0" type="cond" truecount="0" falsecount="2"/>
          <line num="32" count="0" type="cond" truecount="0" falsecount="2"/>
          <line num="33" count="0" type="stmt"/>
          <line num="38" count="0" type="cond" truecount="0" falsecount="2"/>
          <line num="39" count="0" type="stmt"/>
          <line num="46" count="0" type="stmt"/>
          <line num="55" count="0" type="cond" truecount="0" falsecount="2"/>
          <line num="56" count="0" type="stmt"/>
          <line num="61" count="0" type="stmt"/>
          <line num="72" count="0" type="stmt"/>
          <line num="73" count="0" type="cond" truecount="0" falsecount="4"/>
          <line num="74" count="0" type="stmt"/>
          <line num="75" count="0" type="cond" truecount="0" falsecount="2"/>
          <line num="76" count="0" type="stmt"/>
          <line num="78" count="0" type="stmt"/>
          <line num="80" count="0" type="cond" truecount="0" falsecount="5"/>
          <line num="81" count="0" type="stmt"/>
          <line num="82" count="0" type="stmt"/>
          <line num="84" count="0" type="cond" truecount="0" falsecount="5"/>
          <line num="85" count="0" type="stmt"/>
          <line num="86" count="0" type="stmt"/>
          <line num="88" count="0" type="stmt"/>
          <line num="95" count="4" type="stmt"/>
          <line num="96" count="4" type="cond" truecount="1" falsecount="1"/>
          <line num="97" count="4" type="stmt"/>
          <line num="102" count="4" type="cond" truecount="1" falsecount="1"/>
          <line num="103" count="0" type="stmt"/>
          <line num="108" count="4" type="cond" truecount="2" falsecount="0"/>
          <line num="109" count="1" type="cond" truecount="1" falsecount="1"/>
          <line num="110" count="1" type="stmt"/>
          <line num="115" count="0" type="stmt"/>
          <line num="121" count="3" type="stmt"/>
          <line num="129" count="0" type="cond" truecount="0" falsecount="2"/>
          <line num="130" count="0" type="stmt"/>
          <line num="136" count="0" type="stmt"/>
          <line num="145" count="0" type="cond" truecount="0" falsecount="2"/>
          <line num="146" count="0" type="stmt"/>
          <line num="151" count="0" type="stmt"/>
          <line num="159" count="0" type="cond" truecount="0" falsecount="2"/>
          <line num="160" count="0" type="cond" truecount="0" falsecount="2"/>
          <line num="164" count="0" type="stmt"/>
          <line num="169" count="0" type="cond" truecount="0" falsecount="2"/>
          <line num="170" count="0" type="cond" truecount="0" falsecount="2"/>
          <line num="174" count="0" type="stmt"/>
          <line num="179" count="0" type="stmt"/>
          <line num="180" count="0" type="stmt"/>
          <line num="184" count="0" type="stmt"/>
          <line num="185" count="0" type="stmt"/>
          <line num="188" count="0" type="stmt"/>
          <line num="196" count="0" type="cond" truecount="0" falsecount="2"/>
          <line num="197" count="0" type="stmt"/>
          <line num="199" count="0" type="stmt"/>
          <line num="204" count="4" type="stmt"/>
          <line num="206" count="4" type="stmt"/>
          <line num="215" count="0" type="stmt"/>
          <line num="235" count="4" type="stmt"/>
          <line num="237" count="4" type="stmt"/>
          <line num="245" count="0" type="stmt"/>
          <line num="264" count="4" type="stmt"/>
          <line num="266" count="4" type="stmt"/>
          <line num="284" count="39" type="stmt"/>
          <line num="289" count="39" type="stmt"/>
        </file>
        <file name="EBillEdit.style.js" path="/Users/amitkumar/iTrueService/DevCode/iservice-app/app/components/BillingMethods/EBillEdit/EBillEdit.style.js">
          <metrics statements="0" coveredstatements="0" conditionals="0" coveredconditionals="0" methods="0" coveredmethods="0"/>
        </file>
      </package>
      <package name="iservice-app.app.components.BillingMethods.EBillItem">
        <metrics statements="6" coveredstatements="6" conditionals="2" coveredconditionals="2" methods="2" coveredmethods="2"/>
        <file name="EBillItem.component.js" path="/Users/amitkumar/iTrueService/DevCode/iservice-app/app/components/BillingMethods/EBillItem/EBillItem.component.js">
          <metrics statements="6" coveredstatements="6" conditionals="2" coveredconditionals="2" methods="2" coveredmethods="2"/>
          <line num="15" count="2" type="stmt"/>
          <line num="16" count="2" type="stmt"/>
          <line num="35" count="2" type="stmt"/>
          <line num="36" count="2" type="stmt"/>
          <line num="48" count="40" type="stmt"/>
          <line num="55" count="40" type="stmt"/>
        </file>
        <file name="EBillItem.style.js" path="/Users/amitkumar/iTrueService/DevCode/iservice-app/app/components/BillingMethods/EBillItem/EBillItem.style.js">
          <metrics statements="0" coveredstatements="0" conditionals="0" coveredconditionals="0" methods="0" coveredmethods="0"/>
        </file>
      </package>
      <package name="iservice-app.app.components.BillingMethods.PaperBillItem">
[...]
          <line num="32" count="37" type="stmt"/>
        </file>
        <file name="index.routes.js" path="/Users/amitkumar/iTrueService/DevCode/iservice-app/app/routes/index.routes.js">
          <metrics statements="1" coveredstatements="1" conditionals="0" coveredconditionals="0" methods="0" coveredmethods="0"/>
          <line num="11" count="37" type="stmt"/>
        </file>
        <file name="landing.routes.js" path="/Users/amitkumar/iTrueService/DevCode/iservice-app/app/routes/landing.routes.js">
          <metrics statements="1" coveredstatements="1" conditionals="0" coveredconditionals="0" methods="0" coveredmethods="0"/>
          <line num="7" count="37" type="stmt"/>
        </file>
        <file name="payForOthers.routes.js" path="/Users/amitkumar/iTrueService/DevCode/iservice-app/app/routes/payForOthers.routes.js">
          <metrics statements="1" coveredstatements="1" conditionals="0" coveredconditionals="0" methods="0" coveredmethods="0"/>
          <line num="10" count="37" type="stmt"/>
        </file>
        <file name="payment.routes.js" path="/Users/amitkumar/iTrueService/DevCode/iservice-app/app/routes/payment.routes.js">
          <metrics statements="1" coveredstatements="1" conditionals="0" coveredconditionals="0" methods="0" coveredmethods="0"/>
          <line num="8" count="37" type="stmt"/>
        </file>
        <file name="storeLocator.routes.js" path="/Users/amitkumar/iTrueService/DevCode/iservice-app/app/routes/storeLocator.routes.js">
          <metrics statements="4" coveredstatements="4" conditionals="0" coveredconditionals="0" methods="0" coveredmethods="0"/>
          <line num="9" count="37" type="stmt"/>
          <line num="24" count="37" type="stmt"/>
          <line num="32" count="37" type="stmt"/>
          <line num="56" count="37" type="stmt"/>
        </file>
        <file name="topUp.routes.js" path="/Users/amitkumar/iTrueService/DevCode/iservice-app/app/routes/topUp.routes.js">
          <metrics statements="1" coveredstatements="1" conditionals="0" coveredconditionals="0" methods="0" coveredmethods="0"/>
          <line num="7" count="37" type="stmt"/>
        </file>
      </package>
      <package name="iservice-app.app.routes.helpers">
        <metrics statements="24" coveredstatements="19" conditionals="14" coveredconditionals="7" methods="10" coveredmethods="5"/>
        <file name="route.helper.js" path="/Users/amitkumar/iTrueService/DevCode/iservice-app/app/routes/helpers/route.helper.js">
          <metrics statements="24" coveredstatements="19" conditionals="14" coveredconditionals="7" methods="10" coveredmethods="5"/>
          <line num="12" count="37" type="stmt"/>
          <line num="13" count="4" type="stmt"/>
          <line num="14" count="0" type="stmt"/>
          <line num="15" count="0" type="stmt"/>
          <line num="17" count="4" type="stmt"/>
          <line num="24" count="37" type="stmt"/>
          <line num="25" count="1" type="stmt"/>
          <line num="26" count="1" type="stmt"/>
          <line num="33" count="37" type="stmt"/>
          <line num="34" count="2" type="stmt"/>
          <line num="35" count="0" type="stmt"/>
          <line num="37" count="2" type="stmt"/>
          <line num="44" count="37" type="stmt"/>
          <line num="50" count="37" type="stmt"/>
          <line num="51" count="2" type="stmt"/>
          <line num="52" count="2" type="stmt"/>
          <line num="53" count="2" type="stmt"/>
          <line num="54" count="2" type="stmt"/>
          <line num="55" count="0" type="stmt"/>
          <line num="76" count="37" type="stmt"/>
          <line num="77" count="1" type="stmt"/>
          <line num="78" count="1" type="stmt"/>
          <line num="79" count="1" type="stmt"/>
          <line num="80" count="0" type="stmt"/>
        </file>
      </package>
      <package name="iservice-app.app.themes">
        <metrics statements="10" coveredstatements="10" conditionals="0" coveredconditionals="0" methods="0" coveredmethods="0"/>
        <file name="application.styles.js" path="/Users/amitkumar/iTrueService/DevCode/iservice-app/app/themes/application.styles.js">
          <metrics statements="8" coveredstatements="8" conditionals="0" coveredconditionals="0" methods="0" coveredmethods="0"/>
          <line num="5" count="126" type="stmt"/>
          <line num="12" count="126" type="stmt"/>
          <line num="18" count="126" type="stmt"/>
          <line num="26" count="126" type="stmt"/>
          <line num="30" count="126" type="stmt"/>
          <line num="35" count="126" type="stmt"/>
          <line num="45" count="126" type="stmt"/>
          <line num="55" count="126" type="stmt"/>
        </file>
        <file name="constants.styles.js" path="/Users/amitkumar/iTrueService/DevCode/iservice-app/app/themes/constants.styles.js">
          <metrics statements="2" coveredstatements="2" conditionals="0" coveredconditionals="0" methods="0" coveredmethods="0"/>
          <line num="1" count="134" type="stmt"/>
          <line num="28" count="134" type="stmt"/>
        </file>
      </package>
      <package name="iservice-app.app.utils">
        <metrics statements="191" coveredstatements="148" conditionals="74" coveredconditionals="45" methods="87" coveredmethods="53"/>
        <file name="analytics.util.js" path="/Users/amitkumar/iTrueService/DevCode/iservice-app/app/utils/analytics.util.js">
          <metrics statements="27" coveredstatements="24" conditionals="14" coveredconditionals="4" methods="13" coveredmethods="10"/>
          <line num="11" count="33" type="stmt"/>
          <line num="14" count="33" type="stmt"/>
          <line num="17" count="33" type="cond" truecount="1" falsecount="1"/>
          <line num="18" count="33" type="stmt"/>
          <line num="22" count="33" type="stmt"/>
          <line num="32" count="33" type="stmt"/>
          <line num="33" count="0" type="stmt"/>
          <line num="38" count="33" type="stmt"/>
          <line num="39" count="1" type="stmt"/>
          <line num="42" count="33" type="stmt"/>
          <line num="43" count="1" type="stmt"/>
          <line num="46" count="33" type="stmt"/>
          <line num="47" count="1" type="stmt"/>
          <line num="57" count="33" type="cond" truecount="0" falsecount="1"/>
          <line num="58" count="1" type="stmt"/>
          <line num="61" count="33" type="cond" truecount="0" falsecount="1"/>
          <line num="62" count="0" type="stmt"/>
          <line num="66" count="33" type="cond" truecount="1" falsecount="0"/>
          <line num="67" count="1" type="stmt"/>
          <line num="74" count="33" type="cond" truecount="0" falsecount="1"/>
          <line num="75" count="1" type="stmt"/>
          <line num="97" count="33" type="cond" truecount="2" falsecount="2"/>
          <line num="98" count="1" type="stmt"/>
          <line num="101" count="33" type="cond" truecount="0" falsecount="4"/>
          <line num="102" count="0" type="stmt"/>
          <line num="105" count="672" type="stmt"/>
          <line num="108" count="33" type="stmt"/>
        </file>
        <file name="auth.util.js" path="/Users/amitkumar/iTrueService/DevCode/iservice-app/app/utils/auth.util.js">
          <metrics statements="22" coveredstatements="22" conditionals="13" coveredconditionals="9" methods="8" coveredmethods="8"/>
          <line num="5" count="33" type="stmt"/>
          <line num="7" count="33" type="cond" truecount="1" falsecount="0"/>
          <line num="8" count="4" type="stmt"/>
          <line num="11" count="4" type="cond" truecount="2" falsecount="0"/>
          <line num="12" count="3" type="cond" truecount="2" falsecount="0"/>
          <line num="13" count="3" type="stmt"/>
          <line num="17" count="1" type="stmt"/>
          <line num="20" count="33" type="stmt"/>
          <line num="21" count="30" type="stmt"/>
          <line num="23" count="30" type="cond" truecount="3" falsecount="3"/>
          <line num="28" count="1" type="stmt"/>
          <line num="29" count="1" type="stmt"/>
          <line num="34" count="2" type="stmt"/>
          <line num="43" count="24" type="stmt"/>
          <line num="44" count="24" type="cond" truecount="1" falsecount="1"/>
          <line num="45" count="24" type="stmt"/>
          <line num="50" count="1" type="stmt"/>
          <line num="54" count="1" type="stmt"/>
          <line num="58" count="1" type="stmt"/>
          <line num="62" count="1" type="stmt"/>
          <line num="66" count="3" type="stmt"/>
          <line num="70" count="33" type="stmt"/>
        </file>
        <file name="common.util.js" path="/Users/amitkumar/iTrueService/DevCode/iservice-app/app/utils/common.util.js">
          <metrics statements="11" coveredstatements="11" conditionals="3" coveredconditionals="3" methods="6" coveredmethods="6"/>
          <line num="4" count="432" type="stmt"/>
          <line num="6" count="61" type="stmt"/>
          <line num="7" count="1" type="stmt"/>
          <line num="10" count="61" type="stmt"/>
          <line num="12" count="61" type="stmt"/>
          <line num="15" count="61" type="cond" truecount="1" falsecount="0"/>
          <line num="16" count="19" type="stmt"/>
          <line num="17" count="19" type="stmt"/>
          <line num="18" count="19" type="stmt"/>
          <line num="19" count="19" type="cond" truecount="2" falsecount="0"/>
          <line num="20" count="19" type="stmt"/>
        </file>
        <file name="deeplink.util.js" path="/Users/amitkumar/iTrueService/DevCode/iservice-app/app/utils/deeplink.util.js">
          <metrics statements="8" coveredstatements="7" conditionals="4" coveredconditionals="4" methods="3" coveredmethods="2"/>
          <line num="3" count="3" type="stmt"/>
          <line num="5" count="3" type="stmt"/>
          <line num="11" count="4" type="cond" truecount="2" falsecount="0"/>
          <line num="12" count="3" type="stmt"/>
          <line num="14" count="0" type="stmt"/>
          <line num="20" count="2" type="cond" truecount="2" falsecount="0"/>
          <line num="21" count="1" type="stmt"/>
          <line num="26" count="3" type="stmt"/>
        </file>
        <file name="error.util.js" path="/Users/amitkumar/iTrueService/DevCode/iservice-app/app/utils/error.util.js">
          <metrics statements="7" coveredstatements="4" conditionals="0" coveredconditionals="0" methods="5" coveredmethods="1"/>
          <line num="6" count="1" type="stmt"/>
          <line num="7" count="1" type="stmt"/>
          <line num="8" count="0" type="stmt"/>
          <line num="10" count="1" type="stmt"/>
          <line num="16" count="1" type="stmt"/>
          <line num="17" count="0" type="stmt"/>
          <line num="22" count="0" type="stmt"/>
        </file>
        <file name="firebase.util.js" path="/Users/amitkumar/iTrueService/DevCode/iservice-app/app/utils/firebase.util.js">
          <metrics statements="21" coveredstatements="8" conditionals="0" coveredconditionals="0" methods="13" coveredmethods="1"/>
          <line num="6" count="27" type="stmt"/>
          <line num="9" count="0" type="stmt"/>
          <line num="12" count="27" type="stmt"/>
          <line num="14" count="27" type="stmt"/>
          <line num="16" count="27" type="stmt"/>
          <line num="20" count="27" type="stmt"/>
          <line num="26" count="0" type="stmt"/>
          <line num="27" count="0" type="stmt"/>
          <line num="28" count="0" type="stmt"/>
          <line num="32" count="0" type="stmt"/>
          <line num="33" count="0" type="stmt"/>
          <line num="38" count="27" type="stmt"/>
          <line num="40" count="27" type="stmt"/>
          <line num="41" count="0" type="stmt"/>
          <line num="44" count="0" type="stmt"/>
          <line num="45" count="0" type="stmt"/>
          <line num="46" count="0" type="stmt"/>
          <line num="55" count="27" type="stmt"/>
          <line num="56" count="0" type="stmt"/>
          <line num="57" count="0" type="stmt"/>
          <line num="58" count="0" type="stmt"/>
        </file>
        <file name="floatingPoint.util.js" path="/Users/amitkumar/iTrueService/DevCode/iservice-app/app/utils/floatingPoint.util.js">
          <metrics statements="6" coveredstatements="6" conditionals="0" coveredconditionals="0" methods="2" coveredmethods="2"/>
          <line num="2" count="47" type="stmt"/>
          <line num="3" count="4" type="stmt"/>
          <line num="4" count="4" type="stmt"/>
          <line num="7" count="47" type="stmt"/>
          <line num="8" count="1" type="stmt"/>
          <line num="9" count="1" type="stmt"/>
        </file>
        <file name="forceUpdate.util.js" path="/Users/amitkumar/iTrueService/DevCode/iservice-app/app/utils/forceUpdate.util.js">
          <metrics statements="23" coveredstatements="15" conditionals="12" coveredconditionals="7" methods="5" coveredmethods="3"/>
          <line num="7" count="3" type="stmt"/>
          <line num="8" count="3" type="stmt"/>
          <line num="9" count="3" type="cond" truecount="2" falsecount="0"/>
          <line num="10" count="2" type="stmt"/>
          <line num="12" count="3" type="cond" truecount="2" falsecount="0"/>
          <line num="13" count="1" type="stmt"/>
          <line num="14" count="2" type="cond" truecount="2" falsecount="0"/>
          <line num="15" count="1" type="stmt"/>
          <line num="16" count="1" type="stmt"/>
          <line num="20" count="25" type="stmt"/>
          <line num="21" count="1" type="stmt"/>
          <line num="22" count="1" type="stmt"/>
          <line num="23" count="1" type="stmt"/>
          <line num="24" count="1" type="stmt"/>
          <line num="26" count="1" type="cond" truecount="1" falsecount="1"/>
          <line num="29" count="0" type="stmt"/>
          <line num="33" count="0" type="stmt"/>
          <line num="34" count="0" type="stmt"/>
          <line num="38" count="0" type="cond" truecount="0" falsecount="2"/>
          <line num="39" count="0" type="cond" truecount="0" falsecount="2"/>
          <line num="43" count="0" type="stmt"/>
          <line num="44" count="0" type="stmt"/>
          <line num="46" count="0" type="stmt"/>
        </file>
        <file name="localStorage.util.js" path="/Users/amitkumar/iTrueService/DevCode/iservice-app/app/utils/localStorage.util.js">
          <metrics statements="16" coveredstatements="4" conditionals="0" coveredconditionals="0" methods="10" coveredmethods="2"/>
          <line num="3" count="28" type="stmt"/>
          <line num="7" count="46" type="stmt"/>
          <line num="8" count="46" type="stmt"/>
          <line num="13" count="0" type="stmt"/>
          <line num="17" count="0" type="stmt"/>
          <line num="22" count="0" type="stmt"/>
          <line num="23" count="0" type="stmt"/>
          <line num="24" count="0" type="stmt"/>
          <line num="26" count="0" type="stmt"/>
          <line num="31" count="0" type="stmt"/>
          <line num="32" count="0" type="stmt"/>
          <line num="34" count="0" type="stmt"/>
          <line num="35" count="0" type="stmt"/>
          <line num="36" count="0" type="stmt"/>
          <line num="38" count="0" type="stmt"/>
          <line num="43" count="28" type="stmt"/>
        </file>
        <file name="location.util.js" path="/Users/amitkumar/iTrueService/DevCode/iservice-app/app/utils/location.util.js">
          <metrics statements="13" coveredstatements="13" conditionals="5" coveredconditionals="5" methods="6" coveredmethods="6"/>
          <line num="6" count="37" type="cond" truecount="1" falsecount="0"/>
          <line num="7" count="4" type="stmt"/>
          <line num="8" count="4" type="stmt"/>
          <line num="9" count="806" type="stmt"/>
          <line num="10" count="806" type="cond" truecount="4" falsecount="0"/>
          <line num="11" count="153" type="stmt"/>
          <line num="13" count="653" type="stmt"/>
          <line num="15" count="4" type="stmt"/>
          <line num="18" count="37" type="stmt"/>
          <line num="19" count="2" type="stmt"/>
          <line num="20" count="1" type="stmt"/>
          <line num="25" count="1" type="stmt"/>
          <line num="26" count="1" type="stmt"/>
        </file>
        <file name="moment.util.js" path="/Users/amitkumar/iTrueService/DevCode/iservice-app/app/utils/moment.util.js">
          <metrics statements="1" coveredstatements="1" conditionals="0" coveredconditionals="0" methods="1" coveredmethods="1"/>
          <line num="6" count="50" type="stmt"/>
        </file>
        <file name="msisdn.util.js" path="/Users/amitkumar/iTrueService/DevCode/iservice-app/app/utils/msisdn.util.js">
          <metrics statements="8" coveredstatements="8" conditionals="8" coveredconditionals="8" methods="2" coveredmethods="2"/>
          <line num="1" count="38" type="stmt"/>
          <line num="2" count="7" type="cond" truecount="4" falsecount="0"/>
          <line num="3" count="1" type="stmt"/>
          <line num="5" count="6" type="stmt"/>
          <line num="9" count="38" type="stmt"/>
          <line num="10" count="6" type="cond" truecount="4" falsecount="0"/>
          <line num="11" count="1" type="stmt"/>
          <line num="13" count="5" type="stmt"/>
        </file>
        <file name="reactNative.util.js" path="/Users/amitkumar/iTrueService/DevCode/iservice-app/app/utils/reactNative.util.js">
          <metrics statements="6" coveredstatements="3" conditionals="2" coveredconditionals="0" methods="2" coveredmethods="0"/>
          <line num="9" count="43" type="stmt"/>
          <line num="15" count="43" type="stmt"/>
          <line num="16" count="0" type="cond" truecount="0" falsecount="2"/>
          <line num="17" count="0" type="stmt"/>
          <line num="19" count="0" type="stmt"/>
          <line num="23" count="43" type="stmt"/>
        </file>
        <file name="request.util.js" path="/Users/amitkumar/iTrueService/DevCode/iservice-app/app/utils/request.util.js">
          <metrics statements="12" coveredstatements="12" conditionals="5" coveredconditionals="5" methods="5" coveredmethods="5"/>
          <line num="3" count="33" type="stmt"/>
          <line num="4" count="30" type="cond" truecount="1" falsecount="0"/>
          <line num="5" count="30" type="stmt"/>
          <line num="6" count="30" type="stmt"/>
          <line num="12" count="30" type="stmt"/>
          <line num="13" count="30" type="stmt"/>
          <line num="14" count="6" type="cond" truecount="2" falsecount="0"/>
          <line num="15" count="2" type="cond" truecount="2" falsecount="0"/>
          <line num="17" count="4" type="stmt"/>
          <line num="18" count="1" type="stmt"/>
          <line num="20" count="30" type="stmt"/>
          <line num="21" count="30" type="stmt"/>
        </file>
        <file name="storeList.util.js" path="/Users/amitkumar/iTrueService/DevCode/iservice-app/app/utils/storeList.util.js">
          <metrics statements="9" coveredstatements="9" conditionals="8" coveredconditionals="0" methods="6" coveredmethods="4"/>
          <line num="3" count="23" type="stmt"/>
          <line num="4" count="4" type="stmt"/>
          <line num="11" count="4" type="stmt"/>
          <line num="14" count="23" type="stmt"/>
          <line num="15" count="1" type="stmt"/>
          <line num="22" count="1" type="stmt"/>
          <line num="25" count="23" type="stmt"/>
          <line num="26" count="1" type="stmt"/>
          <line num="30" count="1" type="stmt"/>
        </file>
        <file name="testfairy.util.js" path="/Users/amitkumar/iTrueService/DevCode/iservice-app/app/utils/testfairy.util.js">
          <metrics statements="1" coveredstatements="1" conditionals="0" coveredconditionals="0" methods="0" coveredmethods="0"/>
          <line num="4" count="1" type="stmt"/>
        </file>
      </package>
    </metrics>
  </project>
</coverage>
