{"/Users/amitkumar/iTrueService/DevCode/iservice-app/index.js": {"path":"/Users/amitkumar/iTrueService/DevCode/iservice-app/index.js","statementMap":{},"fnMap":{},"branchMap":{},"s":{},"f":{},"b":{},"_coverageSchema":"332fd63041d2c1bcb487cc26dd0d5f7d97098a6c","hash":"1bee39fee5c37e7da545f17fdb4ae427f5fe68f1"}
,"/Users/amitkumar/iTrueService/DevCode/iservice-app/__helpers__/echoServer.helper.js": {"path":"/Users/amitkumar/iTrueService/DevCode/iservice-app/__helpers__/echoServer.helper.js","statementMap":{"0":{"start":{"line":6,"column":2},"end":{"line":11,"column":3}},"1":{"start":{"line":7,"column":4},"end":{"line":9,"column":13}},"2":{"start":{"line":8,"column":6},"end":{"line":8,"column":16}},"3":{"start":{"line":10,"column":4},"end":{"line":10,"column":59}},"4":{"start":{"line":13,"column":16},"end":{"line":13,"column":52}},"5":{"start":{"line":14,"column":21},"end":{"line":14,"column":23}},"6":{"start":{"line":15,"column":2},"end":{"line":15,"column":47}},"7":{"start":{"line":15,"column":27},"end":{"line":15,"column":45}},"8":{"start":{"line":16,"column":2},"end":{"line":27,"column":7}},"9":{"start":{"line":16,"column":27},"end":{"line":16,"column":45}},"10":{"start":{"line":18,"column":6},"end":{"line":18,"column":29}},"11":{"start":{"line":20,"column":19},"end":{"line":20,"column":49}},"12":{"start":{"line":21,"column":6},"end":{"line":21,"column":56}},"13":{"start":{"line":22,"column":42},"end":{"line":22,"column":45}},"14":{"start":{"line":23,"column":6},"end":{"line":23,"column":45}},"15":{"start":{"line":24,"column":22},"end":{"line":24,"column":57}},"16":{"start":{"line":25,"column":6},"end":{"line":25,"column":41}},"17":{"start":{"line":26,"column":6},"end":{"line":26,"column":16}}},"fnMap":{"0":{"name":"(anonymous_0)","decl":{"start":{"line":5,"column":39},"end":{"line":5,"column":40}},"loc":{"start":{"line":5,"column":53},"end":{"line":28,"column":1}},"line":5},"1":{"name":"(anonymous_1)","decl":{"start":{"line":7,"column":15},"end":{"line":7,"column":16}},"loc":{"start":{"line":7,"column":21},"end":{"line":9,"column":5}},"line":7},"2":{"name":"(anonymous_2)","decl":{"start":{"line":15,"column":18},"end":{"line":15,"column":19}},"loc":{"start":{"line":15,"column":27},"end":{"line":15,"column":45}},"line":15},"3":{"name":"(anonymous_3)","decl":{"start":{"line":16,"column":18},"end":{"line":16,"column":19}},"loc":{"start":{"line":16,"column":27},"end":{"line":16,"column":45}},"line":16},"4":{"name":"(anonymous_4)","decl":{"start":{"line":17,"column":16},"end":{"line":17,"column":17}},"loc":{"start":{"line":17,"column":27},"end":{"line":19,"column":5}},"line":17},"5":{"name":"(anonymous_5)","decl":{"start":{"line":19,"column":17},"end":{"line":19,"column":18}},"loc":{"start":{"line":19,"column":23},"end":{"line":27,"column":5}},"line":19}},"branchMap":{"0":{"loc":{"start":{"line":6,"column":2},"end":{"line":11,"column":3}},"type":"if","locations":[{"start":{"line":6,"column":2},"end":{"line":11,"column":3}},{"start":{"line":6,"column":2},"end":{"line":11,"column":3}}],"line":6},"1":{"loc":{"start":{"line":22,"column":13},"end":{"line":22,"column":25}},"type":"default-arg","locations":[{"start":{"line":22,"column":23},"end":{"line":22,"column":25}}],"line":22},"2":{"loc":{"start":{"line":23,"column":23},"end":{"line":23,"column":44}},"type":"binary-expr","locations":[{"start":{"line":23,"column":23},"end":{"line":23,"column":37}},{"start":{"line":23,"column":41},"end":{"line":23,"column":44}}],"line":23}},"s":{"0":5,"1":0,"2":0,"3":0,"4":5,"5":5,"6":5,"7":0,"8":5,"9":0,"10":2,"11":5,"12":5,"13":5,"14":5,"15":5,"16":5,"17":5},"f":{"0":5,"1":0,"2":0,"3":0,"4":2,"5":5},"b":{"0":[0,5],"1":[0],"2":[5,4]},"_coverageSchema":"332fd63041d2c1bcb487cc26dd0d5f7d97098a6c","hash":"38b44cb0e7a55cf69e751e318e798c992bc8da20"}
,"/Users/amitkumar/iTrueService/DevCode/iservice-app/app/App.container.js": {"path":"/Users/amitkumar/iTrueService/DevCode/iservice-app/app/App.container.js","statementMap":{"0":{"start":{"line":28,"column":4},"end":{"line":28,"column":24}},"1":{"start":{"line":29,"column":4},"end":{"line":32,"column":6}},"2":{"start":{"line":33,"column":4},"end":{"line":33,"column":68}},"3":{"start":{"line":34,"column":4},"end":{"line":34,"column":51}},"4":{"start":{"line":35,"column":4},"end":{"line":38,"column":7}},"5":{"start":{"line":36,"column":6},"end":{"line":37,"column":38}},"6":{"start":{"line":37,"column":8},"end":{"line":37,"column":38}},"7":{"start":{"line":42,"column":4},"end":{"line":42,"column":93}},"8":{"start":{"line":43,"column":4},"end":{"line":43,"column":71}},"9":{"start":{"line":44,"column":4},"end":{"line":44,"column":30}},"10":{"start":{"line":48,"column":4},"end":{"line":50,"column":5}},"11":{"start":{"line":49,"column":6},"end":{"line":49,"column":40}},"12":{"start":{"line":54,"column":4},"end":{"line":59,"column":5}},"13":{"start":{"line":55,"column":6},"end":{"line":57,"column":7}},"14":{"start":{"line":56,"column":8},"end":{"line":56,"column":97}},"15":{"start":{"line":56,"column":73},"end":{"line":56,"column":95}},"16":{"start":{"line":58,"column":6},"end":{"line":58,"column":68}},"17":{"start":{"line":60,"column":4},"end":{"line":60,"column":41}},"18":{"start":{"line":65,"column":23},"end":{"line":65,"column":25}},"19":{"start":{"line":66,"column":4},"end":{"line":75,"column":7}},"20":{"start":{"line":67,"column":6},"end":{"line":74,"column":9}},"21":{"start":{"line":68,"column":8},"end":{"line":68,"column":37}},"22":{"start":{"line":69,"column":8},"end":{"line":73,"column":9}},"23":{"start":{"line":70,"column":10},"end":{"line":72,"column":13}},"24":{"start":{"line":71,"column":12},"end":{"line":71,"column":44}},"25":{"start":{"line":76,"column":4},"end":{"line":76,"column":28}},"26":{"start":{"line":80,"column":68},"end":{"line":80,"column":78}},"27":{"start":{"line":81,"column":4},"end":{"line":92,"column":6}},"28":{"start":{"line":96,"column":0},"end":{"line":100,"column":2}},"29":{"start":{"line":101,"column":0},"end":{"line":113,"column":2}},"30":{"start":{"line":115,"column":31},"end":{"line":121,"column":2}},"31":{"start":{"line":115,"column":71},"end":{"line":121,"column":1}},"32":{"start":{"line":123,"column":34},"end":{"line":130,"column":2}},"33":{"start":{"line":123,"column":49},"end":{"line":130,"column":1}},"34":{"start":{"line":125,"column":19},"end":{"line":125,"column":48}},"35":{"start":{"line":126,"column":37},"end":{"line":126,"column":76}},"36":{"start":{"line":127,"column":30},"end":{"line":127,"column":62}},"37":{"start":{"line":128,"column":16},"end":{"line":128,"column":50}},"38":{"start":{"line":129,"column":26},"end":{"line":129,"column":54}}},"fnMap":{"0":{"name":"(anonymous_0)","decl":{"start":{"line":27,"column":2},"end":{"line":27,"column":3}},"loc":{"start":{"line":27,"column":24},"end":{"line":39,"column":3}},"line":27},"1":{"name":"(anonymous_1)","decl":{"start":{"line":35,"column":40},"end":{"line":35,"column":41}},"loc":{"start":{"line":35,"column":46},"end":{"line":38,"column":5}},"line":35},"2":{"name":"(anonymous_2)","decl":{"start":{"line":41,"column":2},"end":{"line":41,"column":3}},"loc":{"start":{"line":41,"column":26},"end":{"line":45,"column":3}},"line":41},"3":{"name":"(anonymous_3)","decl":{"start":{"line":47,"column":24},"end":{"line":47,"column":25}},"loc":{"start":{"line":47,"column":34},"end":{"line":51,"column":3}},"line":47},"4":{"name":"(anonymous_4)","decl":{"start":{"line":53,"column":26},"end":{"line":53,"column":27}},"loc":{"start":{"line":53,"column":44},"end":{"line":61,"column":3}},"line":53},"5":{"name":"(anonymous_5)","decl":{"start":{"line":56,"column":67},"end":{"line":56,"column":68}},"loc":{"start":{"line":56,"column":73},"end":{"line":56,"column":95}},"line":56},"6":{"name":"(anonymous_6)","decl":{"start":{"line":64,"column":19},"end":{"line":64,"column":20}},"loc":{"start":{"line":64,"column":25},"end":{"line":77,"column":3}},"line":64},"7":{"name":"(anonymous_7)","decl":{"start":{"line":66,"column":19},"end":{"line":66,"column":20}},"loc":{"start":{"line":66,"column":34},"end":{"line":75,"column":5}},"line":66},"8":{"name":"(anonymous_8)","decl":{"start":{"line":67,"column":26},"end":{"line":67,"column":27}},"loc":{"start":{"line":67,"column":36},"end":{"line":74,"column":7}},"line":67},"9":{"name":"(anonymous_9)","decl":{"start":{"line":70,"column":25},"end":{"line":70,"column":26}},"loc":{"start":{"line":70,"column":38},"end":{"line":72,"column":11}},"line":70},"10":{"name":"(anonymous_10)","decl":{"start":{"line":79,"column":2},"end":{"line":79,"column":3}},"loc":{"start":{"line":79,"column":12},"end":{"line":93,"column":3}},"line":79},"11":{"name":"(anonymous_11)","decl":{"start":{"line":115,"column":31},"end":{"line":115,"column":32}},"loc":{"start":{"line":115,"column":71},"end":{"line":121,"column":1}},"line":115},"12":{"name":"(anonymous_12)","decl":{"start":{"line":123,"column":34},"end":{"line":123,"column":35}},"loc":{"start":{"line":123,"column":49},"end":{"line":130,"column":1}},"line":123},"13":{"name":"(anonymous_13)","decl":{"start":{"line":125,"column":13},"end":{"line":125,"column":14}},"loc":{"start":{"line":125,"column":19},"end":{"line":125,"column":48}},"line":125},"14":{"name":"(anonymous_14)","decl":{"start":{"line":126,"column":20},"end":{"line":126,"column":21}},"loc":{"start":{"line":126,"column":37},"end":{"line":126,"column":76}},"line":126},"15":{"name":"(anonymous_15)","decl":{"start":{"line":127,"column":20},"end":{"line":127,"column":21}},"loc":{"start":{"line":127,"column":30},"end":{"line":127,"column":62}},"line":127},"16":{"name":"(anonymous_16)","decl":{"start":{"line":128,"column":10},"end":{"line":128,"column":11}},"loc":{"start":{"line":128,"column":16},"end":{"line":128,"column":50}},"line":128},"17":{"name":"(anonymous_17)","decl":{"start":{"line":129,"column":20},"end":{"line":129,"column":21}},"loc":{"start":{"line":129,"column":26},"end":{"line":129,"column":54}},"line":129}},"branchMap":{"0":{"loc":{"start":{"line":36,"column":6},"end":{"line":37,"column":38}},"type":"if","locations":[{"start":{"line":36,"column":6},"end":{"line":37,"column":38}},{"start":{"line":36,"column":6},"end":{"line":37,"column":38}}],"line":36},"1":{"loc":{"start":{"line":48,"column":4},"end":{"line":50,"column":5}},"type":"if","locations":[{"start":{"line":48,"column":4},"end":{"line":50,"column":5}},{"start":{"line":48,"column":4},"end":{"line":50,"column":5}}],"line":48},"2":{"loc":{"start":{"line":54,"column":4},"end":{"line":59,"column":5}},"type":"if","locations":[{"start":{"line":54,"column":4},"end":{"line":59,"column":5}},{"start":{"line":54,"column":4},"end":{"line":59,"column":5}}],"line":54},"3":{"loc":{"start":{"line":55,"column":6},"end":{"line":57,"column":7}},"type":"if","locations":[{"start":{"line":55,"column":6},"end":{"line":57,"column":7}},{"start":{"line":55,"column":6},"end":{"line":57,"column":7}}],"line":55},"4":{"loc":{"start":{"line":55,"column":10},"end":{"line":55,"column":171}},"type":"binary-expr","locations":[{"start":{"line":55,"column":11},"end":{"line":55,"column":47}},{"start":{"line":55,"column":51},"end":{"line":55,"column":89}},{"start":{"line":55,"column":94},"end":{"line":55,"column":138}},{"start":{"line":55,"column":142},"end":{"line":55,"column":171}}],"line":55},"5":{"loc":{"start":{"line":69,"column":8},"end":{"line":73,"column":9}},"type":"if","locations":[{"start":{"line":69,"column":8},"end":{"line":73,"column":9}},{"start":{"line":69,"column":8},"end":{"line":73,"column":9}}],"line":69},"6":{"loc":{"start":{"line":84,"column":42},"end":{"line":86,"column":33}},"type":"cond-expr","locations":[{"start":{"line":85,"column":12},"end":{"line":85,"column":23}},{"start":{"line":86,"column":12},"end":{"line":86,"column":33}}],"line":84}},"s":{"0":1,"1":1,"2":1,"3":1,"4":1,"5":0,"6":0,"7":0,"8":0,"9":0,"10":0,"11":0,"12":0,"13":0,"14":0,"15":0,"16":0,"17":0,"18":0,"19":0,"20":0,"21":0,"22":0,"23":0,"24":0,"25":0,"26":1,"27":1,"28":2,"29":2,"30":2,"31":1,"32":2,"33":1,"34":0,"35":0,"36":0,"37":0,"38":0},"f":{"0":1,"1":0,"2":0,"3":0,"4":0,"5":0,"6":0,"7":0,"8":0,"9":0,"10":1,"11":1,"12":1,"13":0,"14":0,"15":0,"16":0,"17":0},"b":{"0":[0,0],"1":[0,0],"2":[0,0],"3":[0,0],"4":[0,0,0,0],"5":[0,0],"6":[1,0]},"_coverageSchema":"332fd63041d2c1bcb487cc26dd0d5f7d97098a6c","hash":"73f66462b3bbe7bd04c51f5dbbf8832b98763c39"}
,"/Users/amitkumar/iTrueService/DevCode/iservice-app/app/index.js": {"path":"/Users/amitkumar/iTrueService/DevCode/iservice-app/app/index.js","statementMap":{"0":{"start":{"line":9,"column":0},"end":{"line":11,"column":24}},"1":{"start":{"line":12,"column":0},"end":{"line":14,"column":18}},"2":{"start":{"line":16,"column":14},"end":{"line":16,"column":24}},"3":{"start":{"line":17,"column":0},"end":{"line":17,"column":22}},"4":{"start":{"line":21,"column":4},"end":{"line":25,"column":6}},"5":{"start":{"line":29,"column":0},"end":{"line":29,"column":58}},"6":{"start":{"line":29,"column":48},"end":{"line":29,"column":56}}},"fnMap":{"0":{"name":"(anonymous_0)","decl":{"start":{"line":20,"column":2},"end":{"line":20,"column":3}},"loc":{"start":{"line":20,"column":12},"end":{"line":26,"column":3}},"line":20},"1":{"name":"(anonymous_1)","decl":{"start":{"line":29,"column":42},"end":{"line":29,"column":43}},"loc":{"start":{"line":29,"column":48},"end":{"line":29,"column":56}},"line":29}},"branchMap":{"0":{"loc":{"start":{"line":9,"column":24},"end":{"line":11,"column":23}},"type":"cond-expr","locations":[{"start":{"line":10,"column":2},"end":{"line":10,"column":31}},{"start":{"line":11,"column":2},"end":{"line":11,"column":23}}],"line":9},"1":{"loc":{"start":{"line":12,"column":18},"end":{"line":14,"column":17}},"type":"cond-expr","locations":[{"start":{"line":13,"column":2},"end":{"line":13,"column":25}},{"start":{"line":14,"column":2},"end":{"line":14,"column":17}}],"line":12}},"s":{"0":1,"1":1,"2":1,"3":1,"4":1,"5":1,"6":0},"f":{"0":1,"1":0},"b":{"0":[0,1],"1":[0,1]},"_coverageSchema":"332fd63041d2c1bcb487cc26dd0d5f7d97098a6c","hash":"b92e6e0708bdb45a7beea38a1daa28ea47393f49"}
,"/Users/amitkumar/iTrueService/DevCode/iservice-app/app/assets/bannerArea.png": {"path":"/Users/amitkumar/iTrueService/DevCode/iservice-app/app/assets/bannerArea.png","statementMap":{"0":{"start":{"line":1,"column":0},"end":{"line":3,"column":6}}},"fnMap":{},"branchMap":{},"s":{"0":38},"f":{},"b":{},"_coverageSchema":"332fd63041d2c1bcb487cc26dd0d5f7d97098a6c","hash":"d7a9e06e584aa203657038ddd1eec107df1eb097"}
,"/Users/amitkumar/iTrueService/DevCode/iservice-app/app/assets/bill_usage_banner.jpg": {"path":"/Users/amitkumar/iTrueService/DevCode/iservice-app/app/assets/bill_usage_banner.jpg","statementMap":{"0":{"start":{"line":1,"column":0},"end":{"line":3,"column":6}}},"fnMap":{},"branchMap":{},"s":{"0":43},"f":{},"b":{},"_coverageSchema":"332fd63041d2c1bcb487cc26dd0d5f7d97098a6c","hash":"442938d18deece8f6ae7d5dc73599739bcf62019"}
,"/Users/amitkumar/iTrueService/DevCode/iservice-app/app/assets/jcb.png": {"path":"/Users/amitkumar/iTrueService/DevCode/iservice-app/app/assets/jcb.png","statementMap":{"0":{"start":{"line":1,"column":0},"end":{"line":3,"column":6}}},"fnMap":{},"branchMap":{},"s":{"0":42},"f":{},"b":{},"_coverageSchema":"332fd63041d2c1bcb487cc26dd0d5f7d97098a6c","hash":"725e99806ede48cb930fed4c26c86131e9cc4898"}
,"/Users/amitkumar/iTrueService/DevCode/iservice-app/app/assets/logo.png": {"path":"/Users/amitkumar/iTrueService/DevCode/iservice-app/app/assets/logo.png","statementMap":{"0":{"start":{"line":1,"column":0},"end":{"line":3,"column":6}}},"fnMap":{},"branchMap":{},"s":{"0":37},"f":{},"b":{},"_coverageSchema":"332fd63041d2c1bcb487cc26dd0d5f7d97098a6c","hash":"9e6d2df8e5d07fc8c2748b382498d4bb56777122"}
,"/Users/amitkumar/iTrueService/DevCode/iservice-app/app/assets/mastercard.png": {"path":"/Users/amitkumar/iTrueService/DevCode/iservice-app/app/assets/mastercard.png","statementMap":{"0":{"start":{"line":1,"column":0},"end":{"line":3,"column":6}}},"fnMap":{},"branchMap":{},"s":{"0":42},"f":{},"b":{},"_coverageSchema":"332fd63041d2c1bcb487cc26dd0d5f7d97098a6c","hash":"c0c2cc1d1318fd7624b958db9a5ac961c2e988c7"}
,"/Users/amitkumar/iTrueService/DevCode/iservice-app/app/assets/pinLocation.png": {"path":"/Users/amitkumar/iTrueService/DevCode/iservice-app/app/assets/pinLocation.png","statementMap":{"0":{"start":{"line":1,"column":0},"end":{"line":3,"column":6}}},"fnMap":{},"branchMap":{},"s":{"0":126},"f":{},"b":{},"_coverageSchema":"332fd63041d2c1bcb487cc26dd0d5f7d97098a6c","hash":"01b1bc31a010b02211f51395246620a129bb961c"}
,"/Users/amitkumar/iTrueService/DevCode/iservice-app/app/assets/shopMarker.png": {"path":"/Users/amitkumar/iTrueService/DevCode/iservice-app/app/assets/shopMarker.png","statementMap":{"0":{"start":{"line":1,"column":0},"end":{"line":3,"column":6}}},"fnMap":{},"branchMap":{},"s":{"0":126},"f":{},"b":{},"_coverageSchema":"332fd63041d2c1bcb487cc26dd0d5f7d97098a6c","hash":"3eeab609de4cf06b6d14110dce19715cbd1ac623"}
,"/Users/amitkumar/iTrueService/DevCode/iservice-app/app/assets/visa.png": {"path":"/Users/amitkumar/iTrueService/DevCode/iservice-app/app/assets/visa.png","statementMap":{"0":{"start":{"line":1,"column":0},"end":{"line":3,"column":6}}},"fnMap":{},"branchMap":{},"s":{"0":42},"f":{},"b":{},"_coverageSchema":"332fd63041d2c1bcb487cc26dd0d5f7d97098a6c","hash":"293bf9d83e6787d2c56665bb77496ae0f01befa2"}
,"/Users/amitkumar/iTrueService/DevCode/iservice-app/app/components/BillUsage/mockData.js": {"path":"/Users/amitkumar/iTrueService/DevCode/iservice-app/app/components/BillUsage/mockData.js","statementMap":{"0":{"start":{"line":6,"column":32},"end":{"line":18,"column":2}},"1":{"start":{"line":20,"column":28},"end":{"line":87,"column":2}},"2":{"start":{"line":89,"column":27},"end":{"line":101,"column":2}},"3":{"start":{"line":103,"column":26},"end":{"line":118,"column":1}},"4":{"start":{"line":120,"column":34},"end":{"line":191,"column":1}},"5":{"start":{"line":193,"column":45},"end":{"line":275,"column":1}}},"fnMap":{},"branchMap":{},"s":{"0":39,"1":39,"2":39,"3":39,"4":39,"5":39},"f":{},"b":{},"_coverageSchema":"332fd63041d2c1bcb487cc26dd0d5f7d97098a6c","hash":"ffe96338920d9af138252b75458907bf3d98167b"}
,"/Users/amitkumar/iTrueService/DevCode/iservice-app/app/components/BillUsage/BillDetails/TMBillDetail.component.js": {"path":"/Users/amitkumar/iTrueService/DevCode/iservice-app/app/components/BillUsage/BillDetails/TMBillDetail.component.js","statementMap":{"0":{"start":{"line":15,"column":29},"end":{"line":15,"column":39}},"1":{"start":{"line":16,"column":4},"end":{"line":50,"column":22}},"2":{"start":{"line":53,"column":0},"end":{"line":55,"column":2}},"3":{"start":{"line":56,"column":0},"end":{"line":58,"column":2}}},"fnMap":{"0":{"name":"(anonymous_0)","decl":{"start":{"line":14,"column":2},"end":{"line":14,"column":3}},"loc":{"start":{"line":14,"column":12},"end":{"line":51,"column":3}},"line":14}},"branchMap":{"0":{"loc":{"start":{"line":34,"column":9},"end":{"line":34,"column":93}},"type":"binary-expr","locations":[{"start":{"line":34,"column":9},"end":{"line":34,"column":29}},{"start":{"line":34,"column":33},"end":{"line":34,"column":93}}],"line":34},"1":{"loc":{"start":{"line":35,"column":9},"end":{"line":35,"column":90}},"type":"binary-expr","locations":[{"start":{"line":35,"column":9},"end":{"line":35,"column":28}},{"start":{"line":35,"column":32},"end":{"line":35,"column":90}}],"line":35},"2":{"loc":{"start":{"line":36,"column":9},"end":{"line":36,"column":114}},"type":"binary-expr","locations":[{"start":{"line":36,"column":9},"end":{"line":36,"column":36}},{"start":{"line":36,"column":40},"end":{"line":36,"column":114}}],"line":36},"3":{"loc":{"start":{"line":37,"column":9},"end":{"line":37,"column":87}},"type":"binary-expr","locations":[{"start":{"line":37,"column":9},"end":{"line":37,"column":27}},{"start":{"line":37,"column":31},"end":{"line":37,"column":87}}],"line":37},"4":{"loc":{"start":{"line":38,"column":9},"end":{"line":38,"column":93}},"type":"binary-expr","locations":[{"start":{"line":38,"column":9},"end":{"line":38,"column":29}},{"start":{"line":38,"column":33},"end":{"line":38,"column":93}}],"line":38}},"s":{"0":1,"1":1,"2":38,"3":38},"f":{"0":1},"b":{"0":[1,0],"1":[1,0],"2":[1,0],"3":[1,0],"4":[1,0]},"_coverageSchema":"332fd63041d2c1bcb487cc26dd0d5f7d97098a6c","hash":"5a2030b423d3924abf4476c1cd60442c11dbd2c3"}
,"/Users/amitkumar/iTrueService/DevCode/iservice-app/app/components/BillUsage/BillDetails/TMBillDetails.style.js": {"path":"/Users/amitkumar/iTrueService/DevCode/iservice-app/app/components/BillUsage/BillDetails/TMBillDetails.style.js","statementMap":{},"fnMap":{},"branchMap":{},"s":{},"f":{},"b":{},"_coverageSchema":"332fd63041d2c1bcb487cc26dd0d5f7d97098a6c","hash":"25c414e3d137889177271c7da705a95f14ba5c38"}
,"/Users/amitkumar/iTrueService/DevCode/iservice-app/app/components/BillUsage/BillUsage/BillUsage.component.js": {"path":"/Users/amitkumar/iTrueService/DevCode/iservice-app/app/components/BillUsage/BillUsage/BillUsage.component.js","statementMap":{"0":{"start":{"line":18,"column":225},"end":{"line":18,"column":235}},"1":{"start":{"line":19,"column":54},"end":{"line":19,"column":65}},"2":{"start":{"line":20,"column":35},"end":{"line":20,"column":64}},"3":{"start":{"line":21,"column":24},"end":{"line":21,"column":36}},"4":{"start":{"line":22,"column":27},"end":{"line":22,"column":90}},"5":{"start":{"line":22,"column":66},"end":{"line":22,"column":89}},"6":{"start":{"line":23,"column":27},"end":{"line":23,"column":79}},"7":{"start":{"line":23,"column":55},"end":{"line":23,"column":78}},"8":{"start":{"line":24,"column":4},"end":{"line":45,"column":6}},"9":{"start":{"line":49,"column":0},"end":{"line":68,"column":2}},"10":{"start":{"line":70,"column":0},"end":{"line":89,"column":2}}},"fnMap":{"0":{"name":"(anonymous_0)","decl":{"start":{"line":17,"column":2},"end":{"line":17,"column":3}},"loc":{"start":{"line":17,"column":12},"end":{"line":46,"column":3}},"line":17},"1":{"name":"(anonymous_1)","decl":{"start":{"line":22,"column":56},"end":{"line":22,"column":57}},"loc":{"start":{"line":22,"column":66},"end":{"line":22,"column":89}},"line":22},"2":{"name":"(anonymous_2)","decl":{"start":{"line":23,"column":45},"end":{"line":23,"column":46}},"loc":{"start":{"line":23,"column":55},"end":{"line":23,"column":78}},"line":23}},"branchMap":{"0":{"loc":{"start":{"line":22,"column":66},"end":{"line":22,"column":89}},"type":"binary-expr","locations":[{"start":{"line":22,"column":66},"end":{"line":22,"column":70}},{"start":{"line":22,"column":74},"end":{"line":22,"column":89}}],"line":22},"1":{"loc":{"start":{"line":23,"column":55},"end":{"line":23,"column":78}},"type":"binary-expr","locations":[{"start":{"line":23,"column":55},"end":{"line":23,"column":59}},{"start":{"line":23,"column":63},"end":{"line":23,"column":78}}],"line":23},"2":{"loc":{"start":{"line":32,"column":12},"end":{"line":36,"column":18}},"type":"cond-expr","locations":[{"start":{"line":33,"column":14},"end":{"line":35,"column":209}},{"start":{"line":36,"column":14},"end":{"line":36,"column":18}}],"line":32},"3":{"loc":{"start":{"line":39,"column":12},"end":{"line":41,"column":18}},"type":"cond-expr","locations":[{"start":{"line":40,"column":14},"end":{"line":40,"column":290}},{"start":{"line":41,"column":14},"end":{"line":41,"column":18}}],"line":39},"4":{"loc":{"start":{"line":40,"column":72},"end":{"line":40,"column":117}},"type":"cond-expr","locations":[{"start":{"line":40,"column":89},"end":{"line":40,"column":112}},{"start":{"line":40,"column":115},"end":{"line":40,"column":117}}],"line":40}},"s":{"0":1,"1":1,"2":1,"3":1,"4":1,"5":4,"6":1,"7":1,"8":1,"9":38,"10":38},"f":{"0":1,"1":4,"2":1},"b":{"0":[4,4],"1":[1,1],"2":[0,1],"3":[0,1],"4":[0,0]},"_coverageSchema":"332fd63041d2c1bcb487cc26dd0d5f7d97098a6c","hash":"e8b9bbddf570ff4cc9deb4464a8e61242b06b812"}
,"/Users/amitkumar/iTrueService/DevCode/iservice-app/app/components/BillUsage/BillUsage/BillUsage.style.js": {"path":"/Users/amitkumar/iTrueService/DevCode/iservice-app/app/components/BillUsage/BillUsage/BillUsage.style.js","statementMap":{"0":{"start":{"line":3,"column":19},"end":{"line":6,"column":1}}},"fnMap":{},"branchMap":{},"s":{"0":39},"f":{},"b":{},"_coverageSchema":"332fd63041d2c1bcb487cc26dd0d5f7d97098a6c","hash":"bd49888b69e5cdbb184eeb5aa0a48dbc0af32fe1"}
,"/Users/amitkumar/iTrueService/DevCode/iservice-app/app/components/BillUsage/BillUsage/PreLoginPayBill.component.js": {"path":"/Users/amitkumar/iTrueService/DevCode/iservice-app/app/components/BillUsage/BillUsage/PreLoginPayBill.component.js","statementMap":{"0":{"start":{"line":22,"column":4},"end":{"line":24,"column":5}},"1":{"start":{"line":23,"column":6},"end":{"line":23,"column":43}},"2":{"start":{"line":27,"column":4},"end":{"line":27,"column":42}},"3":{"start":{"line":28,"column":4},"end":{"line":28,"column":88}},"4":{"start":{"line":30,"column":24},"end":{"line":30,"column":144}},"5":{"start":{"line":31,"column":23},"end":{"line":31,"column":59}},"6":{"start":{"line":34,"column":75},"end":{"line":34,"column":85}},"7":{"start":{"line":35,"column":54},"end":{"line":35,"column":65}},"8":{"start":{"line":36,"column":35},"end":{"line":36,"column":64}},"9":{"start":{"line":37,"column":24},"end":{"line":37,"column":36}},"10":{"start":{"line":38,"column":27},"end":{"line":38,"column":82}},"11":{"start":{"line":38,"column":66},"end":{"line":38,"column":81}},"12":{"start":{"line":39,"column":27},"end":{"line":39,"column":71}},"13":{"start":{"line":39,"column":55},"end":{"line":39,"column":70}},"14":{"start":{"line":40,"column":31},"end":{"line":40,"column":107}},"15":{"start":{"line":41,"column":4},"end":{"line":64,"column":6}},"16":{"start":{"line":68,"column":0},"end":{"line":90,"column":2}},"17":{"start":{"line":91,"column":0},"end":{"line":116,"column":2}}},"fnMap":{"0":{"name":"(anonymous_0)","decl":{"start":{"line":21,"column":30},"end":{"line":21,"column":31}},"loc":{"start":{"line":21,"column":45},"end":{"line":25,"column":3}},"line":21},"1":{"name":"(anonymous_1)","decl":{"start":{"line":26,"column":21},"end":{"line":26,"column":22}},"loc":{"start":{"line":26,"column":51},"end":{"line":29,"column":3}},"line":26},"2":{"name":"(anonymous_2)","decl":{"start":{"line":30,"column":15},"end":{"line":30,"column":16}},"loc":{"start":{"line":30,"column":24},"end":{"line":30,"column":144}},"line":30},"3":{"name":"(anonymous_3)","decl":{"start":{"line":31,"column":17},"end":{"line":31,"column":18}},"loc":{"start":{"line":31,"column":23},"end":{"line":31,"column":59}},"line":31},"4":{"name":"(anonymous_4)","decl":{"start":{"line":32,"column":2},"end":{"line":32,"column":3}},"loc":{"start":{"line":32,"column":12},"end":{"line":65,"column":3}},"line":32},"5":{"name":"(anonymous_5)","decl":{"start":{"line":38,"column":56},"end":{"line":38,"column":57}},"loc":{"start":{"line":38,"column":66},"end":{"line":38,"column":81}},"line":38},"6":{"name":"(anonymous_6)","decl":{"start":{"line":39,"column":45},"end":{"line":39,"column":46}},"loc":{"start":{"line":39,"column":55},"end":{"line":39,"column":70}},"line":39}},"branchMap":{"0":{"loc":{"start":{"line":22,"column":4},"end":{"line":24,"column":5}},"type":"if","locations":[{"start":{"line":22,"column":4},"end":{"line":24,"column":5}},{"start":{"line":22,"column":4},"end":{"line":24,"column":5}}],"line":22},"1":{"loc":{"start":{"line":22,"column":8},"end":{"line":22,"column":67}},"type":"binary-expr","locations":[{"start":{"line":22,"column":8},"end":{"line":22,"column":36}},{"start":{"line":22,"column":40},"end":{"line":22,"column":67}}],"line":22},"2":{"loc":{"start":{"line":40,"column":31},"end":{"line":40,"column":107}},"type":"cond-expr","locations":[{"start":{"line":40,"column":53},"end":{"line":40,"column":79}},{"start":{"line":40,"column":82},"end":{"line":40,"column":107}}],"line":40},"3":{"loc":{"start":{"line":43,"column":9},"end":{"line":43,"column":220}},"type":"cond-expr","locations":[{"start":{"line":43,"column":54},"end":{"line":43,"column":213}},{"start":{"line":43,"column":216},"end":{"line":43,"column":220}}],"line":43},"4":{"loc":{"start":{"line":43,"column":10},"end":{"line":43,"column":50}},"type":"binary-expr","locations":[{"start":{"line":43,"column":10},"end":{"line":43,"column":23}},{"start":{"line":43,"column":27},"end":{"line":43,"column":50}}],"line":43},"5":{"loc":{"start":{"line":50,"column":12},"end":{"line":54,"column":18}},"type":"cond-expr","locations":[{"start":{"line":51,"column":14},"end":{"line":53,"column":65}},{"start":{"line":54,"column":14},"end":{"line":54,"column":18}}],"line":50},"6":{"loc":{"start":{"line":57,"column":12},"end":{"line":60,"column":18}},"type":"cond-expr","locations":[{"start":{"line":58,"column":14},"end":{"line":59,"column":170}},{"start":{"line":60,"column":14},"end":{"line":60,"column":18}}],"line":57},"7":{"loc":{"start":{"line":58,"column":72},"end":{"line":58,"column":117}},"type":"cond-expr","locations":[{"start":{"line":58,"column":89},"end":{"line":58,"column":112}},{"start":{"line":58,"column":115},"end":{"line":58,"column":117}}],"line":58}},"s":{"0":0,"1":0,"2":0,"3":0,"4":0,"5":0,"6":1,"7":1,"8":1,"9":1,"10":1,"11":4,"12":1,"13":1,"14":1,"15":1,"16":38,"17":38},"f":{"0":0,"1":0,"2":0,"3":0,"4":1,"5":4,"6":1},"b":{"0":[0,0],"1":[0,0],"2":[0,1],"3":[0,1],"4":[1,0],"5":[0,1],"6":[0,1],"7":[0,0]},"_coverageSchema":"332fd63041d2c1bcb487cc26dd0d5f7d97098a6c","hash":"62faccdecb9a17a52b85a89d2d08c5b1dee0a4fb"}
,"/Users/amitkumar/iTrueService/DevCode/iservice-app/app/components/BillUsage/BillUsage/PreLoginPayBill.style.js": {"path":"/Users/amitkumar/iTrueService/DevCode/iservice-app/app/components/BillUsage/BillUsage/PreLoginPayBill.style.js","statementMap":{},"fnMap":{},"branchMap":{},"s":{},"f":{},"b":{},"_coverageSchema":"332fd63041d2c1bcb487cc26dd0d5f7d97098a6c","hash":"daeae3b8e12af5ce3c80549bab9ce2afd3f3aa14"}
,"/Users/amitkumar/iTrueService/DevCode/iservice-app/app/components/BillUsage/BillUsage/BillUsageShared/DetailCardRow.component.js": {"path":"/Users/amitkumar/iTrueService/DevCode/iservice-app/app/components/BillUsage/BillUsage/BillUsageShared/DetailCardRow.component.js","statementMap":{"0":{"start":{"line":13,"column":124},"end":{"line":13,"column":134}},"1":{"start":{"line":14,"column":23},"end":{"line":14,"column":28}},"2":{"start":{"line":15,"column":22},"end":{"line":15,"column":90}},"3":{"start":{"line":16,"column":31},"end":{"line":17,"column":105}},"4":{"start":{"line":18,"column":34},"end":{"line":18,"column":87}},"5":{"start":{"line":19,"column":4},"end":{"line":23,"column":5}},"6":{"start":{"line":20,"column":26},"end":{"line":20,"column":50}},"7":{"start":{"line":21,"column":6},"end":{"line":21,"column":39}},"8":{"start":{"line":22,"column":6},"end":{"line":22,"column":37}},"9":{"start":{"line":24,"column":4},"end":{"line":41,"column":6}},"10":{"start":{"line":44,"column":0},"end":{"line":56,"column":2}},"11":{"start":{"line":57,"column":0},"end":{"line":69,"column":2}}},"fnMap":{"0":{"name":"(anonymous_0)","decl":{"start":{"line":12,"column":2},"end":{"line":12,"column":3}},"loc":{"start":{"line":12,"column":12},"end":{"line":42,"column":3}},"line":12}},"branchMap":{"0":{"loc":{"start":{"line":15,"column":22},"end":{"line":15,"column":90}},"type":"cond-expr","locations":[{"start":{"line":15,"column":55},"end":{"line":15,"column":83}},{"start":{"line":15,"column":86},"end":{"line":15,"column":90}}],"line":15},"1":{"loc":{"start":{"line":16,"column":31},"end":{"line":17,"column":105}},"type":"cond-expr","locations":[{"start":{"line":17,"column":6},"end":{"line":17,"column":53}},{"start":{"line":17,"column":56},"end":{"line":17,"column":105}}],"line":16},"2":{"loc":{"start":{"line":18,"column":34},"end":{"line":18,"column":87}},"type":"cond-expr","locations":[{"start":{"line":18,"column":68},"end":{"line":18,"column":74}},{"start":{"line":18,"column":77},"end":{"line":18,"column":87}}],"line":18},"3":{"loc":{"start":{"line":19,"column":4},"end":{"line":23,"column":5}},"type":"if","locations":[{"start":{"line":19,"column":4},"end":{"line":23,"column":5}},{"start":{"line":19,"column":4},"end":{"line":23,"column":5}}],"line":19},"4":{"loc":{"start":{"line":19,"column":8},"end":{"line":19,"column":74}},"type":"binary-expr","locations":[{"start":{"line":19,"column":8},"end":{"line":19,"column":32}},{"start":{"line":19,"column":36},"end":{"line":19,"column":74}}],"line":19},"5":{"loc":{"start":{"line":28,"column":13},"end":{"line":28,"column":99}},"type":"cond-expr","locations":[{"start":{"line":28,"column":27},"end":{"line":28,"column":91}},{"start":{"line":28,"column":95},"end":{"line":28,"column":99}}],"line":28},"6":{"loc":{"start":{"line":29,"column":60},"end":{"line":29,"column":91}},"type":"cond-expr","locations":[{"start":{"line":29,"column":68},"end":{"line":29,"column":84}},{"start":{"line":29,"column":87},"end":{"line":29,"column":91}}],"line":29},"7":{"loc":{"start":{"line":33,"column":16},"end":{"line":33,"column":135}},"type":"cond-expr","locations":[{"start":{"line":33,"column":39},"end":{"line":33,"column":128}},{"start":{"line":33,"column":131},"end":{"line":33,"column":135}}],"line":33},"8":{"loc":{"start":{"line":33,"column":16},"end":{"line":33,"column":36}},"type":"binary-expr","locations":[{"start":{"line":33,"column":16},"end":{"line":33,"column":21}},{"start":{"line":33,"column":25},"end":{"line":33,"column":36}}],"line":33},"9":{"loc":{"start":{"line":34,"column":16},"end":{"line":34,"column":158}},"type":"cond-expr","locations":[{"start":{"line":34,"column":62},"end":{"line":34,"column":151}},{"start":{"line":34,"column":154},"end":{"line":34,"column":158}}],"line":34},"10":{"loc":{"start":{"line":34,"column":17},"end":{"line":34,"column":58}},"type":"binary-expr","locations":[{"start":{"line":34,"column":17},"end":{"line":34,"column":21}},{"start":{"line":34,"column":26},"end":{"line":34,"column":57}}],"line":34},"11":{"loc":{"start":{"line":36,"column":14},"end":{"line":36,"column":121}},"type":"cond-expr","locations":[{"start":{"line":36,"column":24},"end":{"line":36,"column":114}},{"start":{"line":36,"column":117},"end":{"line":36,"column":121}}],"line":36},"12":{"loc":{"start":{"line":39,"column":9},"end":{"line":39,"column":67}},"type":"binary-expr","locations":[{"start":{"line":39,"column":9},"end":{"line":39,"column":22}},{"start":{"line":39,"column":26},"end":{"line":39,"column":67}}],"line":39}},"s":{"0":18,"1":18,"2":18,"3":18,"4":18,"5":18,"6":0,"7":0,"8":0,"9":18,"10":44,"11":44},"f":{"0":18},"b":{"0":[0,18],"1":[0,18],"2":[0,18],"3":[0,18],"4":[18,0],"5":[14,4],"6":[14,4],"7":[6,12],"8":[18,14],"9":[2,16],"10":[18,2],"11":[8,10],"12":[18,18]},"_coverageSchema":"332fd63041d2c1bcb487cc26dd0d5f7d97098a6c","hash":"f13b9fbea6cd67cfb871c9b3e717beae8cde417d"}
,"/Users/amitkumar/iTrueService/DevCode/iservice-app/app/components/BillUsage/BillUsage/BillUsageShared/DetailCardRow.style.js": {"path":"/Users/amitkumar/iTrueService/DevCode/iservice-app/app/components/BillUsage/BillUsage/BillUsageShared/DetailCardRow.style.js","statementMap":{},"fnMap":{},"branchMap":{},"s":{},"f":{},"b":{},"_coverageSchema":"332fd63041d2c1bcb487cc26dd0d5f7d97098a6c","hash":"fe665f2a4f219c47280763ee25178da4aaa4660a"}
,"/Users/amitkumar/iTrueService/DevCode/iservice-app/app/components/BillUsage/BillUsage/BillUsageShared/HeaderWithCaret.component.js": {"path":"/Users/amitkumar/iTrueService/DevCode/iservice-app/app/components/BillUsage/BillUsage/BillUsageShared/HeaderWithCaret.component.js","statementMap":{"0":{"start":{"line":13,"column":83},"end":{"line":13,"column":93}},"1":{"start":{"line":14,"column":4},"end":{"line":24,"column":15}},"2":{"start":{"line":27,"column":0},"end":{"line":33,"column":2}},"3":{"start":{"line":34,"column":0},"end":{"line":41,"column":2}}},"fnMap":{"0":{"name":"(anonymous_0)","decl":{"start":{"line":12,"column":2},"end":{"line":12,"column":3}},"loc":{"start":{"line":12,"column":12},"end":{"line":25,"column":3}},"line":12}},"branchMap":{"0":{"loc":{"start":{"line":17,"column":11},"end":{"line":21,"column":17}},"type":"cond-expr","locations":[{"start":{"line":17,"column":25},"end":{"line":19,"column":17}},{"start":{"line":19,"column":20},"end":{"line":21,"column":17}}],"line":17}},"s":{"0":15,"1":15,"2":45,"3":45},"f":{"0":15},"b":{"0":[2,13]},"_coverageSchema":"332fd63041d2c1bcb487cc26dd0d5f7d97098a6c","hash":"216a141c5e8caae787351c693b79ffaacf816c97"}
,"/Users/amitkumar/iTrueService/DevCode/iservice-app/app/components/BillUsage/BillUsage/BillUsageShared/HeaderWithCaret.styles.js": {"path":"/Users/amitkumar/iTrueService/DevCode/iservice-app/app/components/BillUsage/BillUsage/BillUsageShared/HeaderWithCaret.styles.js","statementMap":{},"fnMap":{},"branchMap":{},"s":{},"f":{},"b":{},"_coverageSchema":"332fd63041d2c1bcb487cc26dd0d5f7d97098a6c","hash":"fb7646488b272eb67c9880635df1aad2d6ac84eb"}
,"/Users/amitkumar/iTrueService/DevCode/iservice-app/app/components/BillUsage/BillUsage/BillUsageShared/index.js": {"path":"/Users/amitkumar/iTrueService/DevCode/iservice-app/app/components/BillUsage/BillUsage/BillUsageShared/index.js","statementMap":{},"fnMap":{},"branchMap":{},"s":{},"f":{},"b":{},"_coverageSchema":"332fd63041d2c1bcb487cc26dd0d5f7d97098a6c","hash":"a3ed3df22797991d0c6f8b711ad3e8e65255b5e8"}
,"/Users/amitkumar/iTrueService/DevCode/iservice-app/app/components/BillUsage/BillUsage/BillUsageShared/BillHistoryList/BillHistoryList.component.js": {"path":"/Users/amitkumar/iTrueService/DevCode/iservice-app/app/components/BillUsage/BillUsage/BillUsageShared/BillHistoryList/BillHistoryList.component.js","statementMap":{"0":{"start":{"line":12,"column":35},"end":{"line":12,"column":81}},"1":{"start":{"line":12,"column":41},"end":{"line":12,"column":81}},"2":{"start":{"line":15,"column":80},"end":{"line":15,"column":90}},"3":{"start":{"line":16,"column":24},"end":{"line":16,"column":32}},"4":{"start":{"line":17,"column":4},"end":{"line":45,"column":6}},"5":{"start":{"line":23,"column":29},"end":{"line":23,"column":72}},"6":{"start":{"line":24,"column":32},"end":{"line":24,"column":56}},"7":{"start":{"line":25,"column":32},"end":{"line":25,"column":69}},"8":{"start":{"line":26,"column":12},"end":{"line":40,"column":14}},"9":{"start":{"line":49,"column":0},"end":{"line":56,"column":2}},"10":{"start":{"line":58,"column":0},"end":{"line":65,"column":2}}},"fnMap":{"0":{"name":"(anonymous_0)","decl":{"start":{"line":12,"column":20},"end":{"line":12,"column":21}},"loc":{"start":{"line":12,"column":35},"end":{"line":12,"column":81}},"line":12},"1":{"name":"(anonymous_1)","decl":{"start":{"line":12,"column":35},"end":{"line":12,"column":36}},"loc":{"start":{"line":12,"column":41},"end":{"line":12,"column":81}},"line":12},"2":{"name":"(anonymous_2)","decl":{"start":{"line":14,"column":2},"end":{"line":14,"column":3}},"loc":{"start":{"line":14,"column":12},"end":{"line":46,"column":3}},"line":14},"3":{"name":"(anonymous_3)","decl":{"start":{"line":22,"column":23},"end":{"line":22,"column":24}},"loc":{"start":{"line":22,"column":40},"end":{"line":41,"column":11}},"line":22}},"branchMap":{"0":{"loc":{"start":{"line":19,"column":9},"end":{"line":20,"column":15}},"type":"binary-expr","locations":[{"start":{"line":19,"column":9},"end":{"line":19,"column":20}},{"start":{"line":19,"column":24},"end":{"line":20,"column":15}}],"line":19},"1":{"loc":{"start":{"line":21,"column":9},"end":{"line":41,"column":134}},"type":"cond-expr","locations":[{"start":{"line":22,"column":10},"end":{"line":41,"column":12}},{"start":{"line":41,"column":15},"end":{"line":41,"column":134}}],"line":21},"2":{"loc":{"start":{"line":21,"column":9},"end":{"line":21,"column":40}},"type":"binary-expr","locations":[{"start":{"line":21,"column":9},"end":{"line":21,"column":17}},{"start":{"line":21,"column":21},"end":{"line":21,"column":40}}],"line":21},"3":{"loc":{"start":{"line":30,"column":66},"end":{"line":30,"column":241}},"type":"cond-expr","locations":[{"start":{"line":30,"column":86},"end":{"line":30,"column":164}},{"start":{"line":30,"column":167},"end":{"line":30,"column":241}}],"line":30}},"s":{"0":0,"1":0,"2":1,"3":1,"4":1,"5":0,"6":0,"7":0,"8":0,"9":47,"10":47},"f":{"0":0,"1":0,"2":1,"3":0},"b":{"0":[1,0],"1":[0,1],"2":[1,1],"3":[0,0]},"_coverageSchema":"332fd63041d2c1bcb487cc26dd0d5f7d97098a6c","hash":"ab82ab10fe00b15fdc077eec910a1243170ba9ee"}
,"/Users/amitkumar/iTrueService/DevCode/iservice-app/app/components/BillUsage/BillUsage/BillUsageShared/BillHistoryList/BillHistoryList.style.js": {"path":"/Users/amitkumar/iTrueService/DevCode/iservice-app/app/components/BillUsage/BillUsage/BillUsageShared/BillHistoryList/BillHistoryList.style.js","statementMap":{"0":{"start":{"line":3,"column":22},"end":{"line":6,"column":1}}},"fnMap":{},"branchMap":{},"s":{"0":47},"f":{},"b":{},"_coverageSchema":"332fd63041d2c1bcb487cc26dd0d5f7d97098a6c","hash":"e1d09a4872dd84384af3845fd469a618db0c2d13"}
,"/Users/amitkumar/iTrueService/DevCode/iservice-app/app/components/BillUsage/BillUsage/BillUsageShared/CurrentUsageCard/CurrentUsageCard.component.js": {"path":"/Users/amitkumar/iTrueService/DevCode/iservice-app/app/components/BillUsage/BillUsage/BillUsageShared/CurrentUsageCard/CurrentUsageCard.component.js","statementMap":{"0":{"start":{"line":9,"column":25},"end":{"line":26,"column":1}},"1":{"start":{"line":10,"column":2},"end":{"line":25,"column":9}},"2":{"start":{"line":13,"column":8},"end":{"line":19,"column":121}},"3":{"start":{"line":28,"column":0},"end":{"line":32,"column":2}},"4":{"start":{"line":34,"column":0},"end":{"line":39,"column":2}}},"fnMap":{"0":{"name":"(anonymous_0)","decl":{"start":{"line":9,"column":25},"end":{"line":9,"column":26}},"loc":{"start":{"line":10,"column":2},"end":{"line":25,"column":9}},"line":10},"1":{"name":"(anonymous_1)","decl":{"start":{"line":12,"column":16},"end":{"line":12,"column":17}},"loc":{"start":{"line":13,"column":8},"end":{"line":19,"column":121}},"line":13}},"branchMap":{"0":{"loc":{"start":{"line":16,"column":13},"end":{"line":16,"column":118}},"type":"binary-expr","locations":[{"start":{"line":16,"column":13},"end":{"line":16,"column":27}},{"start":{"line":16,"column":31},"end":{"line":16,"column":118}}],"line":16},"1":{"loc":{"start":{"line":19,"column":17},"end":{"line":19,"column":120}},"type":"cond-expr","locations":[{"start":{"line":19,"column":45},"end":{"line":19,"column":113}},{"start":{"line":19,"column":116},"end":{"line":19,"column":120}}],"line":19},"2":{"loc":{"start":{"line":22,"column":6},"end":{"line":24,"column":16}},"type":"binary-expr","locations":[{"start":{"line":22,"column":6},"end":{"line":22,"column":15}},{"start":{"line":22,"column":19},"end":{"line":24,"column":16}}],"line":22}},"s":{"0":48,"1":5,"2":8,"3":48,"4":48},"f":{"0":5,"1":8},"b":{"0":[8,0],"1":[4,4],"2":[5,0]},"_coverageSchema":"332fd63041d2c1bcb487cc26dd0d5f7d97098a6c","hash":"bef9d6fda7d8f0e630a0652a187447c6156ad700"}
,"/Users/amitkumar/iTrueService/DevCode/iservice-app/app/components/BillUsage/BillUsage/BillUsageShared/CurrentUsageCard/CurrentUsageCard.style.js": {"path":"/Users/amitkumar/iTrueService/DevCode/iservice-app/app/components/BillUsage/BillUsage/BillUsageShared/CurrentUsageCard/CurrentUsageCard.style.js","statementMap":{},"fnMap":{},"branchMap":{},"s":{},"f":{},"b":{},"_coverageSchema":"332fd63041d2c1bcb487cc26dd0d5f7d97098a6c","hash":"91f948d033057feb43e5693c70bd053c133ab363"}
,"/Users/amitkumar/iTrueService/DevCode/iservice-app/app/components/BillUsage/BillUsage/BillUsageShared/CurrentUsageTConv/CurrentUsageTConv.component.js": {"path":"/Users/amitkumar/iTrueService/DevCode/iservice-app/app/components/BillUsage/BillUsage/BillUsageShared/CurrentUsageTConv/CurrentUsageTConv.component.js","statementMap":{"0":{"start":{"line":15,"column":4},"end":{"line":15,"column":88}},"1":{"start":{"line":18,"column":56},"end":{"line":18,"column":66}},"2":{"start":{"line":19,"column":4},"end":{"line":47,"column":6}},"3":{"start":{"line":22,"column":29},"end":{"line":22,"column":33}},"4":{"start":{"line":23,"column":75},"end":{"line":23,"column":82}},"5":{"start":{"line":24,"column":30},"end":{"line":24,"column":74}},"6":{"start":{"line":25,"column":27},"end":{"line":25,"column":69}},"7":{"start":{"line":26,"column":10},"end":{"line":36,"column":11}},"8":{"start":{"line":27,"column":55},"end":{"line":27,"column":109}},"9":{"start":{"line":28,"column":32},"end":{"line":28,"column":164}},"10":{"start":{"line":29,"column":12},"end":{"line":29,"column":143}},"11":{"start":{"line":30,"column":17},"end":{"line":36,"column":11}},"12":{"start":{"line":31,"column":63},"end":{"line":31,"column":122}},"13":{"start":{"line":32,"column":32},"end":{"line":32,"column":154}},"14":{"start":{"line":33,"column":12},"end":{"line":33,"column":164}},"15":{"start":{"line":34,"column":17},"end":{"line":36,"column":11}},"16":{"start":{"line":35,"column":12},"end":{"line":35,"column":172}},"17":{"start":{"line":37,"column":10},"end":{"line":44,"column":12}},"18":{"start":{"line":51,"column":0},"end":{"line":56,"column":2}},"19":{"start":{"line":58,"column":0},"end":{"line":63,"column":2}}},"fnMap":{"0":{"name":"(anonymous_0)","decl":{"start":{"line":14,"column":31},"end":{"line":14,"column":32}},"loc":{"start":{"line":14,"column":37},"end":{"line":16,"column":3}},"line":14},"1":{"name":"(anonymous_1)","decl":{"start":{"line":17,"column":2},"end":{"line":17,"column":3}},"loc":{"start":{"line":17,"column":12},"end":{"line":48,"column":3}},"line":17},"2":{"name":"(anonymous_2)","decl":{"start":{"line":21,"column":22},"end":{"line":21,"column":23}},"loc":{"start":{"line":21,"column":42},"end":{"line":45,"column":9}},"line":21}},"branchMap":{"0":{"loc":{"start":{"line":26,"column":10},"end":{"line":36,"column":11}},"type":"if","locations":[{"start":{"line":26,"column":10},"end":{"line":36,"column":11}},{"start":{"line":26,"column":10},"end":{"line":36,"column":11}}],"line":26},"1":{"loc":{"start":{"line":26,"column":14},"end":{"line":26,"column":68}},"type":"binary-expr","locations":[{"start":{"line":26,"column":14},"end":{"line":26,"column":53}},{"start":{"line":26,"column":57},"end":{"line":26,"column":68}}],"line":26},"2":{"loc":{"start":{"line":30,"column":17},"end":{"line":36,"column":11}},"type":"if","locations":[{"start":{"line":30,"column":17},"end":{"line":36,"column":11}},{"start":{"line":30,"column":17},"end":{"line":36,"column":11}}],"line":30},"3":{"loc":{"start":{"line":30,"column":21},"end":{"line":30,"column":75}},"type":"binary-expr","locations":[{"start":{"line":30,"column":21},"end":{"line":30,"column":60}},{"start":{"line":30,"column":64},"end":{"line":30,"column":75}}],"line":30},"4":{"loc":{"start":{"line":34,"column":17},"end":{"line":36,"column":11}},"type":"if","locations":[{"start":{"line":34,"column":17},"end":{"line":36,"column":11}},{"start":{"line":34,"column":17},"end":{"line":36,"column":11}}],"line":34},"5":{"loc":{"start":{"line":34,"column":21},"end":{"line":34,"column":74}},"type":"binary-expr","locations":[{"start":{"line":34,"column":21},"end":{"line":34,"column":59}},{"start":{"line":34,"column":63},"end":{"line":34,"column":74}}],"line":34}},"s":{"0":0,"1":2,"2":2,"3":0,"4":0,"5":0,"6":0,"7":0,"8":0,"9":0,"10":0,"11":0,"12":0,"13":0,"14":0,"15":0,"16":0,"17":0,"18":47,"19":47},"f":{"0":0,"1":2,"2":0},"b":{"0":[0,0],"1":[0,0],"2":[0,0],"3":[0,0],"4":[0,0],"5":[0,0]},"_coverageSchema":"332fd63041d2c1bcb487cc26dd0d5f7d97098a6c","hash":"41db769cabec7589b71a09088c24f0f2835c09ee"}
,"/Users/amitkumar/iTrueService/DevCode/iservice-app/app/components/BillUsage/BillUsage/BillUsageShared/CurrentUsageTConv/CurrentUsageTConv.style.js": {"path":"/Users/amitkumar/iTrueService/DevCode/iservice-app/app/components/BillUsage/BillUsage/BillUsageShared/CurrentUsageTConv/CurrentUsageTConv.style.js","statementMap":{},"fnMap":{},"branchMap":{},"s":{},"f":{},"b":{},"_coverageSchema":"332fd63041d2c1bcb487cc26dd0d5f7d97098a6c","hash":"c7a6a98f6f9471dce9d2b4c0a9b07bb84eadf22b"}
,"/Users/amitkumar/iTrueService/DevCode/iservice-app/app/components/BillUsage/BillUsage/BillUsageShared/CurrentUsageTConv/TConvProductBaseCard.component.js": {"path":"/Users/amitkumar/iTrueService/DevCode/iservice-app/app/components/BillUsage/BillUsage/BillUsageShared/CurrentUsageTConv/TConvProductBaseCard.component.js","statementMap":{"0":{"start":{"line":13,"column":23},"end":{"line":32,"column":1}},"1":{"start":{"line":14,"column":18},"end":{"line":30,"column":3}},"2":{"start":{"line":31,"column":2},"end":{"line":31,"column":29}},"3":{"start":{"line":34,"column":31},"end":{"line":55,"column":1}},"4":{"start":{"line":35,"column":25},"end":{"line":35,"column":56}},"5":{"start":{"line":36,"column":19},"end":{"line":36,"column":21}},"6":{"start":{"line":38,"column":2},"end":{"line":50,"column":3}},"7":{"start":{"line":40,"column":4},"end":{"line":40,"column":36}},"8":{"start":{"line":41,"column":4},"end":{"line":41,"column":10}},"9":{"start":{"line":43,"column":4},"end":{"line":43,"column":55}},"10":{"start":{"line":44,"column":4},"end":{"line":44,"column":52}},"11":{"start":{"line":45,"column":4},"end":{"line":45,"column":10}},"12":{"start":{"line":47,"column":4},"end":{"line":47,"column":52}},"13":{"start":{"line":48,"column":4},"end":{"line":48,"column":10}},"14":{"start":{"line":51,"column":2},"end":{"line":54,"column":4}},"15":{"start":{"line":57,"column":23},"end":{"line":57,"column":65}},"16":{"start":{"line":66,"column":58},"end":{"line":66,"column":68}},"17":{"start":{"line":67,"column":62},"end":{"line":67,"column":69}},"18":{"start":{"line":68,"column":53},"end":{"line":68,"column":91}},"19":{"start":{"line":69,"column":43},"end":{"line":69,"column":91}},"20":{"start":{"line":70,"column":28},"end":{"line":70,"column":74}},"21":{"start":{"line":71,"column":23},"end":{"line":71,"column":105}},"22":{"start":{"line":72,"column":4},"end":{"line":87,"column":15}},"23":{"start":{"line":91,"column":0},"end":{"line":95,"column":2}},"24":{"start":{"line":97,"column":0},"end":{"line":102,"column":2}}},"fnMap":{"0":{"name":"(anonymous_0)","decl":{"start":{"line":13,"column":23},"end":{"line":13,"column":24}},"loc":{"start":{"line":13,"column":44},"end":{"line":32,"column":1}},"line":13},"1":{"name":"(anonymous_1)","decl":{"start":{"line":34,"column":31},"end":{"line":34,"column":32}},"loc":{"start":{"line":34,"column":61},"end":{"line":55,"column":1}},"line":34},"2":{"name":"(anonymous_2)","decl":{"start":{"line":65,"column":2},"end":{"line":65,"column":3}},"loc":{"start":{"line":65,"column":12},"end":{"line":88,"column":3}},"line":65}},"branchMap":{"0":{"loc":{"start":{"line":31,"column":9},"end":{"line":31,"column":28}},"type":"binary-expr","locations":[{"start":{"line":31,"column":9},"end":{"line":31,"column":22}},{"start":{"line":31,"column":26},"end":{"line":31,"column":28}}],"line":31},"1":{"loc":{"start":{"line":38,"column":2},"end":{"line":50,"column":3}},"type":"switch","locations":[{"start":{"line":39,"column":2},"end":{"line":42,"column":3}},{"start":{"line":42,"column":4},"end":{"line":46,"column":3}},{"start":{"line":46,"column":4},"end":{"line":49,"column":3}}],"line":38},"2":{"loc":{"start":{"line":71,"column":23},"end":{"line":71,"column":105}},"type":"cond-expr","locations":[{"start":{"line":71,"column":38},"end":{"line":71,"column":85}},{"start":{"line":71,"column":88},"end":{"line":71,"column":105}}],"line":71},"3":{"loc":{"start":{"line":73,"column":54},"end":{"line":73,"column":89}},"type":"binary-expr","locations":[{"start":{"line":73,"column":54},"end":{"line":73,"column":66}},{"start":{"line":73,"column":70},"end":{"line":73,"column":89}}],"line":73},"4":{"loc":{"start":{"line":75,"column":45},"end":{"line":75,"column":87}},"type":"binary-expr","locations":[{"start":{"line":75,"column":45},"end":{"line":75,"column":56}},{"start":{"line":75,"column":60},"end":{"line":75,"column":67}},{"start":{"line":75,"column":71},"end":{"line":75,"column":87}}],"line":75},"5":{"loc":{"start":{"line":76,"column":13},"end":{"line":76,"column":100}},"type":"cond-expr","locations":[{"start":{"line":76,"column":26},"end":{"line":76,"column":93}},{"start":{"line":76,"column":96},"end":{"line":76,"column":100}}],"line":76}},"s":{"0":48,"1":1,"2":1,"3":48,"4":1,"5":1,"6":1,"7":0,"8":0,"9":0,"10":0,"11":0,"12":0,"13":0,"14":1,"15":48,"16":1,"17":1,"18":1,"19":1,"20":1,"21":1,"22":1,"23":48,"24":48},"f":{"0":1,"1":1,"2":1},"b":{"0":[1,1],"1":[0,0,0],"2":[1,0],"3":[1,1],"4":[1,0,0],"5":[0,1]},"_coverageSchema":"332fd63041d2c1bcb487cc26dd0d5f7d97098a6c","hash":"120d462f5887c1fd05c4ca2917b19bc006d333d3"}
,"/Users/amitkumar/iTrueService/DevCode/iservice-app/app/components/BillUsage/BillUsage/BillUsageShared/CurrentUsageTConv/TConvProductBaseCard.style.js": {"path":"/Users/amitkumar/iTrueService/DevCode/iservice-app/app/components/BillUsage/BillUsage/BillUsageShared/CurrentUsageTConv/TConvProductBaseCard.style.js","statementMap":{},"fnMap":{},"branchMap":{},"s":{},"f":{},"b":{},"_coverageSchema":"332fd63041d2c1bcb487cc26dd0d5f7d97098a6c","hash":"3cf6df1845f6069981102833f3d78ce7276f9728"}
,"/Users/amitkumar/iTrueService/DevCode/iservice-app/app/components/BillUsage/BillUsage/BillUsageShared/CurrentUsageTM/CurrentUsageTM.component.js": {"path":"/Users/amitkumar/iTrueService/DevCode/iservice-app/app/components/BillUsage/BillUsage/BillUsageShared/CurrentUsageTM/CurrentUsageTM.component.js","statementMap":{"0":{"start":{"line":16,"column":43},"end":{"line":16,"column":52}},"1":{"start":{"line":17,"column":26},"end":{"line":17,"column":30}},"2":{"start":{"line":18,"column":22},"end":{"line":18,"column":69}},"3":{"start":{"line":19,"column":5},"end":{"line":47,"column":6}},"4":{"start":{"line":20,"column":44},"end":{"line":20,"column":57}},"5":{"start":{"line":21,"column":38},"end":{"line":21,"column":51}},"6":{"start":{"line":22,"column":21},"end":{"line":22,"column":40}},"7":{"start":{"line":23,"column":7},"end":{"line":46,"column":8}},"8":{"start":{"line":24,"column":29},"end":{"line":24,"column":53}},"9":{"start":{"line":25,"column":26},"end":{"line":25,"column":47}},"10":{"start":{"line":26,"column":34},"end":{"line":26,"column":38}},"11":{"start":{"line":27,"column":20},"end":{"line":27,"column":35}},"12":{"start":{"line":28,"column":9},"end":{"line":44,"column":10}},"13":{"start":{"line":29,"column":11},"end":{"line":29,"column":46}},"14":{"start":{"line":30,"column":11},"end":{"line":30,"column":49}},"15":{"start":{"line":31,"column":11},"end":{"line":31,"column":34}},"16":{"start":{"line":32,"column":11},"end":{"line":32,"column":21}},"17":{"start":{"line":34,"column":11},"end":{"line":34,"column":28}},"18":{"start":{"line":35,"column":11},"end":{"line":39,"column":12}},"19":{"start":{"line":36,"column":13},"end":{"line":36,"column":33}},"20":{"start":{"line":37,"column":13},"end":{"line":37,"column":77}},"21":{"start":{"line":38,"column":13},"end":{"line":38,"column":81}},"22":{"start":{"line":40,"column":11},"end":{"line":40,"column":50}},"23":{"start":{"line":41,"column":11},"end":{"line":41,"column":55}},"24":{"start":{"line":42,"column":11},"end":{"line":42,"column":67}},"25":{"start":{"line":45,"column":9},"end":{"line":45,"column":85}},"26":{"start":{"line":48,"column":23},"end":{"line":48,"column":48}},"27":{"start":{"line":49,"column":5},"end":{"line":58,"column":6}},"28":{"start":{"line":50,"column":31},"end":{"line":50,"column":78}},"29":{"start":{"line":51,"column":34},"end":{"line":51,"column":112}},"30":{"start":{"line":52,"column":7},"end":{"line":57,"column":9}},"31":{"start":{"line":59,"column":5},"end":{"line":59,"column":21}},"32":{"start":{"line":70,"column":24},"end":{"line":70,"column":33}},"33":{"start":{"line":71,"column":4},"end":{"line":73,"column":5}},"34":{"start":{"line":72,"column":6},"end":{"line":72,"column":69}},"35":{"start":{"line":76,"column":61},"end":{"line":79,"column":3}},"36":{"start":{"line":77,"column":24},"end":{"line":77,"column":34}},"37":{"start":{"line":78,"column":4},"end":{"line":78,"column":74}},"38":{"start":{"line":81,"column":103},"end":{"line":85,"column":88}},"39":{"start":{"line":88,"column":89},"end":{"line":88,"column":99}},"40":{"start":{"line":89,"column":66},"end":{"line":89,"column":76}},"41":{"start":{"line":90,"column":17},"end":{"line":90,"column":43}},"42":{"start":{"line":90,"column":53},"end":{"line":90,"column":80}},"43":{"start":{"line":91,"column":20},"end":{"line":91,"column":34}},"44":{"start":{"line":92,"column":21},"end":{"line":92,"column":36}},"45":{"start":{"line":93,"column":24},"end":{"line":93,"column":43}},"46":{"start":{"line":94,"column":30},"end":{"line":94,"column":74}},"47":{"start":{"line":95,"column":31},"end":{"line":95,"column":56}},"48":{"start":{"line":96,"column":28},"end":{"line":96,"column":53}},"49":{"start":{"line":97,"column":26},"end":{"line":97,"column":49}},"50":{"start":{"line":98,"column":39},"end":{"line":98,"column":43}},"51":{"start":{"line":99,"column":4},"end":{"line":108,"column":5}},"52":{"start":{"line":100,"column":6},"end":{"line":107,"column":7}},"53":{"start":{"line":101,"column":8},"end":{"line":101,"column":48}},"54":{"start":{"line":103,"column":8},"end":{"line":106,"column":9}},"55":{"start":{"line":104,"column":24},"end":{"line":104,"column":62}},"56":{"start":{"line":104,"column":63},"end":{"line":104,"column":69}},"57":{"start":{"line":105,"column":23},"end":{"line":105,"column":62}},"58":{"start":{"line":105,"column":63},"end":{"line":105,"column":69}},"59":{"start":{"line":109,"column":4},"end":{"line":174,"column":6}},"60":{"start":{"line":178,"column":0},"end":{"line":187,"column":2}},"61":{"start":{"line":189,"column":0},"end":{"line":198,"column":2}}},"fnMap":{"0":{"name":"(anonymous_0)","decl":{"start":{"line":15,"column":24},"end":{"line":15,"column":25}},"loc":{"start":{"line":15,"column":39},"end":{"line":60,"column":4}},"line":15},"1":{"name":"(anonymous_1)","decl":{"start":{"line":69,"column":2},"end":{"line":69,"column":3}},"loc":{"start":{"line":69,"column":40},"end":{"line":74,"column":3}},"line":69},"2":{"name":"(anonymous_2)","decl":{"start":{"line":76,"column":16},"end":{"line":76,"column":17}},"loc":{"start":{"line":76,"column":61},"end":{"line":79,"column":3}},"line":76},"3":{"name":"(anonymous_3)","decl":{"start":{"line":76,"column":61},"end":{"line":76,"column":62}},"loc":{"start":{"line":76,"column":67},"end":{"line":79,"column":3}},"line":76},"4":{"name":"(anonymous_4)","decl":{"start":{"line":81,"column":27},"end":{"line":81,"column":28}},"loc":{"start":{"line":81,"column":103},"end":{"line":85,"column":88}},"line":81},"5":{"name":"(anonymous_5)","decl":{"start":{"line":87,"column":2},"end":{"line":87,"column":3}},"loc":{"start":{"line":87,"column":12},"end":{"line":175,"column":3}},"line":87}},"branchMap":{"0":{"loc":{"start":{"line":23,"column":7},"end":{"line":46,"column":8}},"type":"if","locations":[{"start":{"line":23,"column":7},"end":{"line":46,"column":8}},{"start":{"line":23,"column":7},"end":{"line":46,"column":8}}],"line":23},"1":{"loc":{"start":{"line":24,"column":29},"end":{"line":24,"column":53}},"type":"binary-expr","locations":[{"start":{"line":24,"column":29},"end":{"line":24,"column":48}},{"start":{"line":24,"column":52},"end":{"line":24,"column":53}}],"line":24},"2":{"loc":{"start":{"line":25,"column":26},"end":{"line":25,"column":47}},"type":"binary-expr","locations":[{"start":{"line":25,"column":26},"end":{"line":25,"column":42}},{"start":{"line":25,"column":46},"end":{"line":25,"column":47}}],"line":25},"3":{"loc":{"start":{"line":28,"column":9},"end":{"line":44,"column":10}},"type":"if","locations":[{"start":{"line":28,"column":9},"end":{"line":44,"column":10}},{"start":{"line":28,"column":9},"end":{"line":44,"column":10}}],"line":28},"4":{"loc":{"start":{"line":28,"column":13},"end":{"line":28,"column":91}},"type":"binary-expr","locations":[{"start":{"line":28,"column":13},"end":{"line":28,"column":49}},{"start":{"line":28,"column":53},"end":{"line":28,"column":91}}],"line":28},"5":{"loc":{"start":{"line":35,"column":11},"end":{"line":39,"column":12}},"type":"if","locations":[{"start":{"line":35,"column":11},"end":{"line":39,"column":12}},{"start":{"line":35,"column":11},"end":{"line":39,"column":12}}],"line":35},"6":{"loc":{"start":{"line":49,"column":5},"end":{"line":58,"column":6}},"type":"if","locations":[{"start":{"line":49,"column":5},"end":{"line":58,"column":6}},{"start":{"line":49,"column":5},"end":{"line":58,"column":6}}],"line":49},"7":{"loc":{"start":{"line":49,"column":9},"end":{"line":49,"column":36}},"type":"binary-expr","locations":[{"start":{"line":49,"column":9},"end":{"line":49,"column":18}},{"start":{"line":49,"column":22},"end":{"line":49,"column":36}}],"line":49},"8":{"loc":{"start":{"line":71,"column":4},"end":{"line":73,"column":5}},"type":"if","locations":[{"start":{"line":71,"column":4},"end":{"line":73,"column":5}},{"start":{"line":71,"column":4},"end":{"line":73,"column":5}}],"line":71},"9":{"loc":{"start":{"line":76,"column":17},"end":{"line":76,"column":31}},"type":"default-arg","locations":[{"start":{"line":76,"column":29},"end":{"line":76,"column":31}}],"line":76},"10":{"loc":{"start":{"line":76,"column":33},"end":{"line":76,"column":56}},"type":"default-arg","locations":[{"start":{"line":76,"column":54},"end":{"line":76,"column":56}}],"line":76},"11":{"loc":{"start":{"line":81,"column":57},"end":{"line":81,"column":76}},"type":"default-arg","locations":[{"start":{"line":81,"column":71},"end":{"line":81,"column":76}}],"line":81},"12":{"loc":{"start":{"line":81,"column":78},"end":{"line":81,"column":97}},"type":"default-arg","locations":[{"start":{"line":81,"column":93},"end":{"line":81,"column":97}}],"line":81},"13":{"loc":{"start":{"line":84,"column":5},"end":{"line":84,"column":119}},"type":"binary-expr","locations":[{"start":{"line":84,"column":5},"end":{"line":84,"column":17}},{"start":{"line":84,"column":21},"end":{"line":84,"column":119}}],"line":84},"14":{"loc":{"start":{"line":85,"column":5},"end":{"line":85,"column":80}},"type":"binary-expr","locations":[{"start":{"line":85,"column":5},"end":{"line":85,"column":17}},{"start":{"line":85,"column":21},"end":{"line":85,"column":80}}],"line":85},"15":{"loc":{"start":{"line":93,"column":24},"end":{"line":93,"column":43}},"type":"binary-expr","locations":[{"start":{"line":93,"column":24},"end":{"line":93,"column":31}},{"start":{"line":93,"column":35},"end":{"line":93,"column":43}}],"line":93},"16":{"loc":{"start":{"line":94,"column":30},"end":{"line":94,"column":74}},"type":"binary-expr","locations":[{"start":{"line":94,"column":30},"end":{"line":94,"column":37}},{"start":{"line":94,"column":41},"end":{"line":94,"column":50}},{"start":{"line":94,"column":54},"end":{"line":94,"column":62}},{"start":{"line":94,"column":66},"end":{"line":94,"column":74}}],"line":94},"17":{"loc":{"start":{"line":99,"column":4},"end":{"line":108,"column":5}},"type":"if","locations":[{"start":{"line":99,"column":4},"end":{"line":108,"column":5}},{"start":{"line":99,"column":4},"end":{"line":108,"column":5}}],"line":99},"18":{"loc":{"start":{"line":99,"column":8},"end":{"line":99,"column":41}},"type":"binary-expr","locations":[{"start":{"line":99,"column":8},"end":{"line":99,"column":26}},{"start":{"line":99,"column":30},"end":{"line":99,"column":41}}],"line":99},"19":{"loc":{"start":{"line":100,"column":6},"end":{"line":107,"column":7}},"type":"if","locations":[{"start":{"line":100,"column":6},"end":{"line":107,"column":7}},{"start":{"line":100,"column":6},"end":{"line":107,"column":7}}],"line":100},"20":{"loc":{"start":{"line":103,"column":8},"end":{"line":106,"column":9}},"type":"switch","locations":[{"start":{"line":104,"column":8},"end":{"line":104,"column":71}},{"start":{"line":105,"column":8},"end":{"line":105,"column":71}}],"line":103},"21":{"loc":{"start":{"line":111,"column":10},"end":{"line":116,"column":29}},"type":"cond-expr","locations":[{"start":{"line":112,"column":10},"end":{"line":116,"column":22}},{"start":{"line":116,"column":25},"end":{"line":116,"column":29}}],"line":111},"22":{"loc":{"start":{"line":120,"column":12},"end":{"line":144,"column":28}},"type":"cond-expr","locations":[{"start":{"line":121,"column":14},"end":{"line":144,"column":21}},{"start":{"line":144,"column":24},"end":{"line":144,"column":28}}],"line":120},"23":{"loc":{"start":{"line":123,"column":18},"end":{"line":129,"column":26}},"type":"cond-expr","locations":[{"start":{"line":124,"column":20},"end":{"line":128,"column":41}},{"start":{"line":129,"column":22},"end":{"line":129,"column":26}}],"line":123},"24":{"loc":{"start":{"line":124,"column":20},"end":{"line":128,"column":41}},"type":"cond-expr","locations":[{"start":{"line":125,"column":22},"end":{"line":125,"column":195}},{"start":{"line":126,"column":22},"end":{"line":128,"column":41}}],"line":124},"25":{"loc":{"start":{"line":132,"column":17},"end":{"line":132,"column":79}},"type":"cond-expr","locations":[{"start":{"line":132,"column":39},"end":{"line":132,"column":72}},{"start":{"line":132,"column":75},"end":{"line":132,"column":79}}],"line":132},"26":{"loc":{"start":{"line":132,"column":17},"end":{"line":132,"column":36}},"type":"binary-expr","locations":[{"start":{"line":132,"column":17},"end":{"line":132,"column":25}},{"start":{"line":132,"column":29},"end":{"line":132,"column":36}}],"line":132},"27":{"loc":{"start":{"line":135,"column":18},"end":{"line":141,"column":26}},"type":"cond-expr","locations":[{"start":{"line":136,"column":20},"end":{"line":140,"column":41}},{"start":{"line":141,"column":22},"end":{"line":141,"column":26}}],"line":135},"28":{"loc":{"start":{"line":136,"column":20},"end":{"line":140,"column":41}},"type":"cond-expr","locations":[{"start":{"line":137,"column":22},"end":{"line":137,"column":174}},{"start":{"line":138,"column":22},"end":{"line":140,"column":41}}],"line":136},"29":{"loc":{"start":{"line":148,"column":12},"end":{"line":150,"column":20}},"type":"cond-expr","locations":[{"start":{"line":149,"column":14},"end":{"line":149,"column":439}},{"start":{"line":150,"column":16},"end":{"line":150,"column":20}}],"line":148},"30":{"loc":{"start":{"line":156,"column":10},"end":{"line":163,"column":31}},"type":"cond-expr","locations":[{"start":{"line":157,"column":12},"end":{"line":163,"column":24}},{"start":{"line":163,"column":27},"end":{"line":163,"column":31}}],"line":156}},"s":{"0":8,"1":8,"2":8,"3":8,"4":7,"5":7,"6":7,"7":7,"8":7,"9":7,"10":7,"11":7,"12":7,"13":1,"14":1,"15":1,"16":1,"17":6,"18":6,"19":6,"20":6,"21":6,"22":6,"23":6,"24":6,"25":7,"26":8,"27":8,"28":1,"29":1,"30":1,"31":8,"32":0,"33":0,"34":0,"35":6,"36":0,"37":0,"38":0,"39":6,"40":6,"41":6,"42":6,"43":6,"44":6,"45":6,"46":6,"47":6,"48":6,"49":6,"50":6,"51":6,"52":0,"53":0,"54":0,"55":0,"56":0,"57":0,"58":0,"59":6,"60":49,"61":49},"f":{"0":8,"1":0,"2":6,"3":0,"4":0,"5":6},"b":{"0":[7,0],"1":[7,4],"2":[7,2],"3":[1,6],"4":[7,7],"5":[6,0],"6":[1,7],"7":[8,8],"8":[0,0],"9":[6],"10":[6],"11":[0],"12":[0],"13":[0,0],"14":[0,0],"15":[6,6],"16":[6,0,6,6],"17":[0,6],"18":[6,0],"19":[0,0],"20":[0,0],"21":[0,6],"22":[0,6],"23":[0,0],"24":[0,0],"25":[0,0],"26":[0,0],"27":[0,0],"28":[0,0],"29":[0,6],"30":[0,6]},"_coverageSchema":"332fd63041d2c1bcb487cc26dd0d5f7d97098a6c","hash":"84521eed1c9b341cb7056cf8e55953cc9547173b"}
,"/Users/amitkumar/iTrueService/DevCode/iservice-app/app/components/BillUsage/BillUsage/BillUsageShared/CurrentUsageTM/CurrentUsageTM.style.js": {"path":"/Users/amitkumar/iTrueService/DevCode/iservice-app/app/components/BillUsage/BillUsage/BillUsageShared/CurrentUsageTM/CurrentUsageTM.style.js","statementMap":{},"fnMap":{},"branchMap":{},"s":{},"f":{},"b":{},"_coverageSchema":"332fd63041d2c1bcb487cc26dd0d5f7d97098a6c","hash":"a2ca9b4c1e98020c19413a2b9b84dfcc57209708"}
,"/Users/amitkumar/iTrueService/DevCode/iservice-app/app/components/BillUsage/BillUsage/BillUsageShared/HotExtraPackageCard/HotExtraPackageCard.component.js": {"path":"/Users/amitkumar/iTrueService/DevCode/iservice-app/app/components/BillUsage/BillUsage/BillUsageShared/HotExtraPackageCard/HotExtraPackageCard.component.js","statementMap":{"0":{"start":{"line":11,"column":125},"end":{"line":11,"column":135}},"1":{"start":{"line":12,"column":23},"end":{"line":12,"column":25}},"2":{"start":{"line":13,"column":4},"end":{"line":17,"column":5}},"3":{"start":{"line":14,"column":19},"end":{"line":14,"column":43}},"4":{"start":{"line":14,"column":44},"end":{"line":14,"column":50}},"5":{"start":{"line":15,"column":20},"end":{"line":15,"column":45}},"6":{"start":{"line":15,"column":46},"end":{"line":15,"column":52}},"7":{"start":{"line":16,"column":21},"end":{"line":16,"column":45}},"8":{"start":{"line":16,"column":46},"end":{"line":16,"column":52}},"9":{"start":{"line":18,"column":4},"end":{"line":43,"column":15}},"10":{"start":{"line":47,"column":0},"end":{"line":57,"column":2}},"11":{"start":{"line":59,"column":0},"end":{"line":69,"column":2}}},"fnMap":{"0":{"name":"(anonymous_0)","decl":{"start":{"line":10,"column":2},"end":{"line":10,"column":3}},"loc":{"start":{"line":10,"column":12},"end":{"line":44,"column":3}},"line":10}},"branchMap":{"0":{"loc":{"start":{"line":13,"column":4},"end":{"line":17,"column":5}},"type":"switch","locations":[{"start":{"line":14,"column":4},"end":{"line":14,"column":52}},{"start":{"line":15,"column":4},"end":{"line":15,"column":54}},{"start":{"line":16,"column":4},"end":{"line":16,"column":54}}],"line":13},"1":{"loc":{"start":{"line":20,"column":9},"end":{"line":20,"column":138}},"type":"cond-expr","locations":[{"start":{"line":20,"column":25},"end":{"line":20,"column":131}},{"start":{"line":20,"column":134},"end":{"line":20,"column":138}}],"line":20}},"s":{"0":2,"1":2,"2":2,"3":0,"4":0,"5":0,"6":0,"7":0,"8":0,"9":2,"10":50,"11":50},"f":{"0":2},"b":{"0":[0,0,0],"1":[0,2]},"_coverageSchema":"332fd63041d2c1bcb487cc26dd0d5f7d97098a6c","hash":"a06b90622f98e323fa3514080e5fd3a09899c683"}
,"/Users/amitkumar/iTrueService/DevCode/iservice-app/app/components/BillUsage/BillUsage/BillUsageShared/HotExtraPackageCard/HotExtraPackageCard.style.js": {"path":"/Users/amitkumar/iTrueService/DevCode/iservice-app/app/components/BillUsage/BillUsage/BillUsageShared/HotExtraPackageCard/HotExtraPackageCard.style.js","statementMap":{},"fnMap":{},"branchMap":{},"s":{},"f":{},"b":{},"_coverageSchema":"332fd63041d2c1bcb487cc26dd0d5f7d97098a6c","hash":"b1e812f1ae3eb36af12d914ea471ca7b49aedabd"}
,"/Users/amitkumar/iTrueService/DevCode/iservice-app/app/components/BillUsage/BillUsage/BillUsageShared/PackageDetailHeader/PackageDetailHeader.component.js": {"path":"/Users/amitkumar/iTrueService/DevCode/iservice-app/app/components/BillUsage/BillUsage/BillUsageShared/PackageDetailHeader/PackageDetailHeader.component.js","statementMap":{"0":{"start":{"line":11,"column":30},"end":{"line":11,"column":107}},"1":{"start":{"line":12,"column":97},"end":{"line":12,"column":107}},"2":{"start":{"line":13,"column":4},"end":{"line":29,"column":6}},"3":{"start":{"line":32,"column":0},"end":{"line":40,"column":2}},"4":{"start":{"line":41,"column":0},"end":{"line":49,"column":2}}},"fnMap":{"0":{"name":"(anonymous_0)","decl":{"start":{"line":10,"column":2},"end":{"line":10,"column":3}},"loc":{"start":{"line":10,"column":12},"end":{"line":30,"column":3}},"line":10}},"branchMap":{"0":{"loc":{"start":{"line":11,"column":30},"end":{"line":11,"column":107}},"type":"cond-expr","locations":[{"start":{"line":11,"column":62},"end":{"line":11,"column":83}},{"start":{"line":11,"column":86},"end":{"line":11,"column":107}}],"line":11},"1":{"loc":{"start":{"line":14,"column":21},"end":{"line":14,"column":101}},"type":"cond-expr","locations":[{"start":{"line":14,"column":52},"end":{"line":14,"column":78}},{"start":{"line":14,"column":81},"end":{"line":14,"column":101}}],"line":14},"2":{"loc":{"start":{"line":14,"column":22},"end":{"line":14,"column":48}},"type":"binary-expr","locations":[{"start":{"line":14,"column":22},"end":{"line":14,"column":35}},{"start":{"line":14,"column":39},"end":{"line":14,"column":48}}],"line":14},"3":{"loc":{"start":{"line":15,"column":24},"end":{"line":15,"column":74}},"type":"binary-expr","locations":[{"start":{"line":15,"column":25},"end":{"line":15,"column":38}},{"start":{"line":15,"column":42},"end":{"line":15,"column":51}},{"start":{"line":15,"column":56},"end":{"line":15,"column":74}}],"line":15},"4":{"loc":{"start":{"line":16,"column":11},"end":{"line":16,"column":103}},"type":"cond-expr","locations":[{"start":{"line":16,"column":18},"end":{"line":16,"column":96}},{"start":{"line":16,"column":99},"end":{"line":16,"column":103}}],"line":16},"5":{"loc":{"start":{"line":17,"column":11},"end":{"line":17,"column":108}},"type":"cond-expr","locations":[{"start":{"line":17,"column":25},"end":{"line":17,"column":101}},{"start":{"line":17,"column":104},"end":{"line":17,"column":108}}],"line":17},"6":{"loc":{"start":{"line":19,"column":10},"end":{"line":27,"column":14}},"type":"cond-expr","locations":[{"start":{"line":20,"column":10},"end":{"line":26,"column":17}},{"start":{"line":27,"column":10},"end":{"line":27,"column":14}}],"line":19},"7":{"loc":{"start":{"line":19,"column":11},"end":{"line":19,"column":50}},"type":"binary-expr","locations":[{"start":{"line":19,"column":11},"end":{"line":19,"column":25}},{"start":{"line":19,"column":29},"end":{"line":19,"column":39}},{"start":{"line":19,"column":43},"end":{"line":19,"column":50}}],"line":19}},"s":{"0":14,"1":14,"2":14,"3":43,"4":43},"f":{"0":14},"b":{"0":[0,14],"1":[3,11],"2":[14,11],"3":[14,11,3],"4":[13,1],"5":[5,9],"6":[0,14],"7":[14,11,11]},"_coverageSchema":"332fd63041d2c1bcb487cc26dd0d5f7d97098a6c","hash":"a5399756ca5d0a25b19d5962efcecbe5fb728a83"}
,"/Users/amitkumar/iTrueService/DevCode/iservice-app/app/components/BillUsage/BillUsage/BillUsageShared/PackageDetailHeader/PackageDetailHeader.style.js": {"path":"/Users/amitkumar/iTrueService/DevCode/iservice-app/app/components/BillUsage/BillUsage/BillUsageShared/PackageDetailHeader/PackageDetailHeader.style.js","statementMap":{"0":{"start":{"line":3,"column":17},"end":{"line":7,"column":1}}},"fnMap":{},"branchMap":{},"s":{"0":43},"f":{},"b":{},"_coverageSchema":"332fd63041d2c1bcb487cc26dd0d5f7d97098a6c","hash":"279d4a49950a579ed60ac31fa98fa7cff2305178"}
,"/Users/amitkumar/iTrueService/DevCode/iservice-app/app/components/BillUsage/BillUsage/BillUsageShared/PackageOverview/PackageOverview.component.js": {"path":"/Users/amitkumar/iTrueService/DevCode/iservice-app/app/components/BillUsage/BillUsage/BillUsageShared/PackageOverview/PackageOverview.component.js","statementMap":{"0":{"start":{"line":9,"column":30},"end":{"line":9,"column":40}},"1":{"start":{"line":10,"column":4},"end":{"line":16,"column":6}},"2":{"start":{"line":19,"column":0},"end":{"line":22,"column":2}},"3":{"start":{"line":23,"column":0},"end":{"line":26,"column":2}}},"fnMap":{"0":{"name":"(anonymous_0)","decl":{"start":{"line":8,"column":2},"end":{"line":8,"column":3}},"loc":{"start":{"line":8,"column":12},"end":{"line":17,"column":3}},"line":8}},"branchMap":{"0":{"loc":{"start":{"line":13,"column":9},"end":{"line":13,"column":84}},"type":"cond-expr","locations":[{"start":{"line":13,"column":20},"end":{"line":13,"column":77}},{"start":{"line":13,"column":80},"end":{"line":13,"column":84}}],"line":13}},"s":{"0":12,"1":12,"2":43,"3":43},"f":{"0":12},"b":{"0":[1,11]},"_coverageSchema":"332fd63041d2c1bcb487cc26dd0d5f7d97098a6c","hash":"43d3a3d4122f1a78a13b644ad50aa5e7eba37f81"}
,"/Users/amitkumar/iTrueService/DevCode/iservice-app/app/components/BillUsage/BillUsage/BillUsageShared/PackageOverview/PackageOverview.style.js": {"path":"/Users/amitkumar/iTrueService/DevCode/iservice-app/app/components/BillUsage/BillUsage/BillUsageShared/PackageOverview/PackageOverview.style.js","statementMap":{},"fnMap":{},"branchMap":{},"s":{},"f":{},"b":{},"_coverageSchema":"332fd63041d2c1bcb487cc26dd0d5f7d97098a6c","hash":"cf6426ac17ff9a2478c1a19b0fa6589dfd9070f7"}
,"/Users/amitkumar/iTrueService/DevCode/iservice-app/app/components/BillUsage/BillUsage/BillUsageShared/ProductCardTitle/ProductCardTitle.component.js": {"path":"/Users/amitkumar/iTrueService/DevCode/iservice-app/app/components/BillUsage/BillUsage/BillUsageShared/ProductCardTitle/ProductCardTitle.component.js","statementMap":{"0":{"start":{"line":10,"column":49},"end":{"line":10,"column":59}},"1":{"start":{"line":11,"column":26},"end":{"line":11,"column":78}},"2":{"start":{"line":12,"column":4},"end":{"line":23,"column":6}},"3":{"start":{"line":26,"column":0},"end":{"line":30,"column":2}},"4":{"start":{"line":31,"column":0},"end":{"line":36,"column":2}}},"fnMap":{"0":{"name":"(anonymous_0)","decl":{"start":{"line":9,"column":2},"end":{"line":9,"column":3}},"loc":{"start":{"line":9,"column":12},"end":{"line":24,"column":3}},"line":9}},"branchMap":{"0":{"loc":{"start":{"line":11,"column":26},"end":{"line":11,"column":78}},"type":"cond-expr","locations":[{"start":{"line":11,"column":40},"end":{"line":11,"column":61}},{"start":{"line":11,"column":64},"end":{"line":11,"column":78}}],"line":11},"1":{"loc":{"start":{"line":17,"column":14},"end":{"line":17,"column":131}},"type":"binary-expr","locations":[{"start":{"line":17,"column":14},"end":{"line":17,"column":22}},{"start":{"line":17,"column":26},"end":{"line":17,"column":131}}],"line":17}},"s":{"0":10,"1":10,"2":10,"3":50,"4":50},"f":{"0":10},"b":{"0":[1,9],"1":[10,8]},"_coverageSchema":"332fd63041d2c1bcb487cc26dd0d5f7d97098a6c","hash":"277cdbdb18ba44bb7e8876b76b49bb3c5607ff68"}
,"/Users/amitkumar/iTrueService/DevCode/iservice-app/app/components/BillUsage/BillUsage/BillUsageShared/ProductCardTitle/ProductCardTitle.style.js": {"path":"/Users/amitkumar/iTrueService/DevCode/iservice-app/app/components/BillUsage/BillUsage/BillUsageShared/ProductCardTitle/ProductCardTitle.style.js","statementMap":{},"fnMap":{},"branchMap":{},"s":{},"f":{},"b":{},"_coverageSchema":"332fd63041d2c1bcb487cc26dd0d5f7d97098a6c","hash":"0a205708df284cc1264cca576a0af90a9a1acf36"}
,"/Users/amitkumar/iTrueService/DevCode/iservice-app/app/components/BillUsage/BillUsage/ProductCards/index.js": {"path":"/Users/amitkumar/iTrueService/DevCode/iservice-app/app/components/BillUsage/BillUsage/ProductCards/index.js","statementMap":{},"fnMap":{},"branchMap":{},"s":{},"f":{},"b":{},"_coverageSchema":"332fd63041d2c1bcb487cc26dd0d5f7d97098a6c","hash":"b1104518b6b8e34bdaf1810bc15720f53d58a3b0"}
[...]
47,"column":4}},"line":21},"2":{"name":"(anonymous_2)","decl":{"start":{"line":21,"column":14},"end":{"line":21,"column":15}},"loc":{"start":{"line":21,"column":27},"end":{"line":47,"column":3}},"line":21},"3":{"name":"(anonymous_3)","decl":{"start":{"line":32,"column":17},"end":{"line":32,"column":18}},"loc":{"start":{"line":32,"column":23},"end":{"line":35,"column":9}},"line":32},"4":{"name":"(anonymous_4)","decl":{"start":{"line":44,"column":72},"end":{"line":44,"column":73}},"loc":{"start":{"line":44,"column":78},"end":{"line":44,"column":87}},"line":44}},"branchMap":{"0":{"loc":{"start":{"line":9,"column":2},"end":{"line":11,"column":3}},"type":"if","locations":[{"start":{"line":9,"column":2},"end":{"line":11,"column":3}},{"start":{"line":9,"column":2},"end":{"line":11,"column":3}}],"line":9},"1":{"loc":{"start":{"line":12,"column":2},"end":{"line":17,"column":3}},"type":"if","locations":[{"start":{"line":12,"column":2},"end":{"line":17,"column":3}},{"start":{"line":12,"column":2},"end":{"line":17,"column":3}}],"line":12},"2":{"loc":{"start":{"line":14,"column":9},"end":{"line":17,"column":3}},"type":"if","locations":[{"start":{"line":14,"column":9},"end":{"line":17,"column":3}},{"start":{"line":14,"column":9},"end":{"line":17,"column":3}}],"line":14},"3":{"loc":{"start":{"line":26,"column":6},"end":{"line":28,"column":31}},"type":"cond-expr","locations":[{"start":{"line":27,"column":10},"end":{"line":27,"column":30}},{"start":{"line":28,"column":10},"end":{"line":28,"column":31}}],"line":26},"4":{"loc":{"start":{"line":38,"column":4},"end":{"line":45,"column":5}},"type":"if","locations":[{"start":{"line":38,"column":4},"end":{"line":45,"column":5}},{"start":{"line":38,"column":4},"end":{"line":45,"column":5}}],"line":38},"5":{"loc":{"start":{"line":39,"column":16},"end":{"line":41,"column":54}},"type":"cond-expr","locations":[{"start":{"line":40,"column":10},"end":{"line":40,"column":52}},{"start":{"line":41,"column":10},"end":{"line":41,"column":54}}],"line":39}},"s":{"0":3,"1":3,"2":3,"3":2,"4":3,"5":1,"6":2,"7":1,"8":1,"9":25,"10":1,"11":1,"12":1,"13":1,"14":1,"15":0,"16":0,"17":0,"18":0,"19":0,"20":0,"21":0,"22":0,"23":0},"f":{"0":3,"1":1,"2":1,"3":0,"4":0},"b":{"0":[2,1],"1":[1,2],"2":[1,1],"3":[1,0],"4":[0,0],"5":[0,0]},"_coverageSchema":"332fd63041d2c1bcb487cc26dd0d5f7d97098a6c","hash":"ecc1f51913a6e9afa513aa324a9edeb37ac88cbe"}
,"/Users/amitkumar/iTrueService/DevCode/iservice-app/app/utils/localStorage.util.js": {"path":"/Users/amitkumar/iTrueService/DevCode/iservice-app/app/utils/localStorage.util.js","statementMap":{"0":{"start":{"line":3,"column":15},"end":{"line":3,"column":25}},"1":{"start":{"line":7,"column":4},"end":{"line":9,"column":6}},"2":{"start":{"line":8,"column":6},"end":{"line":8,"column":22}},"3":{"start":{"line":13,"column":4},"end":{"line":13,"column":78}},"4":{"start":{"line":17,"column":4},"end":{"line":17,"column":80}},"5":{"start":{"line":22,"column":17},"end":{"line":22,"column":19}},"6":{"start":{"line":23,"column":4},"end":{"line":25,"column":7}},"7":{"start":{"line":24,"column":6},"end":{"line":24,"column":71}},"8":{"start":{"line":26,"column":4},"end":{"line":26,"column":39}},"9":{"start":{"line":31,"column":4},"end":{"line":33,"column":7}},"10":{"start":{"line":32,"column":6},"end":{"line":32,"column":46}},"11":{"start":{"line":34,"column":4},"end":{"line":39,"column":7}},"12":{"start":{"line":35,"column":6},"end":{"line":37,"column":9}},"13":{"start":{"line":36,"column":8},"end":{"line":36,"column":42}},"14":{"start":{"line":38,"column":6},"end":{"line":38,"column":18}},"15":{"start":{"line":43,"column":21},"end":{"line":43,"column":39}}},"fnMap":{"0":{"name":"(anonymous_0)","decl":{"start":{"line":6,"column":2},"end":{"line":6,"column":3}},"loc":{"start":{"line":6,"column":19},"end":{"line":10,"column":3}},"line":6},"1":{"name":"(anonymous_1)","decl":{"start":{"line":7,"column":61},"end":{"line":7,"column":62}},"loc":{"start":{"line":8,"column":6},"end":{"line":8,"column":22}},"line":8},"2":{"name":"(anonymous_2)","decl":{"start":{"line":12,"column":2},"end":{"line":12,"column":3}},"loc":{"start":{"line":12,"column":25},"end":{"line":14,"column":3}},"line":12},"3":{"name":"(anonymous_3)","decl":{"start":{"line":16,"column":2},"end":{"line":16,"column":3}},"loc":{"start":{"line":16,"column":28},"end":{"line":18,"column":3}},"line":16},"4":{"name":"(anonymous_4)","decl":{"start":{"line":21,"column":2},"end":{"line":21,"column":3}},"loc":{"start":{"line":21,"column":26},"end":{"line":27,"column":3}},"line":21},"5":{"name":"(anonymous_5)","decl":{"start":{"line":23,"column":18},"end":{"line":23,"column":19}},"loc":{"start":{"line":23,"column":35},"end":{"line":25,"column":5}},"line":23},"6":{"name":"(anonymous_6)","decl":{"start":{"line":30,"column":2},"end":{"line":30,"column":3}},"loc":{"start":{"line":30,"column":25},"end":{"line":40,"column":3}},"line":30},"7":{"name":"(anonymous_7)","decl":{"start":{"line":31,"column":20},"end":{"line":31,"column":21}},"loc":{"start":{"line":31,"column":39},"end":{"line":33,"column":5}},"line":31},"8":{"name":"(anonymous_8)","decl":{"start":{"line":34,"column":47},"end":{"line":34,"column":48}},"loc":{"start":{"line":34,"column":57},"end":{"line":39,"column":5}},"line":34},"9":{"name":"(anonymous_9)","decl":{"start":{"line":35,"column":19},"end":{"line":35,"column":20}},"loc":{"start":{"line":35,"column":36},"end":{"line":37,"column":7}},"line":35}},"branchMap":{},"s":{"0":28,"1":46,"2":46,"3":0,"4":0,"5":0,"6":0,"7":0,"8":0,"9":0,"10":0,"11":0,"12":0,"13":0,"14":0,"15":28},"f":{"0":46,"1":46,"2":0,"3":0,"4":0,"5":0,"6":0,"7":0,"8":0,"9":0},"b":{},"_coverageSchema":"332fd63041d2c1bcb487cc26dd0d5f7d97098a6c","hash":"275804aef40168de337c28ea61635a8a74e700d0"}
,"/Users/amitkumar/iTrueService/DevCode/iservice-app/app/utils/location.util.js": {"path":"/Users/amitkumar/iTrueService/DevCode/iservice-app/app/utils/location.util.js","statementMap":{"0":{"start":{"line":6,"column":30},"end":{"line":16,"column":1}},"1":{"start":{"line":7,"column":23},"end":{"line":7,"column":74}},"2":{"start":{"line":8,"column":27},"end":{"line":14,"column":3}},"3":{"start":{"line":9,"column":21},"end":{"line":9,"column":72}},"4":{"start":{"line":10,"column":4},"end":{"line":12,"column":5}},"5":{"start":{"line":11,"column":6},"end":{"line":11,"column":66}},"6":{"start":{"line":13,"column":4},"end":{"line":13,"column":16}},"7":{"start":{"line":15,"column":2},"end":{"line":15,"column":53}},"8":{"start":{"line":18,"column":34},"end":{"line":28,"column":2}},"9":{"start":{"line":18,"column":40},"end":{"line":28,"column":2}},"10":{"start":{"line":19,"column":2},"end":{"line":27,"column":5}},"11":{"start":{"line":20,"column":4},"end":{"line":23,"column":7}},"12":{"start":{"line":25,"column":4},"end":{"line":25,"column":54}},"13":{"start":{"line":26,"column":4},"end":{"line":26,"column":16}}},"fnMap":{"0":{"name":"(anonymous_0)","decl":{"start":{"line":6,"column":30},"end":{"line":6,"column":31}},"loc":{"start":{"line":6,"column":75},"end":{"line":16,"column":1}},"line":6},"1":{"name":"(anonymous_1)","decl":{"start":{"line":8,"column":27},"end":{"line":8,"column":28}},"loc":{"start":{"line":8,"column":43},"end":{"line":14,"column":3}},"line":8},"2":{"name":"(anonymous_2)","decl":{"start":{"line":18,"column":34},"end":{"line":18,"column":35}},"loc":{"start":{"line":18,"column":40},"end":{"line":28,"column":2}},"line":18},"3":{"name":"(anonymous_3)","decl":{"start":{"line":18,"column":52},"end":{"line":18,"column":53}},"loc":{"start":{"line":18,"column":73},"end":{"line":28,"column":1}},"line":18},"4":{"name":"(anonymous_4)","decl":{"start":{"line":19,"column":43},"end":{"line":19,"column":44}},"loc":{"start":{"line":19,"column":58},"end":{"line":24,"column":3}},"line":19},"5":{"name":"(anonymous_5)","decl":{"start":{"line":24,"column":5},"end":{"line":24,"column":6}},"loc":{"start":{"line":24,"column":14},"end":{"line":27,"column":3}},"line":24}},"branchMap":{"0":{"loc":{"start":{"line":6,"column":60},"end":{"line":6,"column":70}},"type":"default-arg","locations":[{"start":{"line":6,"column":68},"end":{"line":6,"column":70}}],"line":6},"1":{"loc":{"start":{"line":10,"column":4},"end":{"line":12,"column":5}},"type":"if","locations":[{"start":{"line":10,"column":4},"end":{"line":12,"column":5}},{"start":{"line":10,"column":4},"end":{"line":12,"column":5}}],"line":10},"2":{"loc":{"start":{"line":10,"column":8},"end":{"line":10,"column":41}},"type":"binary-expr","locations":[{"start":{"line":10,"column":8},"end":{"line":10,"column":20}},{"start":{"line":10,"column":24},"end":{"line":10,"column":41}}],"line":10}},"s":{"0":37,"1":4,"2":4,"3":806,"4":806,"5":153,"6":653,"7":4,"8":37,"9":2,"10":2,"11":1,"12":1,"13":1},"f":{"0":4,"1":806,"2":2,"3":2,"4":1,"5":1},"b":{"0":[1],"1":[153,653],"2":[806,802]},"_coverageSchema":"332fd63041d2c1bcb487cc26dd0d5f7d97098a6c","hash":"77bc6a690792452626aa567c958fd74cc805e520"}
,"/Users/amitkumar/iTrueService/DevCode/iservice-app/app/utils/moment.util.js": {"path":"/Users/amitkumar/iTrueService/DevCode/iservice-app/app/utils/moment.util.js","statementMap":{"0":{"start":{"line":6,"column":27},"end":{"line":6,"column":64}},"1":{"start":{"line":6,"column":41},"end":{"line":6,"column":64}}},"fnMap":{"0":{"name":"(anonymous_0)","decl":{"start":{"line":6,"column":27},"end":{"line":6,"column":28}},"loc":{"start":{"line":6,"column":41},"end":{"line":6,"column":64}},"line":6}},"branchMap":{},"s":{"0":50,"1":24},"f":{"0":24},"b":{},"_coverageSchema":"332fd63041d2c1bcb487cc26dd0d5f7d97098a6c","hash":"268d0e8c97e69453a98aa7d943515c781c8e6dd2"}
,"/Users/amitkumar/iTrueService/DevCode/iservice-app/app/utils/msisdn.util.js": {"path":"/Users/amitkumar/iTrueService/DevCode/iservice-app/app/utils/msisdn.util.js","statementMap":{"0":{"start":{"line":1,"column":29},"end":{"line":6,"column":1}},"1":{"start":{"line":2,"column":2},"end":{"line":4,"column":3}},"2":{"start":{"line":3,"column":4},"end":{"line":3,"column":16}},"3":{"start":{"line":5,"column":2},"end":{"line":5,"column":15}},"4":{"start":{"line":9,"column":24},"end":{"line":14,"column":1}},"5":{"start":{"line":10,"column":2},"end":{"line":12,"column":3}},"6":{"start":{"line":11,"column":4},"end":{"line":11,"column":16}},"7":{"start":{"line":13,"column":2},"end":{"line":13,"column":15}}},"fnMap":{"0":{"name":"(anonymous_0)","decl":{"start":{"line":1,"column":29},"end":{"line":1,"column":30}},"loc":{"start":{"line":1,"column":41},"end":{"line":6,"column":1}},"line":1},"1":{"name":"(anonymous_1)","decl":{"start":{"line":9,"column":24},"end":{"line":9,"column":25}},"loc":{"start":{"line":9,"column":36},"end":{"line":14,"column":1}},"line":9}},"branchMap":{"0":{"loc":{"start":{"line":2,"column":2},"end":{"line":4,"column":3}},"type":"if","locations":[{"start":{"line":2,"column":2},"end":{"line":4,"column":3}},{"start":{"line":2,"column":2},"end":{"line":4,"column":3}}],"line":2},"1":{"loc":{"start":{"line":2,"column":6},"end":{"line":2,"column":43}},"type":"binary-expr","locations":[{"start":{"line":2,"column":7},"end":{"line":2,"column":13}},{"start":{"line":2,"column":19},"end":{"line":2,"column":42}}],"line":2},"2":{"loc":{"start":{"line":10,"column":2},"end":{"line":12,"column":3}},"type":"if","locations":[{"start":{"line":10,"column":2},"end":{"line":12,"column":3}},{"start":{"line":10,"column":2},"end":{"line":12,"column":3}}],"line":10},"3":{"loc":{"start":{"line":10,"column":6},"end":{"line":10,"column":54}},"type":"binary-expr","locations":[{"start":{"line":10,"column":7},"end":{"line":10,"column":27}},{"start":{"line":10,"column":33},"end":{"line":10,"column":53}}],"line":10}},"s":{"0":38,"1":7,"2":1,"3":6,"4":38,"5":6,"6":1,"7":5},"f":{"0":7,"1":6},"b":{"0":[1,6],"1":[7,6],"2":[1,5],"3":[6,1]},"_coverageSchema":"332fd63041d2c1bcb487cc26dd0d5f7d97098a6c","hash":"1f8af2b5fd60c04d64f8399f1570ca3433805213"}
,"/Users/amitkumar/iTrueService/DevCode/iservice-app/app/utils/reactNative.util.js": {"path":"/Users/amitkumar/iTrueService/DevCode/iservice-app/app/utils/reactNative.util.js","statementMap":{"0":{"start":{"line":9,"column":19},"end":{"line":13,"column":1}},"1":{"start":{"line":15,"column":16},"end":{"line":21,"column":2}},"2":{"start":{"line":15,"column":25},"end":{"line":21,"column":2}},"3":{"start":{"line":16,"column":2},"end":{"line":20,"column":3}},"4":{"start":{"line":17,"column":4},"end":{"line":17,"column":71}},"5":{"start":{"line":19,"column":4},"end":{"line":19,"column":32}},"6":{"start":{"line":23,"column":0},"end":{"line":29,"column":2}}},"fnMap":{"0":{"name":"(anonymous_0)","decl":{"start":{"line":15,"column":16},"end":{"line":15,"column":17}},"loc":{"start":{"line":15,"column":25},"end":{"line":21,"column":2}},"line":15},"1":{"name":"(anonymous_1)","decl":{"start":{"line":15,"column":54},"end":{"line":15,"column":55}},"loc":{"start":{"line":15,"column":69},"end":{"line":21,"column":1}},"line":15}},"branchMap":{"0":{"loc":{"start":{"line":16,"column":2},"end":{"line":20,"column":3}},"type":"if","locations":[{"start":{"line":16,"column":2},"end":{"line":20,"column":3}},{"start":{"line":16,"column":2},"end":{"line":20,"column":3}}],"line":16}},"s":{"0":43,"1":43,"2":0,"3":0,"4":0,"5":0,"6":43},"f":{"0":0,"1":0},"b":{"0":[0,0]},"_coverageSchema":"332fd63041d2c1bcb487cc26dd0d5f7d97098a6c","hash":"470d29f3bb47525d7adc230bde5b7ade5149dc86"}
,"/Users/amitkumar/iTrueService/DevCode/iservice-app/app/utils/request.util.js": {"path":"/Users/amitkumar/iTrueService/DevCode/iservice-app/app/utils/request.util.js","statementMap":{"0":{"start":{"line":3,"column":22},"end":{"line":22,"column":1}},"1":{"start":{"line":4,"column":70},"end":{"line":4,"column":79}},"2":{"start":{"line":5,"column":14},"end":{"line":5,"column":28}},"3":{"start":{"line":6,"column":29},"end":{"line":10,"column":21}},"4":{"start":{"line":12,"column":19},"end":{"line":19,"column":4}},"5":{"start":{"line":13,"column":4},"end":{"line":18,"column":55}},"6":{"start":{"line":14,"column":6},"end":{"line":16,"column":7}},"7":{"start":{"line":15,"column":8},"end":{"line":15,"column":43}},"8":{"start":{"line":17,"column":6},"end":{"line":17,"column":31}},"9":{"start":{"line":18,"column":25},"end":{"line":18,"column":53}},"10":{"start":{"line":20,"column":2},"end":{"line":20,"column":51}},"11":{"start":{"line":20,"column":24},"end":{"line":20,"column":50}},"12":{"start":{"line":21,"column":2},"end":{"line":21,"column":17}}},"fnMap":{"0":{"name":"(anonymous_0)","decl":{"start":{"line":3,"column":22},"end":{"line":3,"column":23}},"loc":{"start":{"line":3,"column":37},"end":{"line":22,"column":1}},"line":3},"1":{"name":"(anonymous_1)","decl":{"start":{"line":12,"column":31},"end":{"line":12,"column":32}},"loc":{"start":{"line":12,"column":52},"end":{"line":19,"column":3}},"line":12},"2":{"name":"(anonymous_2)","decl":{"start":{"line":13,"column":27},"end":{"line":13,"column":28}},"loc":{"start":{"line":13,"column":48},"end":{"line":18,"column":5}},"line":13},"3":{"name":"(anonymous_3)","decl":{"start":{"line":18,"column":19},"end":{"line":18,"column":20}},"loc":{"start":{"line":18,"column":25},"end":{"line":18,"column":53}},"line":18},"4":{"name":"(anonymous_4)","decl":{"start":{"line":20,"column":18},"end":{"line":20,"column":19}},"loc":{"start":{"line":20,"column":24},"end":{"line":20,"column":50}},"line":20}},"branchMap":{"0":{"loc":{"start":{"line":4,"column":32},"end":{"line":4,"column":44}},"type":"default-arg","locations":[{"start":{"line":4,"column":42},"end":{"line":4,"column":44}}],"line":4},"1":{"loc":{"start":{"line":14,"column":6},"end":{"line":16,"column":7}},"type":"if","locations":[{"start":{"line":14,"column":6},"end":{"line":16,"column":7}},{"start":{"line":14,"column":6},"end":{"line":16,"column":7}}],"line":14},"2":{"loc":{"start":{"line":15,"column":22},"end":{"line":15,"column":41}},"type":"binary-expr","locations":[{"start":{"line":15,"column":22},"end":{"line":15,"column":30}},{"start":{"line":15,"column":34},"end":{"line":15,"column":41}}],"line":15}},"s":{"0":33,"1":30,"2":30,"3":30,"4":30,"5":30,"6":6,"7":2,"8":4,"9":1,"10":30,"11":1,"12":30},"f":{"0":30,"1":30,"2":6,"3":1,"4":1},"b":{"0":[6],"1":[2,4],"2":[2,1]},"_coverageSchema":"332fd63041d2c1bcb487cc26dd0d5f7d97098a6c","hash":"6218468ad578ceef5b40f3f16795dbe1cd224880"}
,"/Users/amitkumar/iTrueService/DevCode/iservice-app/app/utils/storeList.util.js": {"path":"/Users/amitkumar/iTrueService/DevCode/iservice-app/app/utils/storeList.util.js","statementMap":{"0":{"start":{"line":3,"column":39},"end":{"line":12,"column":1}},"1":{"start":{"line":4,"column":15},"end":{"line":10,"column":5}},"2":{"start":{"line":4,"column":49},"end":{"line":10,"column":3}},"3":{"start":{"line":11,"column":2},"end":{"line":11,"column":14}},"4":{"start":{"line":14,"column":50},"end":{"line":23,"column":1}},"5":{"start":{"line":15,"column":15},"end":{"line":21,"column":5}},"6":{"start":{"line":15,"column":49},"end":{"line":21,"column":3}},"7":{"start":{"line":22,"column":2},"end":{"line":22,"column":14}},"8":{"start":{"line":25,"column":42},"end":{"line":31,"column":1}},"9":{"start":{"line":26,"column":15},"end":{"line":29,"column":5}},"10":{"start":{"line":26,"column":42},"end":{"line":29,"column":3}},"11":{"start":{"line":30,"column":2},"end":{"line":30,"column":14}}},"fnMap":{"0":{"name":"(anonymous_0)","decl":{"start":{"line":3,"column":39},"end":{"line":3,"column":40}},"loc":{"start":{"line":3,"column":56},"end":{"line":12,"column":1}},"line":3},"1":{"name":"(anonymous_1)","decl":{"start":{"line":4,"column":31},"end":{"line":4,"column":32}},"loc":{"start":{"line":4,"column":49},"end":{"line":10,"column":3}},"line":4},"2":{"name":"(anonymous_2)","decl":{"start":{"line":14,"column":50},"end":{"line":14,"column":51}},"loc":{"start":{"line":14,"column":67},"end":{"line":23,"column":1}},"line":14},"3":{"name":"(anonymous_3)","decl":{"start":{"line":15,"column":31},"end":{"line":15,"column":32}},"loc":{"start":{"line":15,"column":49},"end":{"line":21,"column":3}},"line":15},"4":{"name":"(anonymous_4)","decl":{"start":{"line":25,"column":42},"end":{"line":25,"column":43}},"loc":{"start":{"line":25,"column":59},"end":{"line":31,"column":1}},"line":25},"5":{"name":"(anonymous_5)","decl":{"start":{"line":26,"column":31},"end":{"line":26,"column":32}},"loc":{"start":{"line":26,"column":42},"end":{"line":29,"column":3}},"line":26}},"branchMap":{"0":{"loc":{"start":{"line":6,"column":13},"end":{"line":6,"column":51}},"type":"binary-expr","locations":[{"start":{"line":6,"column":13},"end":{"line":6,"column":44}},{"start":{"line":6,"column":48},"end":{"line":6,"column":51}}],"line":6},"1":{"loc":{"start":{"line":9,"column":20},"end":{"line":9,"column":58}},"type":"binary-expr","locations":[{"start":{"line":9,"column":20},"end":{"line":9,"column":51}},{"start":{"line":9,"column":55},"end":{"line":9,"column":58}}],"line":9},"2":{"loc":{"start":{"line":17,"column":13},"end":{"line":17,"column":51}},"type":"binary-expr","locations":[{"start":{"line":17,"column":13},"end":{"line":17,"column":44}},{"start":{"line":17,"column":48},"end":{"line":17,"column":51}}],"line":17},"3":{"loc":{"start":{"line":20,"column":20},"end":{"line":20,"column":58}},"type":"binary-expr","locations":[{"start":{"line":20,"column":20},"end":{"line":20,"column":51}},{"start":{"line":20,"column":55},"end":{"line":20,"column":58}}],"line":20}},"s":{"0":23,"1":4,"2":0,"3":4,"4":23,"5":1,"6":0,"7":1,"8":23,"9":1,"10":1,"11":1},"f":{"0":4,"1":0,"2":1,"3":0,"4":1,"5":1},"b":{"0":[0,0],"1":[0,0],"2":[0,0],"3":[0,0]},"_coverageSchema":"332fd63041d2c1bcb487cc26dd0d5f7d97098a6c","hash":"926adfdf5a0c837f8bc0f981f4eab75acfe88f76"}
,"/Users/amitkumar/iTrueService/DevCode/iservice-app/app/utils/testfairy.util.js": {"path":"/Users/amitkumar/iTrueService/DevCode/iservice-app/app/utils/testfairy.util.js","statementMap":{"0":{"start":{"line":4,"column":0},"end":{"line":4,"column":44}}},"fnMap":{},"branchMap":{},"s":{"0":1},"f":{},"b":{},"_coverageSchema":"332fd63041d2c1bcb487cc26dd0d5f7d97098a6c","hash":"692ad0422bebac50357ab7e5d9974236ebab66eb"}
}
