TN:
SF:/Users/amitkumar/iTrueService/DevCode/iservice-app/index.js
FNF:0
FNH:0
LF:0
LH:0
BRF:0
BRH:0
end_of_record
TN:
SF:/Users/amitkumar/iTrueService/DevCode/iservice-app/__helpers__/echoServer.helper.js
FN:5,(anonymous_0)
FN:7,(anonymous_1)
FN:15,(anonymous_2)
FN:16,(anonymous_3)
FN:17,(anonymous_4)
FN:19,(anonymous_5)
FNF:6
FNH:3
FNDA:5,(anonymous_0)
FNDA:0,(anonymous_1)
FNDA:0,(anonymous_2)
FNDA:0,(anonymous_3)
FNDA:2,(anonymous_4)
FNDA:5,(anonymous_5)
DA:6,5
DA:7,0
DA:8,0
DA:10,0
DA:13,5
DA:14,5
DA:15,5
DA:16,5
DA:18,2
DA:20,5
DA:21,5
DA:22,5
DA:23,5
DA:24,5
DA:25,5
DA:26,5
LF:16
LH:13
BRDA:6,0,0,0
BRDA:6,0,1,5
BRDA:22,1,0,0
BRDA:23,2,0,5
BRDA:23,2,1,4
BRF:5
BRH:3
end_of_record
TN:
SF:/Users/amitkumar/iTrueService/DevCode/iservice-app/app/App.container.js
FN:27,(anonymous_0)
FN:35,(anonymous_1)
FN:41,(anonymous_2)
FN:47,(anonymous_3)
FN:53,(anonymous_4)
FN:56,(anonymous_5)
FN:64,(anonymous_6)
FN:66,(anonymous_7)
FN:67,(anonymous_8)
FN:70,(anonymous_9)
FN:79,(anonymous_10)
FN:115,(anonymous_11)
FN:123,(anonymous_12)
FN:125,(anonymous_13)
FN:126,(anonymous_14)
FN:127,(anonymous_15)
FN:128,(anonymous_16)
FN:129,(anonymous_17)
FNF:18
FNH:4
FNDA:1,(anonymous_0)
FNDA:0,(anonymous_1)
FNDA:0,(anonymous_2)
FNDA:0,(anonymous_3)
FNDA:0,(anonymous_4)
FNDA:0,(anonymous_5)
FNDA:0,(anonymous_6)
FNDA:0,(anonymous_7)
FNDA:0,(anonymous_8)
FNDA:0,(anonymous_9)
FNDA:1,(anonymous_10)
FNDA:1,(anonymous_11)
FNDA:1,(anonymous_12)
FNDA:0,(anonymous_13)
FNDA:0,(anonymous_14)
FNDA:0,(anonymous_15)
FNDA:0,(anonymous_16)
FNDA:0,(anonymous_17)
DA:28,1
DA:29,1
DA:33,1
DA:34,1
DA:35,1
DA:36,0
DA:37,0
DA:42,0
DA:43,0
DA:44,0
DA:48,0
DA:49,0
DA:54,0
DA:55,0
DA:56,0
DA:58,0
DA:60,0
DA:65,0
DA:66,0
DA:67,0
DA:68,0
DA:69,0
DA:70,0
DA:71,0
DA:76,0
DA:80,1
DA:81,1
DA:96,2
DA:101,2
DA:115,2
DA:123,2
DA:125,0
DA:126,0
DA:127,0
DA:128,0
DA:129,0
LF:36
LH:11
BRDA:36,0,0,0
BRDA:36,0,1,0
BRDA:48,1,0,0
BRDA:48,1,1,0
BRDA:54,2,0,0
BRDA:54,2,1,0
BRDA:55,3,0,0
BRDA:55,3,1,0
BRDA:55,4,0,0
BRDA:55,4,1,0
BRDA:55,4,2,0
BRDA:55,4,3,0
BRDA:69,5,0,0
BRDA:69,5,1,0
BRDA:84,6,0,1
BRDA:84,6,1,0
BRF:16
BRH:1
end_of_record
TN:
SF:/Users/amitkumar/iTrueService/DevCode/iservice-app/app/index.js
FN:20,(anonymous_0)
FN:29,(anonymous_1)
FNF:2
FNH:1
FNDA:1,(anonymous_0)
FNDA:0,(anonymous_1)
DA:9,1
DA:12,1
DA:16,1
DA:17,1
DA:21,1
DA:29,1
LF:6
LH:6
BRDA:9,0,0,0
BRDA:9,0,1,1
BRDA:12,1,0,0
BRDA:12,1,1,1
BRF:4
BRH:2
end_of_record
TN:
SF:/Users/amitkumar/iTrueService/DevCode/iservice-app/app/assets/bannerArea.png
FNF:0
FNH:0
DA:1,38
LF:1
LH:1
BRF:0
BRH:0
end_of_record
TN:
SF:/Users/amitkumar/iTrueService/DevCode/iservice-app/app/assets/bill_usage_banner.jpg
FNF:0
FNH:0
DA:1,43
LF:1
LH:1
BRF:0
BRH:0
end_of_record
TN:
SF:/Users/amitkumar/iTrueService/DevCode/iservice-app/app/assets/jcb.png
FNF:0
FNH:0
DA:1,42
LF:1
LH:1
BRF:0
BRH:0
end_of_record
TN:
SF:/Users/amitkumar/iTrueService/DevCode/iservice-app/app/assets/logo.png
FNF:0
FNH:0
DA:1,37
LF:1
LH:1
BRF:0
BRH:0
end_of_record
TN:
SF:/Users/amitkumar/iTrueService/DevCode/iservice-app/app/assets/mastercard.png
FNF:0
FNH:0
DA:1,42
LF:1
LH:1
BRF:0
BRH:0
end_of_record
TN:
SF:/Users/amitkumar/iTrueService/DevCode/iservice-app/app/assets/pinLocation.png
FNF:0
FNH:0
DA:1,126
LF:1
LH:1
BRF:0
BRH:0
end_of_record
TN:
SF:/Users/amitkumar/iTrueService/DevCode/iservice-app/app/assets/shopMarker.png
FNF:0
FNH:0
DA:1,126
LF:1
LH:1
BRF:0
BRH:0
end_of_record
TN:
SF:/Users/amitkumar/iTrueService/DevCode/iservice-app/app/assets/visa.png
FNF:0
FNH:0
DA:1,42
LF:1
LH:1
BRF:0
BRH:0
end_of_record
TN:
SF:/Users/amitkumar/iTrueService/DevCode/iservice-app/app/components/BillUsage/mockData.js
FNF:0
FNH:0
DA:6,39
DA:20,39
DA:89,39
DA:103,39
DA:120,39
DA:193,39
LF:6
LH:6
BRF:0
BRH:0
end_of_record
TN:
SF:/Users/amitkumar/iTrueService/DevCode/iservice-app/app/components/BillUsage/BillDetails/TMBillDetail.component.js
FN:14,(anonymous_0)
FNF:1
FNH:1
FNDA:1,(anonymous_0)
DA:15,1
DA:16,1
DA:53,38
DA:56,38
LF:4
LH:4
BRDA:34,0,0,1
BRDA:34,0,1,0
BRDA:35,1,0,1
BRDA:35,1,1,0
BRDA:36,2,0,1
BRDA:36,2,1,0
BRDA:37,3,0,1
BRDA:37,3,1,0
BRDA:38,4,0,1
BRDA:38,4,1,0
BRF:10
BRH:5
end_of_record
TN:
SF:/Users/amitkumar/iTrueService/DevCode/iservice-app/app/components/BillUsage/BillDetails/TMBillDetails.style.js
FNF:0
FNH:0
LF:0
LH:0
BRF:0
BRH:0
end_of_record
TN:
SF:/Users/amitkumar/iTrueService/DevCode/iservice-app/app/components/BillUsage/BillUsage/BillUsage.component.js
FN:17,(anonymous_0)
FN:22,(anonymous_1)
FN:23,(anonymous_2)
FNF:3
FNH:3
FNDA:1,(anonymous_0)
FNDA:4,(anonymous_1)
FNDA:1,(anonymous_2)
DA:18,1
DA:19,1
DA:20,1
DA:21,1
DA:22,4
DA:23,1
DA:24,1
DA:49,38
DA:70,38
LF:9
LH:9
BRDA:22,0,0,4
BRDA:22,0,1,4
BRDA:23,1,0,1
BRDA:23,1,1,1
BRDA:32,2,0,0
BRDA:32,2,1,1
BRDA:39,3,0,0
BRDA:39,3,1,1
BRDA:40,4,0,0
BRDA:40,4,1,0
BRF:10
BRH:6
end_of_record
TN:
SF:/Users/amitkumar/iTrueService/DevCode/iservice-app/app/components/BillUsage/BillUsage/BillUsage.style.js
FNF:0
FNH:0
DA:3,39
LF:1
LH:1
BRF:0
BRH:0
end_of_record
TN:
SF:/Users/amitkumar/iTrueService/DevCode/iservice-app/app/components/BillUsage/BillUsage/PreLoginPayBill.component.js
FN:21,(anonymous_0)
FN:26,(anonymous_1)
FN:30,(anonymous_2)
FN:31,(anonymous_3)
FN:32,(anonymous_4)
FN:38,(anonymous_5)
FN:39,(anonymous_6)
FNF:7
FNH:3
FNDA:0,(anonymous_0)
FNDA:0,(anonymous_1)
FNDA:0,(anonymous_2)
FNDA:0,(anonymous_3)
FNDA:1,(anonymous_4)
FNDA:4,(anonymous_5)
FNDA:1,(anonymous_6)
DA:22,0
DA:23,0
DA:27,0
DA:28,0
DA:30,0
DA:31,0
DA:34,1
DA:35,1
DA:36,1
DA:37,1
DA:38,4
DA:39,1
DA:40,1
DA:41,1
DA:68,38
DA:91,38
LF:16
LH:10
BRDA:22,0,0,0
BRDA:22,0,1,0
BRDA:22,1,0,0
BRDA:22,1,1,0
BRDA:40,2,0,0
BRDA:40,2,1,1
BRDA:43,3,0,0
BRDA:43,3,1,1
BRDA:43,4,0,1
BRDA:43,4,1,0
BRDA:50,5,0,0
BRDA:50,5,1,1
BRDA:57,6,0,0
BRDA:57,6,1,1
BRDA:58,7,0,0
BRDA:58,7,1,0
BRF:16
BRH:5
end_of_record
TN:
SF:/Users/amitkumar/iTrueService/DevCode/iservice-app/app/components/BillUsage/BillUsage/PreLoginPayBill.style.js
FNF:0
FNH:0
LF:0
LH:0
BRF:0
BRH:0
end_of_record
TN:
SF:/Users/amitkumar/iTrueService/DevCode/iservice-app/app/components/BillUsage/BillUsage/BillUsageShared/DetailCardRow.component.js
FN:12,(anonymous_0)
FNF:1
FNH:1
FNDA:18,(anonymous_0)
DA:13,18
DA:14,18
DA:15,18
DA:16,18
DA:18,18
DA:19,18
DA:20,0
DA:21,0
DA:22,0
DA:24,18
DA:44,44
DA:57,44
LF:12
LH:9
BRDA:15,0,0,0
BRDA:15,0,1,18
BRDA:16,1,0,0
BRDA:16,1,1,18
BRDA:18,2,0,0
BRDA:18,2,1,18
BRDA:19,3,0,0
BRDA:19,3,1,18
BRDA:19,4,0,18
BRDA:19,4,1,0
BRDA:28,5,0,14
BRDA:28,5,1,4
BRDA:29,6,0,14
BRDA:29,6,1,4
BRDA:33,7,0,6
BRDA:33,7,1,12
BRDA:33,8,0,18
BRDA:33,8,1,14
BRDA:34,9,0,2
BRDA:34,9,1,16
BRDA:34,10,0,18
BRDA:34,10,1,2
BRDA:36,11,0,8
BRDA:36,11,1,10
BRDA:39,12,0,18
BRDA:39,12,1,18
BRF:26
BRH:21
end_of_record
TN:
SF:/Users/amitkumar/iTrueService/DevCode/iservice-app/app/components/BillUsage/BillUsage/BillUsageShared/DetailCardRow.style.js
FNF:0
FNH:0
LF:0
LH:0
BRF:0
BRH:0
end_of_record
TN:
SF:/Users/amitkumar/iTrueService/DevCode/iservice-app/app/components/BillUsage/BillUsage/BillUsageShared/HeaderWithCaret.component.js
FN:12,(anonymous_0)
FNF:1
FNH:1
FNDA:15,(anonymous_0)
DA:13,15
DA:14,15
DA:27,45
DA:34,45
LF:4
LH:4
BRDA:17,0,0,2
BRDA:17,0,1,13
BRF:2
BRH:2
end_of_record
TN:
SF:/Users/amitkumar/iTrueService/DevCode/iservice-app/app/components/BillUsage/BillUsage/BillUsageShared/HeaderWithCaret.styles.js
FNF:0
FNH:0
LF:0
LH:0
BRF:0
BRH:0
end_of_record
TN:
SF:/Users/amitkumar/iTrueService/DevCode/iservice-app/app/components/BillUsage/BillUsage/BillUsageShared/index.js
FNF:0
FNH:0
LF:0
LH:0
BRF:0
BRH:0
end_of_record
TN:
SF:/Users/amitkumar/iTrueService/DevCode/iservice-app/app/components/BillUsage/BillUsage/BillUsageShared/BillHistoryList/BillHistoryList.component.js
FN:12,(anonymous_0)
FN:12,(anonymous_1)
FN:14,(anonymous_2)
FN:22,(anonymous_3)
FNF:4
FNH:1
FNDA:0,(anonymous_0)
FNDA:0,(anonymous_1)
FNDA:1,(anonymous_2)
FNDA:0,(anonymous_3)
DA:12,0
DA:15,1
DA:16,1
DA:17,1
DA:23,0
DA:24,0
DA:25,0
DA:26,0
DA:49,47
DA:58,47
LF:10
LH:5
BRDA:19,0,0,1
BRDA:19,0,1,0
BRDA:21,1,0,0
BRDA:21,1,1,1
BRDA:21,2,0,1
BRDA:21,2,1,1
BRDA:30,3,0,0
BRDA:30,3,1,0
BRF:8
BRH:4
end_of_record
TN:
SF:/Users/amitkumar/iTrueService/DevCode/iservice-app/app/components/BillUsage/BillUsage/BillUsageShared/BillHistoryList/BillHistoryList.style.js
FNF:0
FNH:0
DA:3,47
LF:1
LH:1
BRF:0
BRH:0
end_of_record
TN:
SF:/Users/amitkumar/iTrueService/DevCode/iservice-app/app/components/BillUsage/BillUsage/BillUsageShared/CurrentUsageCard/CurrentUsageCard.component.js
FN:9,(anonymous_0)
FN:12,(anonymous_1)
FNF:2
FNH:2
FNDA:5,(anonymous_0)
FNDA:8,(anonymous_1)
DA:9,48
DA:10,5
DA:13,8
DA:28,48
DA:34,48
LF:5
LH:5
BRDA:16,0,0,8
BRDA:16,0,1,0
BRDA:19,1,0,4
BRDA:19,1,1,4
BRDA:22,2,0,5
BRDA:22,2,1,0
BRF:6
BRH:4
end_of_record
TN:
SF:/Users/amitkumar/iTrueService/DevCode/iservice-app/app/components/BillUsage/BillUsage/BillUsageShared/CurrentUsageCard/CurrentUsageCard.style.js
FNF:0
FNH:0
LF:0
LH:0
BRF:0
BRH:0
end_of_record
TN:
SF:/Users/amitkumar/iTrueService/DevCode/iservice-app/app/components/BillUsage/BillUsage/BillUsageShared/CurrentUsageTConv/CurrentUsageTConv.component.js
FN:14,(anonymous_0)
FN:17,(anonymous_1)
FN:21,(anonymous_2)
FNF:3
FNH:1
FNDA:0,(anonymous_0)
FNDA:2,(anonymous_1)
FNDA:0,(anonymous_2)
DA:15,0
DA:18,2
DA:19,2
DA:22,0
DA:23,0
DA:24,0
DA:25,0
DA:26,0
DA:27,0
DA:28,0
DA:29,0
DA:30,0
DA:31,0
DA:32,0
DA:33,0
DA:34,0
DA:35,0
DA:37,0
DA:51,47
DA:58,47
LF:20
LH:4
BRDA:26,0,0,0
BRDA:26,0,1,0
BRDA:26,1,0,0
BRDA:26,1,1,0
BRDA:30,2,0,0
BRDA:30,2,1,0
BRDA:30,3,0,0
BRDA:30,3,1,0
BRDA:34,4,0,0
BRDA:34,4,1,0
BRDA:34,5,0,0
BRDA:34,5,1,0
BRF:12
BRH:0
end_of_record
TN:
SF:/Users/amitkumar/iTrueService/DevCode/iservice-app/app/components/BillUsage/BillUsage/BillUsageShared/CurrentUsageTConv/CurrentUsageTConv.style.js
FNF:0
FNH:0
LF:0
LH:0
BRF:0
BRH:0
end_of_record
TN:
SF:/Users/amitkumar/iTrueService/DevCode/iservice-app/app/components/BillUsage/BillUsage/BillUsageShared/CurrentUsageTConv/TConvProductBaseCard.component.js
FN:13,(anonymous_0)
FN:34,(anonymous_1)
FN:65,(anonymous_2)
FNF:3
FNH:3
FNDA:1,(anonymous_0)
FNDA:1,(anonymous_1)
FNDA:1,(anonymous_2)
DA:13,48
DA:14,1
DA:31,1
DA:34,48
DA:35,1
DA:36,1
DA:38,1
DA:40,0
DA:41,0
DA:43,0
DA:44,0
DA:45,0
DA:47,0
DA:48,0
DA:51,1
DA:57,48
DA:66,1
DA:67,1
DA:68,1
DA:69,1
DA:70,1
DA:71,1
DA:72,1
DA:91,48
DA:97,48
LF:25
LH:18
BRDA:31,0,0,1
BRDA:31,0,1,1
BRDA:38,1,0,0
BRDA:38,1,1,0
BRDA:38,1,2,0
BRDA:71,2,0,1
BRDA:71,2,1,0
BRDA:73,3,0,1
BRDA:73,3,1,1
BRDA:75,4,0,1
BRDA:75,4,1,0
BRDA:75,4,2,0
BRDA:76,5,0,0
BRDA:76,5,1,1
BRF:14
BRH:7
end_of_record
TN:
SF:/Users/amitkumar/iTrueService/DevCode/iservice-app/app/components/BillUsage/BillUsage/BillUsageShared/CurrentUsageTConv/TConvProductBaseCard.style.js
FNF:0
FNH:0
LF:0
LH:0
BRF:0
BRH:0
end_of_record
TN:
SF:/Users/amitkumar/iTrueService/DevCode/iservice-app/app/components/BillUsage/BillUsage/BillUsageShared/CurrentUsageTM/CurrentUsageTM.component.js
FN:15,(anonymous_0)
FN:69,(anonymous_1)
FN:76,(anonymous_2)
FN:76,(anonymous_3)
FN:81,(anonymous_4)
FN:87,(anonymous_5)
FNF:6
FNH:3
FNDA:8,(anonymous_0)
FNDA:0,(anonymous_1)
FNDA:6,(anonymous_2)
FNDA:0,(anonymous_3)
FNDA:0,(anonymous_4)
FNDA:6,(anonymous_5)
DA:16,8
DA:17,8
DA:18,8
DA:19,8
DA:20,7
DA:21,7
DA:22,7
DA:23,7
DA:24,7
DA:25,7
DA:26,7
DA:27,7
DA:28,7
DA:29,1
DA:30,1
DA:31,1
DA:32,1
DA:34,6
DA:35,6
DA:36,6
DA:37,6
DA:38,6
DA:40,6
DA:41,6
DA:42,6
DA:45,7
DA:48,8
DA:49,8
DA:50,1
DA:51,1
DA:52,1
DA:59,8
DA:70,0
DA:71,0
DA:72,0
DA:76,6
DA:77,0
DA:78,0
DA:81,0
DA:88,6
DA:89,6
DA:90,6
DA:91,6
DA:92,6
DA:93,6
DA:94,6
DA:95,6
DA:96,6
DA:97,6
DA:98,6
DA:99,6
DA:100,0
DA:101,0
DA:103,0
DA:104,0
DA:105,0
DA:109,6
DA:178,49
DA:189,49
LF:59
LH:48
BRDA:23,0,0,7
BRDA:23,0,1,0
BRDA:24,1,0,7
BRDA:24,1,1,4
BRDA:25,2,0,7
BRDA:25,2,1,2
BRDA:28,3,0,1
BRDA:28,3,1,6
BRDA:28,4,0,7
BRDA:28,4,1,7
BRDA:35,5,0,6
BRDA:35,5,1,0
BRDA:49,6,0,1
BRDA:49,6,1,7
BRDA:49,7,0,8
BRDA:49,7,1,8
BRDA:71,8,0,0
BRDA:71,8,1,0
BRDA:76,9,0,6
BRDA:76,10,0,6
BRDA:81,11,0,0
BRDA:81,12,0,0
BRDA:84,13,0,0
BRDA:84,13,1,0
BRDA:85,14,0,0
BRDA:85,14,1,0
BRDA:93,15,0,6
BRDA:93,15,1,6
BRDA:94,16,0,6
BRDA:94,16,1,0
BRDA:94,16,2,6
BRDA:94,16,3,6
BRDA:99,17,0,0
BRDA:99,17,1,6
BRDA:99,18,0,6
BRDA:99,18,1,0
BRDA:100,19,0,0
BRDA:100,19,1,0
BRDA:103,20,0,0
BRDA:103,20,1,0
BRDA:111,21,0,0
BRDA:111,21,1,6
BRDA:120,22,0,0
BRDA:120,22,1,6
BRDA:123,23,0,0
BRDA:123,23,1,0
BRDA:124,24,0,0
BRDA:124,24,1,0
BRDA:132,25,0,0
BRDA:132,25,1,0
BRDA:132,26,0,0
BRDA:132,26,1,0
BRDA:135,27,0,0
BRDA:135,27,1,0
BRDA:136,28,0,0
BRDA:136,28,1,0
BRDA:148,29,0,0
BRDA:148,29,1,6
BRDA:156,30,0,0
BRDA:156,30,1,6
BRF:60
BRH:27
end_of_record
TN:
SF:/Users/amitkumar/iTrueService/DevCode/iservice-app/app/components/BillUsage/BillUsage/BillUsageShared/CurrentUsageTM/CurrentUsageTM.style.js
FNF:0
FNH:0
LF:0
LH:0
BRF:0
BRH:0
end_of_record
TN:
SF:/Users/amitkumar/iTrueService/DevCode/iservice-app/app/components/BillUsage/BillUsage/BillUsageShared/HotExtraPackageCard/HotExtraPackageCard.component.js
FN:10,(anonymous_0)
FNF:1
FNH:1
FNDA:2,(anonymous_0)
DA:11,2
DA:12,2
DA:13,2
DA:14,0
DA:15,0
DA:16,0
DA:18,2
DA:47,50
DA:59,50
LF:9
LH:6
BRDA:13,0,0,0
BRDA:13,0,1,0
BRDA:13,0,2,0
BRDA:20,1,0,0
BRDA:20,1,1,2
BRF:5
BRH:1
end_of_record
TN:
SF:/Users/amitkumar/iTrueService/DevCode/iservice-app/app/components/BillUsage/BillUsage/BillUsageShared/HotExtraPackageCard/HotExtraPackageCard.style.js
FNF:0
FNH:0
LF:0
LH:0
BRF:0
BRH:0
end_of_record
TN:
SF:/Users/amitkumar/iTrueService/DevCode/iservice-app/app/components/BillUsage/BillUsage/BillUsageShared/PackageDetailHeader/PackageDetailHeader.component.js
FN:10,(anonymous_0)
FNF:1
FNH:1
FNDA:14,(anonymous_0)
DA:11,14
DA:12,14
DA:13,14
DA:32,43
DA:41,43
LF:5
LH:5
BRDA:11,0,0,0
BRDA:11,0,1,14
BRDA:14,1,0,3
BRDA:14,1,1,11
BRDA:14,2,0,14
BRDA:14,2,1,11
BRDA:15,3,0,14
BRDA:15,3,1,11
BRDA:15,3,2,3
BRDA:16,4,0,13
BRDA:16,4,1,1
BRDA:17,5,0,5
BRDA:17,5,1,9
BRDA:19,6,0,0
BRDA:19,6,1,14
BRDA:19,7,0,14
BRDA:19,7,1,11
BRDA:19,7,2,11
BRF:18
BRH:16
end_of_record
TN:
SF:/Users/amitkumar/iTrueService/DevCode/iservice-app/app/components/BillUsage/BillUsage/BillUsageShared/PackageDetailHeader/PackageDetailHeader.style.js
FNF:0
FNH:0
DA:3,43
LF:1
LH:1
BRF:0
BRH:0
end_of_record
TN:
SF:/Users/amitkumar/iTrueService/DevCode/iservice-app/app/components/BillUsage/BillUsage/BillUsageShared/PackageOverview/PackageOverview.component.js
FN:8,(anonymous_0)
FNF:1
FNH:1
FNDA:12,(anonymous_0)
DA:9,12
DA:10,12
DA:19,43
DA:23,43
LF:4
LH:4
BRDA:13,0,0,1
BRDA:13,0,1,11
BRF:2
BRH:2
end_of_record
TN:
SF:/Users/amitkumar/iTrueService/DevCode/iservice-app/app/components/BillUsage/BillUsage/BillUsageShared/PackageOverview/PackageOverview.style.js
FNF:0
FNH:0
LF:0
LH:0
BRF:0
BRH:0
end_of_record
TN:
SF:/Users/amitkumar/iTrueService/DevCode/iservice-app/app/components/BillUsage/BillUsage/BillUsageShared/ProductCardTitle/ProductCardTitle.component.js
FN:9,(anonymous_0)
FNF:1
FNH:1
FNDA:10,(anonymous_0)
DA:10,10
DA:11,10
DA:12,10
DA:26,50
DA:31,50
LF:5
LH:5
BRDA:11,0,0,1
BRDA:11,0,1,9
BRDA:17,1,0,10
BRDA:17,1,1,8
BRF:4
BRH:4
end_of_record
TN:
SF:/Users/amitkumar/iTrueService/DevCode/iservice-app/app/components/BillUsage/BillUsage/BillUsageShared/ProductCardTitle/ProductCardTitle.style.js
FNF:0
FNH:0
LF:0
LH:0
BRF:0
BRH:0
end_of_record
TN:
SF:/Users/amitkumar/iTrueService/DevCode/iservice-app/app/components/BillUsage/BillUsage/ProductCards/index.js
FNF:0
FNH:0
LF:0
LH:0
BRF:0
BRH:0
end_of_record
TN:
SF:/Users/amitkumar/iTrueService/DevCode/iservice-app/app/components/BillUsage/BillUsage/ProductCards/BaseProductCard/BaseProductCard.component.js
FN:9,(anonymous_0)
FN:9,(anonymous_1)
FN:17,(anonymous_2)
FN:27,(anonymous_3)
FNF:4
FNH:4
FNDA:3,(anonymous_0)
FNDA:3,(anonymous_1)
FNDA:3,(anonymous_2)
FNDA:3,(anonymous_3)
DA:9,3
DA:10,3
DA:11,3
DA:12,3
DA:13,3
DA:14,3
DA:15,3
DA:17,3
DA:18,3
DA:19,3
DA:20,0
DA:21,0
DA:22,0
DA:25,3
DA:26,3
DA:27,3
DA:28,3
DA:29,3
DA:31,0
DA:32,0
DA:37,46
DA:42,46
LF:22
LH:17
BRDA:13,0,0,3
BRDA:13,0,1,0
BRDA:18,1,0,3
BRDA:18,1,1,3
BRDA:19,2,0,0
BRDA:19,2,1,3
BRDA:20,3,0,0
BRDA:20,3,1,0
BRDA:27,4,0,3
BRDA:27,4,1,0
BRDA:28,5,0,3
BRDA:28,5,1,0
BRDA:31,6,0,0
BRDA:31,6,1,0
BRF:14
BRH:6
end_of_record
TN:
SF:/Users/amitkumar/iTrueService/DevCode/iservice-app/app/components/BillUsage/BillUsage/ProductCards/BaseProductCollapsibleBar/BaseProductCollapsibleBar.component.js
FN:16,(anonymous_0)
FN:47,(anonymous_1)
FN:74,(anonymous_2)
FNF:3
FNH:3
FNDA:11,(anonymous_0)
FNDA:11,(anonymous_1)
FNDA:11,(anonymous_2)
DA:17,11
DA:44,11
DA:48,11
DA:49,11
DA:50,11
DA:52,11
DA:54,8
DA:55,8
DA:56,8
DA:58,0
DA:59,0
DA:60,0
DA:61,0
DA:63,0
DA:64,0
DA:67,11
DA:75,11
DA:76,11
DA:77,11
DA:78,11
DA:79,11
DA:80,11
DA:81,11
DA:82,11
DA:83,11
DA:84,11
DA:85,11
DA:86,11
DA:88,11
DA:125,48
DA:139,48
LF:31
LH:25
BRDA:44,0,0,11
BRDA:44,0,1,0
BRDA:52,1,0,8
BRDA:52,1,1,0
BRDA:52,1,2,0
BRDA:55,2,0,4
BRDA:55,2,1,4
BRDA:58,3,0,0
BRDA:58,3,1,0
BRDA:59,4,0,0
BRDA:59,4,1,0
BRDA:60,5,0,0
BRDA:60,5,1,0
BRDA:79,6,0,7
BRDA:79,6,1,4
BRDA:80,7,0,0
BRDA:80,7,1,11
BRDA:81,8,0,0
BRDA:81,8,1,11
BRDA:82,9,0,7
BRDA:82,9,1,4
BRDA:83,10,0,7
BRDA:83,10,1,4
BRDA:84,11,0,11
BRDA:84,11,1,0
BRDA:85,12,0,7
BRDA:85,12,1,4
BRDA:86,13,0,7
BRDA:86,13,1,4
BRDA:92,14,0,1
BRDA:92,14,1,10
BRDA:98,15,0,0
BRDA:98,15,1,11
BRDA:105,16,0,4
BRDA:105,16,1,7
BRF:35
BRH:22
end_of_record
TN:
SF:/Users/amitkumar/iTrueService/DevCode/iservice-app/app/components/BillUsage/BillUsage/ProductCards/BaseProductCollapsibleBar/BaseProductCollapsibleBar.style.js
FNF:0
FNH:0
DA:4,48
LF:1
LH:1
BRF:0
BRH:0
end_of_record
TN:
SF:/Users/amitkumar/iTrueService/DevCode/iservice-app/app/components/BillUsage/BillUsage/ProductCards/BaseProductCollapsibleBar/CircularAccordianButton.component.js
FN:12,(anonymous_0)
FNF:1
FNH:1
FNDA:10,(anonymous_0)
DA:9,49
DA:13,10
DA:14,10
DA:15,10
DA:16,10
DA:24,49
DA:29,49
LF:7
LH:7
BRDA:14,0,0,0
BRDA:14,0,1,10
BRDA:15,1,0,0
BRDA:15,1,1,10
BRF:4
BRH:2
end_of_record
TN:
SF:/Users/amitkumar/iTrueService/DevCode/iservice-app/app/components/BillUsage/BillUsage/ProductCards/BaseProductCollapsibleBar/CircularAccordianButton.style.js
FNF:0
FNH:0
LF:0
LH:0
BRF:0
BRH:0
end_of_record
TN:
SF:/Users/amitkumar/iTrueService/DevCode/iservice-app/app/components/BillUsage/BillUsage/ProductCards/TConvergenceCard/TConvergenceCard.component.js
FN:21,(anonymous_0)
FN:28,(anonymous_1)
FN:35,(anonymous_2)
FN:39,(anonymous_3)
FNF:4
FNH:1
FNDA:0,(anonymous_0)
FNDA:0,(anonymous_1)
FNDA:0,(anonymous_2)
FNDA:2,(anonymous_3)
DA:22,0
DA:23,0
DA:25,0
DA:29,0
DA:30,0
DA:31,0
DA:36,0
DA:40,2
DA:41,2
DA:42,2
DA:43,2
DA:59,43
DA:76,43
LF:13
LH:6
BRDA:22,0,0,0
BRDA:22,0,1,0
BRDA:22,1,0,0
BRDA:22,1,1,0
BRDA:30,2,0,0
BRDA:30,2,1,0
BRDA:30,3,0,0
BRDA:30,3,1,0
BRDA:50,4,0,2
BRDA:50,4,1,2
BRDA:51,5,0,2
BRDA:51,5,1,0
BRF:12
BRH:3
end_of_record
TN:
SF:/Users/amitkumar/iTrueService/DevCode/iservice-app/app/components/BillUsage/BillUsage/ProductCards/TConvergenceCard/TConvergenceCard.style.js
FNF:0
FNH:0
LF:0
LH:0
BRF:0
BRH:0
end_of_record
TN:
SF:/Users/amitkumar/iTrueService/DevCode/iservice-app/app/components/BillUsage/BillUsage/ProductCards/TMPostpaidProductCard/TMPostpaidProductCard.component.js
FN:19,(anonymous_0)
FN:25,(anonymous_1)
FN:34,(anonymous_2)
FN:44,(anonymous_3)
FN:47,(anonymous_4)
FN:50,(anonymous_5)
FNF:6
FNH:2
FNDA:4,(anonymous_0)
FNDA:0,(anonymous_1)
FNDA:0,(anonymous_2)
FNDA:0,(anonymous_3)
FNDA:0,(anonymous_4)
FNDA:5,(anonymous_5)
DA:20,4
DA:21,4
DA:22,0
DA:26,0
DA:27,0
DA:28,0
DA:30,0
DA:35,0
DA:36,0
DA:38,0
DA:39,0
DA:41,0
DA:51,5
DA:52,5
DA:53,5
DA:54,5
DA:55,5
DA:56,5
DA:57,5
DA:89,43
DA:110,43
LF:21
LH:11
BRDA:21,0,0,0
BRDA:21,0,1,4
BRDA:21,1,0,4
BRDA:21,1,1,3
BRDA:26,2,0,0
BRDA:26,2,1,0
BRDA:26,3,0,0
BRDA:26,3,1,0
BRDA:27,4,0,0
BRDA:27,4,1,0
BRDA:35,5,0,0
BRDA:35,5,1,0
BRDA:35,6,0,0
BRDA:35,6,1,0
BRDA:38,7,0,0
BRDA:38,7,1,0
BRDA:38,8,0,0
BRDA:38,8,1,0
BRDA:56,9,0,0
BRDA:56,9,1,5
BRDA:60,10,0,5
BRDA:60,10,1,5
BRDA:63,11,0,0
BRDA:63,11,1,5
BRDA:63,12,0,5
BRDA:63,12,1,2
BRDA:63,12,2,5
BRDA:63,12,3,2
BRDA:69,13,0,5
BRDA:69,13,1,0
BRDA:75,14,0,0
BRDA:75,14,1,5
BRF:32
BRH:13
end_of_record
TN:
SF:/Users/amitkumar/iTrueService/DevCode/iservice-app/app/components/BillUsage/BillUsage/ProductCards/TMPostpaidProductCard/TMPostpaidProductCard.style.js
FNF:0
FNH:0
LF:0
LH:0
BRF:0
BRH:0
end_of_record
TN:
SF:/Users/amitkumar/iTrueService/DevCode/iservice-app/app/components/BillUsage/BillUsage/ProductCards/TMPrepaidProductCard/TMPrepaidProductCard.component.js
FN:17,(anonymous_0)
FN:17,(anonymous_1)
FN:20,(anonymous_2)
FN:25,(anonymous_3)
FNF:4
FNH:2
FNDA:2,(anonymous_0)
FNDA:0,(anonymous_1)
FNDA:0,(anonymous_2)
FNDA:2,(anonymous_3)
DA:17,2
DA:18,0
DA:21,0
DA:22,0
DA:26,2
DA:27,2
DA:28,2
DA:29,2
DA:30,2
DA:31,2
DA:32,2
DA:33,2
DA:34,2
DA:35,2
DA:36,2
DA:37,2
DA:38,2
DA:63,43
DA:78,43
LF:19
LH:16
BRDA:21,0,0,0
BRDA:21,0,1,0
BRDA:21,1,0,0
BRDA:21,1,1,0
BRDA:30,2,0,0
BRDA:30,2,1,2
BRDA:32,3,0,2
BRDA:32,3,1,0
BRDA:33,4,0,0
BRDA:33,4,1,2
BRDA:35,5,0,0
BRDA:35,5,1,2
BRDA:36,6,0,0
BRDA:36,6,1,2
BRDA:37,7,0,0
BRDA:37,7,1,2
BRDA:49,8,0,0
BRDA:49,8,1,2
BRDA:54,9,0,0
BRDA:54,9,1,2
BRF:20
BRH:8
end_of_record
TN:
SF:/Users/amitkumar/iTrueService/DevCode/iservice-app/app/components/BillUsage/BillUsage/ProductCards/TMPrepaidProductCard/TMPrepaidProductCard.style.js
FNF:0
FNH:0
LF:0
LH:0
BRF:0
BRH:0
end_of_record
TN:
SF:/Users/amitkumar/iTrueService/DevCode/iservice-app/app/components/BillUsage/BillUsage/ProductCards/TOnlineProductCard/TOnlineProductCard.component.js
FN:20,(anonymous_0)
FN:30,(anonymous_1)
FN:34,(anonymous_2)
FN:38,(anonymous_3)
FNF:4
FNH:1
FNDA:0,(anonymous_0)
FNDA:0,(anonymous_1)
FNDA:0,(anonymous_2)
FNDA:5,(anonymous_3)
DA:21,0
DA:22,0
DA:24,0
DA:25,0
DA:27,0
DA:35,0
DA:39,5
DA:40,5
DA:41,5
DA:42,5
DA:43,5
DA:44,5
DA:45,5
DA:63,43
DA:84,43
LF:15
LH:9
BRDA:21,0,0,0
BRDA:21,0,1,0
BRDA:21,1,0,0
BRDA:21,1,1,0
BRDA:24,2,0,0
BRDA:24,2,1,0
BRDA:24,3,0,0
BRDA:24,3,1,0
BRDA:48,4,0,5
BRDA:48,4,1,5
BRDA:53,5,0,0
BRDA:53,5,1,5
BRDA:53,6,0,5
BRDA:53,6,1,4
BRDA:54,7,0,5
BRDA:54,7,1,5
BRDA:55,8,0,5
BRDA:55,8,1,0
BRF:18
BRH:8
end_of_record
TN:
SF:/Users/amitkumar/iTrueService/DevCode/iservice-app/app/components/BillUsage/BillUsage/ProductCards/TOnlineProductCard/TOnlineProductCard.style.js
FNF:0
FNH:0
LF:0
LH:0
BRF:0
BRH:0
end_of_record
TN:
SF:/Users/amitkumar/iTrueService/DevCode/iservice-app/app/components/BillUsage/BillUsage/ProductCards/TVisionProductCard/TVisionProductCard.component.js
FN:22,(anonymous_0)
FN:32,(anonymous_1)
FN:36,(anonymous_2)
FN:40,(anonymous_3)
FNF:4
FNH:1
FNDA:0,(anonymous_0)
FNDA:0,(anonymous_1)
FNDA:0,(anonymous_2)
FNDA:5,(anonymous_3)
DA:23,0
DA:24,0
DA:26,0
DA:27,0
DA:29,0
DA:33,0
DA:41,5
DA:42,5
DA:43,5
DA:45,5
DA:46,5
DA:47,5
DA:48,5
DA:64,43
DA:85,43
LF:15
LH:9
BRDA:23,0,0,0
BRDA:23,0,1,0
BRDA:23,1,0,0
BRDA:23,1,1,0
BRDA:26,2,0,0
BRDA:26,2,1,0
BRDA:26,3,0,0
BRDA:26,3,1,0
BRDA:51,4,0,5
BRDA:51,4,1,5
BRDA:54,5,0,0
BRDA:54,5,1,5
BRDA:54,6,0,5
BRDA:54,6,1,4
BRDA:55,7,0,5
BRDA:55,7,1,5
BRDA:56,8,0,5
BRDA:56,8,1,0
BRF:18
BRH:8
end_of_record
TN:
SF:/Users/amitkumar/iTrueService/DevCode/iservice-app/app/components/BillUsage/BillUsage/ProductCards/TVisionProductCard/TVisionProductCard.style.js
FNF:0
FNH:0
LF:0
LH:0
BRF:0
BRH:0
end_of_record
TN:
SF:/Users/amitkumar/iTrueService/DevCode/iservice-app/app/components/BillUsage/BillUsage/TopLevelCards/BillSummaryWrapper/BillSummaryWrapper.component.js
FN:14,(anonymous_0)
FN:16,(anonymous_1)
FN:19,(anonymous_2)
FN:22,(anonymous_3)
FN:23,(anonymous_4)
FN:38,(anonymous_5)
FN:41,(anonymous_6)
FN:43,(anonymous_7)
FN:51,(anonymous_8)
FN:52,(anonymous_9)
FN:52,(anonymous_10)
FN:53,(anonymous_11)
FN:59,(anonymous_12)
FN:64,(anonymous_13)
FN:65,(anonymous_14)
FN:66,(anonymous_15)
FN:74,(anonymous_16)
FN:78,(anonymous_17)
FN:84,(anonymous_18)
FN:88,(anonymous_19)
FN:89,(anonymous_20)
FN:90,(anonymous_21)
FN:91,(anonymous_22)
FN:99,(anonymous_23)
FN:111,(anonymous_24)
FN:115,(anonymous_25)
FN:116,(anonymous_26)
FN:117,(anonymous_27)
FN:118,(anonymous_28)
FN:126,(anonymous_29)
FNF:30
FNH:9
FNDA:4,(anonymous_0)
FNDA:12,(anonymous_1)
FNDA:1,(anonymous_2)
FNDA:3,(anonymous_3)
FNDA:3,(anonymous_4)
FNDA:3,(anonymous_5)
FNDA:0,(anonymous_6)
FNDA:0,(anonymous_7)
FNDA:0,(anonymous_8)
FNDA:0,(anonymous_9)
FNDA:0,(anonymous_10)
FNDA:0,(anonymous_11)
FNDA:3,(anonymous_12)
FNDA:0,(anonymous_13)
FNDA:0,(anonymous_14)
FNDA:0,(anonymous_15)
FNDA:0,(anonymous_16)
FNDA:0,(anonymous_17)
FNDA:3,(anonymous_18)
FNDA:0,(anonymous_19)
FNDA:0,(anonymous_20)
FNDA:0,(anonymous_21)
FNDA:0,(anonymous_22)
FNDA:0,(anonymous_23)
FNDA:3,(anonymous_24)
FNDA:0,(anonymous_25)
FNDA:0,(anonymous_26)
FNDA:0,(anonymous_27)
FNDA:0,(anonymous_28)
FNDA:0,(anonymous_29)
DA:15,4
DA:16,12
DA:17,4
DA:20,1
DA:21,1
DA:22,1
DA:23,3
DA:24,3
DA:25,3
DA:26,2
DA:27,2
DA:28,2
DA:30,3
DA:32,3
DA:34,1
DA:35,1
DA:39,3
DA:40,3
DA:41,3
DA:42,0
DA:43,0
DA:44,0
DA:45,0
DA:46,0
DA:48,0
DA:50,0
DA:51,0
DA:52,0
DA:53,0
DA:54,0
DA:59,3
DA:60,3
DA:61,3
DA:62,3
DA:63,3
DA:64,3
DA:65,3
DA:66,3
DA:67,0
DA:68,0
DA:70,0
DA:71,0
DA:74,3
DA:75,0
DA:78,3
DA:79,3
DA:84,3
DA:85,3
DA:86,3
DA:87,3
DA:88,3
DA:89,3
DA:90,3
DA:91,3
DA:92,0
DA:93,0
DA:95,0
DA:96,0
DA:99,3
DA:100,0
DA:103,3
DA:111,3
DA:112,3
DA:113,3
DA:114,3
DA:115,3
DA:116,3
DA:117,3
DA:118,3
DA:119,0
DA:120,0
DA:122,0
DA:123,0
DA:126,3
DA:127,0
DA:130,3
DA:136,3
DA:137,3
DA:154,40
DA:172,40
LF:80
LH:54
BRDA:16,0,0,8
BRDA:16,0,1,4
BRDA:25,1,0,2
BRDA:25,1,1,1
BRDA:25,2,0,3
BRDA:25,2,1,2
BRDA:27,3,0,0
BRDA:27,3,1,2
BRDA:45,4,0,0
BRDA:45,4,1,0
BRDA:67,5,0,0
BRDA:67,5,1,0
BRDA:67,6,0,0
BRDA:67,6,1,0
BRDA:67,6,2,0
BRDA:70,7,0,0
BRDA:70,7,1,0
BRDA:75,8,0,0
BRDA:75,8,1,0
BRDA:75,9,0,0
BRDA:75,9,1,0
BRDA:92,10,0,0
BRDA:92,10,1,0
BRDA:92,11,0,0
BRDA:92,11,1,0
BRDA:92,11,2,0
BRDA:100,12,0,0
BRDA:100,12,1,0
BRDA:100,13,0,0
BRDA:100,13,1,0
BRDA:119,14,0,0
BRDA:119,14,1,0
BRDA:119,15,0,0
BRDA:119,15,1,0
BRDA:119,15,2,0
BRDA:127,16,0,0
BRDA:127,16,1,0
BRDA:127,17,0,0
BRDA:127,17,1,0
BRF:39
BRH:7
end_of_record
TN:
SF:/Users/amitkumar/iTrueService/DevCode/iservice-app/app/components/BillUsage/BillUsage/TopLevelCards/BillSummaryWrapper/BillSummaryWrapper.style.js
FNF:0
FNH:0
LF:0
LH:0
BRF:0
BRH:0
end_of_record
TN:
SF:/Users/amitkumar/iTrueService/DevCode/iservice-app/app/components/BillUsage/BillUsage/TopLevelCards/PrepaidWrapper/PrepaidWrapper.component.js
FN:21,(anonymous_0)
FN:21,(anonymous_1)
FN:27,(anonymous_2)
FN:39,(anonymous_3)
FN:55,(anonymous_4)
FN:61,(anonymous_5)
FN:65,(anonymous_6)
FN:69,(anonymous_7)
FNF:8
FNH:4
FNDA:1,(anonymous_0)
FNDA:1,(anonymous_1)
FNDA:1,(anonymous_2)
FNDA:0,(anonymous_3)
FNDA:7,(anonymous_4)
FNDA:0,(anonymous_5)
FNDA:0,(anonymous_6)
FNDA:0,(anonymous_7)
DA:21,1
DA:22,1
DA:29,1
DA:30,1
DA:32,0
DA:34,1
DA:40,0
DA:41,0
DA:42,0
DA:47,0
DA:48,0
DA:50,0
DA:56,7
DA:57,7
DA:58,7
DA:59,7
DA:61,7
DA:62,0
DA:63,0
DA:64,0
DA:65,0
DA:66,0
DA:69,0
DA:71,0
DA:76,7
DA:88,40
DA:100,40
LF:27
LH:13
BRDA:29,0,0,1
BRDA:29,0,1,0
BRDA:47,1,0,0
BRDA:47,1,1,0
BRDA:66,2,0,0
BRDA:66,2,1,0
BRDA:66,3,0,0
BRDA:66,3,1,0
BRF:8
BRH:1
end_of_record
TN:
SF:/Users/amitkumar/iTrueService/DevCode/iservice-app/app/components/BillUsage/BillUsage/TopLevelCards/PrepaidWrapper/PrepaidWrapper.style.js
FNF:0
FNH:0
LF:0
LH:0
BRF:0
BRH:0
end_of_record
TN:
SF:/Users/amitkumar/iTrueService/DevCode/iservice-app/app/components/BillUsage/OTPPrompt/OTPPrompt.component.js
FN:12,(anonymous_0)
FN:15,(anonymous_1)
FN:16,(anonymous_2)
FNF:3
FNH:1
FNDA:1,(anonymous_0)
FNDA:0,(anonymous_1)
FNDA:0,(anonymous_2)
DA:13,1
DA:14,1
DA:15,1
DA:16,1
DA:17,1
DA:40,40
DA:49,40
LF:7
LH:7
BRDA:23,0,0,1
BRDA:23,0,1,0
BRF:2
BRH:1
end_of_record
TN:
SF:/Users/amitkumar/iTrueService/DevCode/iservice-app/app/components/BillUsage/OTPPrompt/OTPPrompt.style.js
FNF:0
FNH:0
LF:0
LH:0
BRF:0
BRH:0
end_of_record
TN:
SF:/Users/amitkumar/iTrueService/DevCode/iservice-app/app/components/BillUsage/OTPPrompt/ResendOTPCounter.component.js
FN:13,(anonymous_0)
FN:21,(anonymous_1)
FN:32,(anonymous_2)
FN:34,(anonymous_3)
FN:39,(anonymous_4)
FN:43,(anonymous_5)
FN:47,(anonymous_6)
FNF:7
FNH:3
FNDA:0,(anonymous_0)
FNDA:0,(anonymous_1)
FNDA:2,(anonymous_2)
FNDA:0,(anonymous_3)
FNDA:2,(anonymous_4)
FNDA:0,(anonymous_5)
FNDA:2,(anonymous_6)
DA:14,0
DA:15,0
DA:16,0
DA:17,0
DA:22,0
DA:23,0
DA:24,0
DA:28,0
DA:33,2
DA:34,2
DA:35,0
DA:40,2
DA:44,0
DA:48,2
DA:56,41
DA:61,41
LF:16
LH:6
BRDA:14,0,0,0
BRDA:14,0,1,0
BRDA:23,1,0,0
BRDA:23,1,1,0
BRDA:49,2,0,1
BRDA:49,2,1,1
BRF:6
BRH:2
end_of_record
TN:
SF:/Users/amitkumar/iTrueService/DevCode/iservice-app/app/components/BillUsage/TConvergencePackageDetails/TConvergencePackageDetails.component.js
FN:16,(anonymous_0)
FNF:1
FNH:1
FNDA:1,(anonymous_0)
DA:17,1
DA:18,1
DA:37,38
DA:41,38
LF:4
LH:4
BRF:0
BRH:0
end_of_record
TN:
SF:/Users/amitkumar/iTrueService/DevCode/iservice-app/app/components/BillUsage/TConvergencePackageDetails/TConvergencePackageDetails.styles.js
FNF:0
FNH:0
LF:0
LH:0
BRF:0
BRH:0
end_of_record
TN:
SF:/Users/amitkumar/iTrueService/DevCode/iservice-app/app/components/BillUsage/TMPackageDetailsExtra/TMExtraPackage.component.js
FN:17,(anonymous_0)
FN:19,(anonymous_1)
FN:20,(anonymous_2)
FN:21,(anonymous_3)
FN:71,(anonymous_4)
FN:72,(anonymous_5)
FN:73,(anonymous_6)
FN:74,(anonymous_7)
FNF:8
FNH:1
FNDA:1,(anonymous_0)
FNDA:0,(anonymous_1)
FNDA:0,(anonymous_2)
FNDA:0,(anonymous_3)
FNDA:0,(anonymous_4)
FNDA:0,(anonymous_5)
FNDA:0,(anonymous_6)
FNDA:0,(anonymous_7)
DA:18,1
DA:19,1
DA:20,1
DA:21,1
DA:22,0
DA:23,0
DA:24,0
DA:25,0
DA:26,0
DA:27,0
DA:29,0
DA:30,0
DA:31,0
DA:32,0
DA:33,0
DA:34,0
DA:36,0
DA:37,0
DA:38,0
DA:39,0
DA:40,0
DA:41,0
DA:44,0
DA:71,1
DA:72,1
DA:73,1
DA:74,1
DA:75,1
DA:100,40
DA:106,40
LF:30
LH:11
BRDA:27,0,0,0
BRDA:27,0,1,0
BRDA:29,1,0,0
BRDA:29,1,1,0
BRDA:30,2,0,0
BRDA:30,2,1,0
BRDA:31,3,0,0
BRDA:31,3,1,0
BRDA:31,4,0,0
BRDA:31,4,1,0
BRDA:36,5,0,0
BRDA:36,5,1,0
BRDA:36,6,0,0
BRDA:36,6,1,0
BRDA:37,7,0,0
BRDA:37,7,1,0
BRDA:38,8,0,0
BRDA:38,8,1,0
BRDA:39,9,0,0
BRDA:39,9,1,0
BRDA:48,10,0,0
BRDA:48,10,1,0
BRDA:53,11,0,0
BRDA:53,11,1,0
BRDA:53,12,0,0
BRDA:53,12,1,0
BRDA:54,13,0,0
BRDA:54,13,1,0
BRDA:54,13,2,0
BRDA:63,14,0,0
BRDA:63,14,1,0
BRDA:63,14,2,0
BRDA:63,14,3,0
BRDA:66,15,0,0
BRDA:66,15,1,0
BRF:35
BRH:0
end_of_record
TN:
SF:/Users/amitkumar/iTrueService/DevCode/iservice-app/app/components/BillUsage/TMPackageDetailsExtra/TMExtraPackage.style.js
FNF:0
FNH:0
LF:0
LH:0
BRF:0
BRH:0
end_of_record
TN:
SF:/Users/amitkumar/iTrueService/DevCode/iservice-app/app/components/BillUsage/TMPackageDetailsExtra/TMPackageDetails.component.js
FN:15,(anonymous_0)
FN:17,(anonymous_1)
FNF:2
FNH:1
FNDA:3,(anonymous_0)
FNDA:0,(anonymous_1)
DA:16,3
DA:17,3
DA:18,0
DA:19,0
DA:23,3
DA:36,3
DA:50,40
DA:61,40
LF:8
LH:6
BRDA:26,0,0,3
BRDA:26,0,1,3
BRDA:28,1,0,0
BRDA:28,1,1,3
BRDA:28,2,0,3
BRDA:28,2,1,3
BRDA:38,3,0,0
BRDA:38,3,1,3
BRF:8
BRH:6
end_of_record
TN:
SF:/Users/amitkumar/iTrueService/DevCode/iservice-app/app/components/BillUsage/TMPackageDetailsExtra/TMPackageDetails.style.js
FNF:0
FNH:0
LF:0
LH:0
BRF:0
BRH:0
end_of_record
TN:
SF:/Users/amitkumar/iTrueService/DevCode/iservice-app/app/components/BillUsage/TMPackageDetailsExtra/TMPackageDetailsExtra.component.js
FN:17,(anonymous_0)
FN:20,(anonymous_1)
FNF:2
FNH:1
FNDA:0,(anonymous_0)
FNDA:2,(anonymous_1)
DA:18,0
DA:21,2
DA:22,2
DA:23,2
DA:28,2
DA:34,2
DA:47,39
DA:59,39
LF:8
LH:7
BRDA:30,0,0,2
BRDA:30,0,1,2
BRDA:31,1,0,2
BRDA:31,1,1,0
BRDA:35,2,0,1
BRDA:35,2,1,1
BRF:6
BRH:5
end_of_record
TN:
SF:/Users/amitkumar/iTrueService/DevCode/iservice-app/app/components/BillUsage/TMPackageDetailsExtra/TMPackageDetailsExtra.style.js
FNF:0
FNH:0
LF:0
LH:0
BRF:0
BRH:0
end_of_record
TN:
SF:/Users/amitkumar/iTrueService/DevCode/iservice-app/app/components/BillUsage/TOLPackageDetails/TOLPackageDetails.component.js
FN:14,(anonymous_0)
FNF:1
FNH:1
FNDA:3,(anonymous_0)
DA:15,3
DA:16,3
DA:17,3
DA:18,3
DA:32,39
DA:37,39
LF:6
LH:6
BRF:0
BRH:0
end_of_record
TN:
SF:/Users/amitkumar/iTrueService/DevCode/iservice-app/app/components/BillUsage/TVPackageDetails/TVPackageDetails.component.js
FN:15,(anonymous_0)
FNF:1
FNH:1
FNDA:4,(anonymous_0)
DA:16,4
DA:17,4
DA:18,4
DA:33,39
DA:40,39
LF:5
LH:5
BRF:0
BRH:0
end_of_record
TN:
SF:/Users/amitkumar/iTrueService/DevCode/iservice-app/app/components/BillUsage/TrueOnline/TOLPackageDetails.style.js
FNF:0
FNH:0
LF:0
LH:0
BRF:0
BRH:0
end_of_record
TN:
SF:/Users/amitkumar/iTrueService/DevCode/iservice-app/app/components/BillUsage/TrueVision/TVPackageDetails.style.js
FNF:0
FNH:0
LF:0
LH:0
BRF:0
BRH:0
end_of_record
TN:
SF:/Users/amitkumar/iTrueService/DevCode/iservice-app/app/components/BillingMethods/BillingMethods/BillingMethods.component.js
FN:17,(anonymous_0)
FN:18,(anonymous_1)
FN:31,(anonymous_2)
FN:31,(anonymous_3)
FN:35,(anonymous_4)
FN:35,(anonymous_5)
FN:38,(anonymous_6)
FN:39,(anonymous_7)
FN:54,(anonymous_8)
FN:63,(anonymous_9)
FNF:10
FNH:8
FNDA:1,(anonymous_0)
FNDA:1,(anonymous_1)
FNDA:1,(anonymous_2)
FNDA:0,(anonymous_3)
FNDA:1,(anonymous_4)
FNDA:0,(anonymous_5)
FNDA:1,(anonymous_6)
FNDA:1,(anonymous_7)
FNDA:1,(anonymous_8)
FNDA:1,(anonymous_9)
DA:18,1
DA:24,1
DA:31,1
DA:32,0
DA:35,1
DA:36,0
DA:39,1
DA:47,1
DA:55,1
DA:56,1
DA:57,1
DA:64,1
DA:65,1
DA:76,39
DA:80,39
LF:15
LH:13
BRDA:56,0,0,1
BRDA:56,0,1,0
BRDA:68,1,0,1
BRDA:68,1,1,1
BRDA:69,2,0,1
BRDA:69,2,1,1
BRF:6
BRH:5
end_of_record
TN:
SF:/Users/amitkumar/iTrueService/DevCode/iservice-app/app/components/BillingMethods/BillingMethods/BillingMethods.style.js
FNF:0
FNH:0
LF:0
LH:0
BRF:0
BRH:0
end_of_record
TN:
SF:/Users/amitkumar/iTrueService/DevCode/iservice-app/app/components/BillingMethods/EBillAdd/EBillAdd.component.js
FN:20,(anonymous_0)
FN:22,(anonymous_1)
FN:33,(anonymous_2)
FN:33,(anonymous_3)
FN:37,(anonymous_4)
FN:39,(anonymous_5)
FN:52,(anonymous_6)
FN:62,(anonymous_7)
FN:71,(anonymous_8)
FN:71,(anonymous_9)
FN:83,(anonymous_10)
FN:83,(anonymous_11)
FN:89,(anonymous_12)
FN:128,(anonymous_13)
FNF:14
FNH:9
FNDA:1,(anonymous_0)
FNDA:11,(anonymous_1)
FNDA:2,(anonymous_2)
FNDA:0,(anonymous_3)
FNDA:1,(anonymous_4)
FNDA:2,(anonymous_5)
FNDA:0,(anonymous_6)
FNDA:0,(anonymous_7)
FNDA:1,(anonymous_8)
FNDA:11,(anonymous_9)
FNDA:1,(anonymous_10)
FNDA:0,(anonymous_11)
FNDA:0,(anonymous_12)
FNDA:1,(anonymous_13)
DA:21,1
DA:22,1
DA:23,11
DA:24,11
DA:25,11
DA:28,11
DA:30,1
DA:33,2
DA:34,0
DA:38,1
DA:39,1
DA:40,2
DA:53,0
DA:54,0
DA:55,0
DA:56,0
DA:57,0
DA:58,0
DA:63,0
DA:64,0
DA:65,0
DA:66,0
DA:67,0
DA:71,11
DA:83,1
DA:84,0
DA:85,0
DA:86,0
DA:87,0
DA:88,0
DA:89,0
DA:90,0
DA:91,0
DA:92,0
DA:93,0
DA:94,0
DA:95,0
DA:96,0
DA:98,0
DA:100,0
DA:101,0
DA:102,0
DA:104,0
DA:106,0
DA:109,0
DA:110,0
DA:124,0
DA:129,1
DA:154,39
DA:158,39
LF:50
LH:16
BRDA:27,0,0,0
BRDA:27,0,1,11
BRDA:54,1,0,0
BRDA:54,1,1,0
BRDA:56,2,0,0
BRDA:56,2,1,0
BRDA:57,3,0,0
BRDA:57,3,1,0
BRDA:64,4,0,0
BRDA:64,4,1,0
BRDA:76,5,0,0
BRDA:76,5,1,11
BRDA:90,6,0,0
BRDA:90,6,1,0
BRDA:93,7,0,0
BRDA:93,7,1,0
BRDA:94,8,0,0
BRDA:94,8,1,0
BRDA:94,9,0,0
BRDA:94,9,1,0
BRDA:100,10,0,0
BRDA:100,10,1,0
BRDA:100,11,0,0
BRDA:100,11,1,0
BRDA:109,12,0,0
BRDA:109,12,1,0
BRF:26
BRH:2
end_of_record
TN:
SF:/Users/amitkumar/iTrueService/DevCode/iservice-app/app/components/BillingMethods/EBillAdd/EBillAdd.style.js
FNF:0
FNH:0
LF:0
LH:0
BRF:0
BRH:0
end_of_record
TN:
SF:/Users/amitkumar/iTrueService/DevCode/iservice-app/app/components/BillingMethods/EBillAddItem/EBillAddItem.component.js
FN:24,(anonymous_0)
FN:35,(anonymous_1)
FN:39,(anonymous_2)
FN:55,(anonymous_3)
FN:69,(anonymous_4)
FN:81,(anonymous_5)
FN:93,(anonymous_6)
FN:103,(anonymous_7)
FN:110,(anonymous_8)
FN:119,(anonymous_9)
FN:131,(anonymous_10)
FN:146,(anonymous_11)
FN:154,(anonymous_12)
FN:168,(anonymous_13)
FNF:14
FNH:4
FNDA:14,(anonymous_0)
FNDA:0,(anonymous_1)
FNDA:0,(anonymous_2)
FNDA:0,(anonymous_3)
FNDA:0,(anonymous_4)
FNDA:0,(anonymous_5)
FNDA:0,(anonymous_6)
FNDA:0,(anonymous_7)
FNDA:0,(anonymous_8)
FNDA:13,(anonymous_9)
FNDA:0,(anonymous_10)
FNDA:1,(anonymous_11)
FNDA:0,(anonymous_12)
FNDA:14,(anonymous_13)
DA:25,14
DA:26,14
DA:27,0
DA:36,0
DA:40,0
DA:41,0
DA:47,0
DA:56,0
DA:57,0
DA:62,0
DA:70,0
DA:72,0
DA:73,0
DA:77,0
DA:82,0
DA:84,0
DA:85,0
DA:89,0
DA:94,0
DA:95,0
DA:96,0
DA:97,0
DA:99,0
DA:103,0
DA:111,0
DA:112,0
DA:113,0
DA:115,0
DA:120,13
DA:122,13
DA:131,0
DA:147,1
DA:148,1
DA:154,0
DA:169,14
DA:170,14
DA:188,40
DA:192,40
LF:38
LH:10
BRDA:26,0,0,0
BRDA:26,0,1,14
BRDA:40,1,0,0
BRDA:40,1,1,0
BRDA:56,2,0,0
BRDA:56,2,1,0
BRDA:72,3,0,0
BRDA:72,3,1,0
BRDA:73,4,0,0
BRDA:73,4,1,0
BRDA:84,5,0,0
BRDA:84,5,1,0
BRDA:85,6,0,0
BRDA:85,6,1,0
BRDA:96,7,0,0
BRDA:96,7,1,0
BRDA:112,8,0,0
BRDA:112,8,1,0
BRDA:142,9,0,0
BRDA:142,9,1,13
BRDA:164,10,0,0
BRDA:164,10,1,1
BRDA:181,11,0,13
BRDA:181,11,1,1
BRDA:182,12,0,1
BRDA:182,12,1,13
BRF:26
BRH:7
end_of_record
TN:
SF:/Users/amitkumar/iTrueService/DevCode/iservice-app/app/components/BillingMethods/EBillAddItem/EBillAddItem.style.js
FNF:0
FNH:0
LF:0
LH:0
BRF:0
BRH:0
end_of_record
TN:
SF:/Users/amitkumar/iTrueService/DevCode/iservice-app/app/components/BillingMethods/EBillEdit/EBillEdit.component.js
FN:29,(anonymous_0)
FN:29,(anonymous_1)
FN:71,(anonymous_2)
FN:94,(anonymous_3)
FN:128,(anonymous_4)
FN:144,(anonymous_5)
FN:158,(anonymous_6)
FN:168,(anonymous_7)
FN:178,(anonymous_8)
FN:183,(anonymous_9)
FN:188,(anonymous_10)
FN:195,(anonymous_11)
FN:203,(anonymous_12)
FN:215,(anonymous_13)
FN:234,(anonymous_14)
FN:245,(anonymous_15)
FN:263,(anonymous_16)
FNF:17
FNH:5
FNDA:8,(anonymous_0)
FNDA:0,(anonymous_1)
FNDA:0,(anonymous_2)
FNDA:4,(anonymous_3)
FNDA:0,(anonymous_4)
FNDA:0,(anonymous_5)
FNDA:0,(anonymous_6)
FNDA:0,(anonymous_7)
FNDA:0,(anonymous_8)
FNDA:0,(anonymous_9)
FNDA:0,(anonymous_10)
FNDA:0,(anonymous_11)
FNDA:4,(anonymous_12)
FNDA:0,(anonymous_13)
FNDA:4,(anonymous_14)
FNDA:0,(anonymous_15)
FNDA:4,(anonymous_16)
DA:12,39
DA:13,39
DA:29,8
DA:30,0
DA:31,0
DA:32,0
DA:33,0
DA:38,0
DA:39,0
DA:46,0
DA:55,0
DA:56,0
DA:61,0
DA:72,0
DA:73,0
DA:74,0
DA:75,0
DA:76,0
DA:78,0
DA:80,0
DA:81,0
DA:82,0
DA:84,0
DA:85,0
DA:86,0
DA:88,0
DA:95,4
DA:96,4
DA:97,4
DA:102,4
DA:103,0
DA:108,4
DA:109,1
DA:110,1
DA:115,0
DA:121,3
DA:129,0
DA:130,0
DA:136,0
DA:145,0
DA:146,0
DA:151,0
DA:159,0
DA:160,0
DA:164,0
DA:169,0
DA:170,0
DA:174,0
DA:179,0
DA:180,0
DA:184,0
DA:185,0
DA:188,0
DA:196,0
DA:197,0
DA:199,0
DA:204,4
DA:206,4
DA:215,0
DA:235,4
DA:237,4
DA:245,0
DA:264,4
DA:266,4
DA:284,39
DA:289,39
LF:66
LH:19
BRDA:31,0,0,0
BRDA:31,0,1,0
BRDA:32,1,0,0
BRDA:32,1,1,0
BRDA:38,2,0,0
BRDA:38,2,1,0
BRDA:55,3,0,0
BRDA:55,3,1,0
BRDA:73,4,0,0
BRDA:73,4,1,0
BRDA:73,5,0,0
BRDA:73,5,1,0
BRDA:75,6,0,0
BRDA:75,6,1,0
BRDA:80,7,0,0
BRDA:80,7,1,0
BRDA:80,8,0,0
BRDA:80,8,1,0
BRDA:80,8,2,0
BRDA:84,9,0,0
BRDA:84,9,1,0
BRDA:84,10,0,0
BRDA:84,10,1,0
BRDA:84,10,2,0
BRDA:90,11,0,0
BRDA:90,11,1,0
BRDA:91,12,0,0
BRDA:91,12,1,0
BRDA:96,13,0,4
BRDA:96,13,1,0
BRDA:102,14,0,0
BRDA:102,14,1,4
BRDA:108,15,0,1
BRDA:108,15,1,3
BRDA:109,16,0,1
BRDA:109,16,1,0
BRDA:129,17,0,0
BRDA:129,17,1,0
BRDA:145,18,0,0
BRDA:145,18,1,0
BRDA:159,19,0,0
BRDA:159,19,1,0
BRDA:160,20,0,0
BRDA:160,20,1,0
BRDA:169,21,0,0
BRDA:169,21,1,0
BRDA:170,22,0,0
BRDA:170,22,1,0
BRDA:196,23,0,0
BRDA:196,23,1,0
BRDA:230,24,0,0
BRDA:230,24,1,4
BRDA:259,25,0,0
BRDA:259,25,1,4
BRF:54
BRH:7
end_of_record
TN:
SF:/Users/amitkumar/iTrueService/DevCode/iservice-app/app/components/BillingMethods/EBillEdit/EBillEdit.style.js
FNF:0
FNH:0
LF:0
LH:0
BRF:0
BRH:0
end_of_record
TN:
SF:/Users/amitkumar/iTrueService/DevCode/iservice-app/app/components/BillingMethods/EBillItem/EBillItem.component.js
FN:14,(anonymous_0)
FN:34,(anonymous_1)
FNF:2
FNH:2
FNDA:2,(anonymous_0)
FNDA:2,(anonymous_1)
DA:15,2
DA:16,2
DA:35,2
DA:36,2
DA:48,40
DA:55,40
LF:6
LH:6
BRDA:37,0,0,1
BRDA:37,0,1,1
BRF:2
BRH:2
end_of_record
TN:
SF:/Users/amitkumar/iTrueService/DevCode/iservice-app/app/components/BillingMethods/EBillItem/EBillItem.style.js
FNF:0
FNH:0
LF:0
LH:0
BRF:0
BRH:0
end_of_record
TN:
SF:/Users/amitkumar/iTrueService/DevCode/iservice-app/app/components/BillingMethods/PaperBillItem/PaperBillItem.component.js
FN:13,(anonymous_0)
FN:36,(anonymous_1)
FNF:2
FNH:2
FNDA:2,(anonymous_0)
FNDA:2,(anonymous_1)
DA:14,2
DA:15,2
DA:37,2
DA:38,2
DA:50,40
DA:57,40
LF:6
LH:6
BRDA:39,0,0,1
BRDA:39,0,1,1
BRF:2
BRH:2
end_of_record
TN:
SF:/Users/amitkumar/iTrueService/DevCode/iservice-app/app/components/BillingMethods/PaperBillItem/PaperBillItem.style.js
FNF:0
FNH:0
LF:0
LH:0
BRF:0
BRH:0
end_of_record
TN:
SF:/Users/amitkumar/iTrueService/DevCode/iservice-app/app/components/ComponentWithTab/ComponentWithTab.component.js
FN:5,(anonymous_0)
FN:6,(anonymous_1)
FNF:2
FNH:2
FNDA:1,(anonymous_0)
FNDA:59,(anonymous_1)
DA:7,59
LF:1
LH:1
BRF:0
BRH:0
end_of_record
TN:
SF:/Users/amitkumar/iTrueService/DevCode/iservice-app/app/components/ComponentWithTab/ComponentWithTabView.component.js
FN:8,(anonymous_0)
FNF:1
FNH:1
FNDA:3,(anonymous_0)
DA:9,3
DA:10,3
DA:25,42
LF:3
LH:3
BRDA:19,0,0,0
BRDA:19,0,1,3
BRF:2
BRH:1
end_of_record
TN:
SF:/Users/amitkumar/iTrueService/DevCode/iservice-app/app/components/ComponentWithTab/ComponentWithTabView.style.js
FNF:0
FNH:0
LF:0
LH:0
BRF:0
BRH:0
end_of_record
TN:
SF:/Users/amitkumar/iTrueService/DevCode/iservice-app/app/components/ISWebView/ISWebView.component.js
FN:8,(anonymous_0)
FN:10,(anonymous_1)
FN:13,(anonymous_2)
FN:27,(anonymous_3)
FN:32,(anonymous_4)
FN:38,(anonymous_5)
FN:42,(anonymous_6)
FNF:7
FNH:1
FNDA:0,(anonymous_0)
FNDA:0,(anonymous_1)
FNDA:0,(anonymous_2)
FNDA:0,(anonymous_3)
FNDA:0,(anonymous_4)
FNDA:0,(anonymous_5)
FNDA:1,(anonymous_6)
DA:8,39
DA:9,0
DA:10,0
DA:11,0
DA:13,0
DA:14,0
DA:16,0
DA:18,0
DA:28,0
DA:29,0
DA:33,0
DA:34,0
DA:39,0
DA:43,1
DA:44,1
DA:45,1
DA:65,39
LF:17
LH:5
BRDA:33,0,0,0
BRDA:33,0,1,0
BRDA:47,1,0,1
BRDA:47,1,1,0
BRDA:59,2,0,1
BRDA:59,2,1,1
BRF:6
BRH:3
end_of_record
TN:
SF:/Users/amitkumar/iTrueService/DevCode/iservice-app/app/components/ISWebView/ISWebView.style.js
FNF:0
FNH:0
LF:0
LH:0
BRF:0
BRH:0
end_of_record
TN:
SF:/Users/amitkumar/iTrueService/DevCode/iservice-app/app/components/Landing/Landing.component.js
FN:21,(anonymous_0)
FN:30,(anonymous_1)
FN:34,(anonymous_2)
FN:42,(anonymous_3)
FN:51,(anonymous_4)
FN:58,(anonymous_5)
FN:60,(anonymous_6)
FN:62,(anonymous_7)
FNF:8
FNH:1
FNDA:0,(anonymous_0)
FNDA:0,(anonymous_1)
FNDA:0,(anonymous_2)
FNDA:0,(anonymous_3)
FNDA:0,(anonymous_4)
FNDA:0,(anonymous_5)
FNDA:0,(anonymous_6)
FNDA:2,(anonymous_7)
DA:22,0
DA:23,0
DA:25,0
DA:26,0
DA:31,0
DA:35,0
DA:36,0
DA:37,0
DA:38,0
DA:43,0
DA:44,0
DA:45,0
DA:47,0
DA:52,0
DA:53,0
DA:54,0
DA:58,0
DA:60,0
DA:63,2
DA:64,2
DA:65,2
DA:100,38
DA:111,38
LF:23
LH:5
BRDA:22,0,0,0
BRDA:22,0,1,0
BRDA:25,1,0,0
BRDA:25,1,1,0
BRDA:36,2,0,0
BRDA:36,2,1,0
BRDA:43,3,0,0
BRDA:43,3,1,0
BRDA:53,4,0,0
BRDA:53,4,1,0
BRDA:67,5,0,0
BRDA:67,5,1,2
BRDA:67,6,0,2
BRDA:67,6,1,0
BRDA:76,7,0,2
BRDA:76,7,1,0
BRDA:76,8,0,2
BRDA:76,8,1,2
BRF:18
BRH:5
end_of_record
TN:
SF:/Users/amitkumar/iTrueService/DevCode/iservice-app/app/components/Landing/Landing.style.js
FNF:0
FNH:0
LF:0
LH:0
BRF:0
BRH:0
end_of_record
TN:
SF:/Users/amitkumar/iTrueService/DevCode/iservice-app/app/components/Launch/Launch.component.js
FN:5,(anonymous_0)
FNF:1
FNH:1
FNDA:2,(anonymous_0)
DA:6,2
LF:1
LH:1
BRF:0
BRH:0
end_of_record
TN:
SF:/Users/amitkumar/iTrueService/DevCode/iservice-app/app/components/NavFooter/NavFooter.component.js
FN:8,(anonymous_0)
FN:23,(anonymous_1)
FN:30,(anonymous_2)
FNF:3
FNH:3
FNDA:2,(anonymous_0)
FNDA:6,(anonymous_1)
FNDA:6,(anonymous_2)
DA:9,2
DA:10,2
DA:23,2
DA:24,6
DA:25,6
DA:27,2
DA:30,6
DA:37,43
LF:8
LH:8
BRF:0
BRH:0
end_of_record
TN:
SF:/Users/amitkumar/iTrueService/DevCode/iservice-app/app/components/NavFooter/NavFooter.style.js
FNF:0
FNH:0
LF:0
LH:0
BRF:0
BRH:0
end_of_record
TN:
SF:/Users/amitkumar/iTrueService/DevCode/iservice-app/app/components/NavFooter/NavFooterItem.component.js
FN:10,(anonymous_0)
FN:10,(anonymous_1)
FN:14,(anonymous_2)
FNF:3
FNH:3
FNDA:7,(anonymous_0)
FNDA:1,(anonymous_1)
FNDA:6,(anonymous_2)
DA:10,7
DA:11,1
DA:15,6
DA:16,6
DA:28,44
LF:5
LH:5
BRDA:17,0,0,0
BRDA:17,0,1,6
BRDA:18,1,0,1
BRDA:18,1,1,5
BRDA:19,2,0,0
BRDA:19,2,1,6
BRDA:20,3,0,0
BRDA:20,3,1,6
BRF:8
BRH:5
end_of_record
TN:
SF:/Users/amitkumar/iTrueService/DevCode/iservice-app/app/components/NavFooter/NavFooterItem.style.js
FNF:0
FNH:0
LF:0
LH:0
BRF:0
BRH:0
end_of_record
TN:
SF:/Users/amitkumar/iTrueService/DevCode/iservice-app/app/components/Payment/CardSelection/CardSelection.component.js
FN:22,(anonymous_0)
FN:22,(anonymous_1)
FN:26,(anonymous_2)
FNF:3
FNH:1
FNDA:0,(anonymous_0)
FNDA:0,(anonymous_1)
FNDA:1,(anonymous_2)
DA:14,39
DA:22,0
DA:23,0
DA:27,1
DA:28,1
DA:29,1
DA:40,39
DA:46,39
LF:8
LH:6
BRDA:30,0,0,1
BRDA:30,0,1,0
BRDA:32,1,0,1
BRDA:32,1,1,0
BRDA:35,2,0,1
BRDA:35,2,1,0
BRF:6
BRH:3
end_of_record
TN:
SF:/Users/amitkumar/iTrueService/DevCode/iservice-app/app/components/Payment/CardSelection/CardSelection.style.js
FNF:0
FNH:0
LF:0
LH:0
BRF:0
BRH:0
end_of_record
TN:
SF:/Users/amitkumar/iTrueService/DevCode/iservice-app/app/components/Payment/CardTypes/CardTypes.component.js
FN:11,(anonymous_0)
FNF:1
FNH:1
FNDA:4,(anonymous_0)
DA:12,4
LF:1
LH:1
BRF:0
BRH:0
end_of_record
TN:
SF:/Users/amitkumar/iTrueService/DevCode/iservice-app/app/components/Payment/CardTypes/CardTypes.style.js
FNF:0
FNH:0
LF:0
LH:0
BRF:0
BRH:0
end_of_record
TN:
SF:/Users/amitkumar/iTrueService/DevCode/iservice-app/app/components/Payment/PayOthersCard/PayOthersCard.component.js
FN:16,(anonymous_0)
FN:18,(anonymous_1)
FN:24,(anonymous_2)
FN:34,(anonymous_3)
FNF:4
FNH:1
FNDA:0,(anonymous_0)
FNDA:0,(anonymous_1)
FNDA:0,(anonymous_2)
FNDA:1,(anonymous_3)
DA:16,0
DA:19,0
DA:20,0
DA:21,0
DA:25,0
DA:26,0
DA:27,0
DA:28,0
DA:29,0
DA:31,0
DA:35,1
DA:36,1
DA:47,38
LF:13
LH:3
BRDA:20,0,0,0
BRDA:20,0,1,0
BRDA:26,1,0,0
BRDA:26,1,1,0
BRDA:26,2,0,0
BRDA:26,2,1,0
BRDA:28,3,0,0
BRDA:28,3,1,0
BRDA:28,4,0,0
BRDA:28,4,1,0
BRF:10
BRH:0
end_of_record
TN:
SF:/Users/amitkumar/iTrueService/DevCode/iservice-app/app/components/Payment/PayOthersCard/PayOthersCard.style.js
FNF:0
FNH:0
DA:4,38
LF:1
LH:1
BRF:0
BRH:0
end_of_record
TN:
SF:/Users/amitkumar/iTrueService/DevCode/iservice-app/app/components/Payment/PayOthersPostpaid/PayOthersPostpaid.component.js
FN:14,(anonymous_0)
FN:19,(anonymous_1)
FN:20,(anonymous_2)
FN:37,(anonymous_3)
FN:51,(anonymous_4)
FNF:5
FNH:2
FNDA:1,(anonymous_0)
FNDA:0,(anonymous_1)
FNDA:0,(anonymous_2)
FNDA:0,(anonymous_3)
FNDA:1,(anonymous_4)
DA:15,1
DA:16,1
DA:17,1
DA:18,1
DA:19,1
DA:20,1
DA:21,1
DA:23,0
DA:27,0
DA:31,0
DA:38,0
DA:39,0
DA:40,0
DA:41,0
DA:46,0
DA:47,0
DA:52,1
DA:53,1
DA:54,1
DA:70,38
DA:77,38
LF:21
LH:12
BRDA:21,0,0,0
BRDA:21,0,1,0
BRDA:21,0,2,0
BRDA:40,1,0,0
BRDA:40,1,1,0
BRDA:53,2,0,0
BRDA:53,2,1,1
BRF:7
BRH:1
end_of_record
TN:
SF:/Users/amitkumar/iTrueService/DevCode/iservice-app/app/components/Payment/PayOthersPostpaid/PayOthersPostpaid.style.js
FNF:0
FNH:0
DA:3,38
LF:1
LH:1
BRF:0
BRH:0
end_of_record
TN:
SF:/Users/amitkumar/iTrueService/DevCode/iservice-app/app/components/Payment/PayOthersTopUp/PayOthersTopUp.component.js
FN:13,(anonymous_0)
FN:21,(anonymous_1)
FN:32,(anonymous_2)
FNF:3
FNH:1
FNDA:0,(anonymous_0)
FNDA:0,(anonymous_1)
FNDA:1,(anonymous_2)
DA:14,0
DA:15,0
DA:17,0
DA:22,0
DA:23,0
DA:24,0
DA:25,0
DA:26,0
DA:28,0
DA:33,1
DA:34,1
DA:48,38
DA:53,38
LF:13
LH:4
BRDA:14,0,0,0
BRDA:14,0,1,0
BRDA:25,1,0,0
BRDA:25,1,1,0
BRF:4
BRH:0
end_of_record
TN:
SF:/Users/amitkumar/iTrueService/DevCode/iservice-app/app/components/Payment/PayOthersTopUp/PayOthersTopUp.style.js
FNF:0
FNH:0
DA:3,38
LF:1
LH:1
BRF:0
BRH:0
end_of_record
TN:
SF:/Users/amitkumar/iTrueService/DevCode/iservice-app/app/components/Payment/PaymentCard/PaymentCard.component.js
FN:16,(anonymous_0)
FN:42,(anonymous_1)
FN:48,(anonymous_2)
FN:48,(anonymous_3)
FN:53,(anonymous_4)
FN:53,(anonymous_5)
FN:58,(anonymous_6)
FN:74,(anonymous_7)
FN:78,(anonymous_8)
FN:91,(anonymous_9)
FNF:10
FNH:2
FNDA:0,(anonymous_0)
FNDA:0,(anonymous_1)
FNDA:0,(anonymous_2)
FNDA:0,(anonymous_3)
FNDA:4,(anonymous_4)
FNDA:0,(anonymous_5)
FNDA:0,(anonymous_6)
FNDA:1,(anonymous_7)
FNDA:0,(anonymous_8)
FNDA:0,(anonymous_9)
DA:16,38
DA:43,0
DA:44,0
DA:45,0
DA:48,0
DA:49,0
DA:50,0
DA:53,4
DA:54,0
DA:55,0
DA:59,0
DA:61,0
DA:62,0
DA:64,0
DA:65,0
DA:67,0
DA:70,0
DA:75,1
DA:76,1
DA:77,1
DA:78,1
DA:79,1
DA:80,1
DA:92,0
DA:108,38
DA:119,38
LF:26
LH:10
BRDA:49,0,0,0
BRDA:49,0,1,0
BRDA:62,1,0,0
BRDA:62,1,1,0
BRDA:64,2,0,0
BRDA:64,2,1,0
BRDA:91,3,0,0
BRDA:91,3,1,1
BRDA:94,4,0,0
BRDA:94,4,1,0
BRDA:104,5,0,1
BRDA:104,5,1,1
BRF:12
BRH:3
end_of_record
TN:
SF:/Users/amitkumar/iTrueService/DevCode/iservice-app/app/components/Payment/PaymentCard/PaymentCard.style.js
FNF:0
FNH:0
LF:0
LH:0
BRF:0
BRH:0
end_of_record
TN:
SF:/Users/amitkumar/iTrueService/DevCode/iservice-app/app/components/Payment/PaymentCardForm/PaymentCardForm.component.js
FN:14,(anonymous_0)
FN:26,(anonymous_1)
FN:35,(anonymous_2)
FNF:3
FNH:1
FNDA:0,(anonymous_0)
FNDA:0,(anonymous_1)
FNDA:2,(anonymous_2)
DA:14,39
DA:27,0
DA:28,0
DA:29,0
DA:31,0
DA:36,2
DA:37,2
DA:38,2
DA:71,39
DA:79,39
LF:10
LH:6
BRDA:28,0,0,0
BRDA:28,0,1,0
BRDA:62,1,0,2
BRDA:62,1,1,1
BRF:4
BRH:2
end_of_record
TN:
SF:/Users/amitkumar/iTrueService/DevCode/iservice-app/app/components/Payment/PaymentCardForm/PaymentCardForm.style.js
FNF:0
FNH:0
LF:0
LH:0
BRF:0
BRH:0
end_of_record
TN:
SF:/Users/amitkumar/iTrueService/DevCode/iservice-app/app/components/Payment/PaymentOptions/PaymentOptions.component.js
FN:17,(anonymous_0)
FN:17,(anonymous_1)
FN:21,(anonymous_2)
FN:28,(anonymous_3)
FN:44,(anonymous_4)
FN:52,(anonymous_5)
FNF:6
FNH:4
FNDA:7,(anonymous_0)
FNDA:1,(anonymous_1)
FNDA:0,(anonymous_2)
FNDA:3,(anonymous_3)
FNDA:6,(anonymous_4)
FNDA:0,(anonymous_5)
DA:17,7
DA:18,1
DA:22,0
DA:23,0
DA:24,0
DA:29,3
DA:30,3
DA:44,3
DA:45,6
DA:52,3
DA:53,3
DA:71,38
DA:76,38
LF:13
LH:10
BRDA:23,0,0,0
BRDA:23,0,1,0
BRDA:48,1,0,3
BRDA:48,1,1,3
BRDA:49,2,0,3
BRDA:49,2,1,3
BRF:6
BRH:4
end_of_record
TN:
SF:/Users/amitkumar/iTrueService/DevCode/iservice-app/app/components/Payment/PaymentOptions/PaymentOptions.style.js
FNF:0
FNH:0
LF:0
LH:0
BRF:0
BRH:0
end_of_record
TN:
SF:/Users/amitkumar/iTrueService/DevCode/iservice-app/app/components/Payment/PaymentStatus/PaymentStatus.component.js
FN:12,(anonymous_0)
FNF:1
FNH:1
FNDA:1,(anonymous_0)
DA:13,1
DA:15,1
DA:26,1
DA:34,1
DA:46,38
DA:53,38
LF:6
LH:6
BRDA:36,0,0,0
BRDA:36,0,1,1
BRDA:38,1,0,0
BRDA:38,1,1,1
BRF:4
BRH:2
end_of_record
TN:
SF:/Users/amitkumar/iTrueService/DevCode/iservice-app/app/components/Payment/PaymentStatus/PaymentStatus.style.js
FNF:0
FNH:0
DA:3,38
LF:1
LH:1
BRF:0
BRH:0
end_of_record
TN:
SF:/Users/amitkumar/iTrueService/DevCode/iservice-app/app/components/Payment/PaymentStatusDetails/PaymentStatusDetails.component.js
FN:11,(anonymous_0)
FN:31,(anonymous_1)
FN:39,(anonymous_2)
FNF:3
FNH:1
FNDA:1,(anonymous_0)
FNDA:0,(anonymous_1)
FNDA:0,(anonymous_2)
DA:12,1
DA:13,1
DA:32,0
DA:40,0
DA:59,38
DA:63,38
LF:6
LH:4
BRDA:12,0,0,1
BRDA:40,1,0,0
BRDA:40,1,1,0
BRF:3
BRH:1
end_of_record
TN:
SF:/Users/amitkumar/iTrueService/DevCode/iservice-app/app/components/Payment/PaymentStatusDetails/PaymentStatusDetails.style.js
FNF:0
FNH:0
LF:0
LH:0
BRF:0
BRH:0
end_of_record
TN:
SF:/Users/amitkumar/iTrueService/DevCode/iservice-app/app/components/Shared/index.js
FNF:0
FNH:0
LF:0
LH:0
BRF:0
BRH:0
end_of_record
TN:
SF:/Users/amitkumar/iTrueService/DevCode/iservice-app/app/components/Shared/Accordion/Accordion.component.js
FN:19,(anonymous_0)
FN:24,(anonymous_1)
FN:30,(anonymous_2)
FNF:3
FNH:3
FNDA:1,(anonymous_0)
FNDA:1,(anonymous_1)
FNDA:10,(anonymous_2)
DA:12,126
DA:20,1
DA:21,1
DA:25,1
DA:26,1
DA:31,10
DA:32,10
DA:33,10
DA:50,126
DA:58,126
LF:10
LH:10
BRDA:25,0,0,1
BRDA:25,0,1,0
BRDA:32,1,0,7
BRDA:32,1,1,3
BRF:4
BRH:3
end_of_record
TN:
SF:/Users/amitkumar/iTrueService/DevCode/iservice-app/app/components/Shared/Accordion/Accordion.style.js
FNF:0
FNH:0
LF:0
LH:0
BRF:0
BRH:0
end_of_record
TN:
SF:/Users/amitkumar/iTrueService/DevCode/iservice-app/app/components/Shared/AmountText/AmountText.component.js
FN:9,(anonymous_0)
FNF:1
FNH:1
FNDA:18,(anonymous_0)
DA:10,18
DA:11,18
DA:12,18
DA:13,18
DA:14,18
DA:16,18
DA:24,125
DA:33,125
LF:8
LH:8
BRDA:12,0,0,5
BRDA:12,0,1,13
BRDA:13,1,0,5
BRDA:13,1,1,13
BRDA:14,2,0,5
BRDA:14,2,1,13
BRDA:20,3,0,18
BRDA:20,3,1,17
BRF:8
BRH:8
end_of_record
TN:
SF:/Users/amitkumar/iTrueService/DevCode/iservice-app/app/components/Shared/AmountText/AmountText.style.js
FNF:0
FNH:0
DA:3,125
LF:1
LH:1
BRF:0
BRH:0
end_of_record
TN:
SF:/Users/amitkumar/iTrueService/DevCode/iservice-app/app/components/Shared/Banner/Banner.component.js
FN:13,(anonymous_0)
FN:15,(anonymous_1)
FN:26,(anonymous_2)
FN:32,(anonymous_3)
FN:38,(anonymous_4)
FNF:5
FNH:3
FNDA:2,(anonymous_0)
FNDA:0,(anonymous_1)
FNDA:0,(anonymous_2)
FNDA:1,(anonymous_3)
FNDA:9,(anonymous_4)
DA:14,2
DA:15,0
DA:16,0
DA:17,0
DA:20,2
DA:21,2
DA:22,2
DA:27,0
DA:28,0
DA:33,1
DA:34,1
DA:35,1
DA:39,9
DA:40,9
DA:41,9
DA:49,126
DA:55,126
LF:17
LH:12
BRDA:14,0,0,0
BRDA:14,0,1,2
BRDA:27,1,0,0
BRDA:27,1,1,0
BRF:4
BRH:1
end_of_record
TN:
SF:/Users/amitkumar/iTrueService/DevCode/iservice-app/app/components/Shared/Banner/Banner.styles.js
FNF:0
FNH:0
LF:0
LH:0
BRF:0
BRH:0
end_of_record
TN:
SF:/Users/amitkumar/iTrueService/DevCode/iservice-app/app/components/Shared/BottomCaretView/BottomCaretView.component.js
FN:10,(anonymous_0)
FNF:1
FNH:1
FNDA:52,(anonymous_0)
DA:11,52
DA:12,52
DA:13,52
DA:24,125
DA:30,125
LF:5
LH:5
BRF:0
BRH:0
end_of_record
TN:
SF:/Users/amitkumar/iTrueService/DevCode/iservice-app/app/components/Shared/BottomCaretView/BottomCaretView.styles.js
FNF:0
FNH:0
LF:0
LH:0
BRF:0
BRH:0
end_of_record
TN:
SF:/Users/amitkumar/iTrueService/DevCode/iservice-app/app/components/Shared/Button/Button.component.js
FN:9,(anonymous_0)
FNF:1
FNH:1
FNDA:45,(anonymous_0)
DA:9,125
DA:10,45
DA:11,45
DA:12,45
DA:24,125
DA:36,125
LF:6
LH:6
BRDA:11,0,0,6
BRDA:11,0,1,39
BRDA:13,1,0,6
BRDA:13,1,1,39
BRDA:16,2,0,1
BRDA:16,2,1,44
BRF:6
BRH:6
end_of_record
TN:
SF:/Users/amitkumar/iTrueService/DevCode/iservice-app/app/components/Shared/Button/Button.style.js
FNF:0
FNH:0
DA:3,125
DA:17,125
DA:29,125
DA:38,125
LF:4
LH:4
BRF:0
BRH:0
end_of_record
TN:
SF:/Users/amitkumar/iTrueService/DevCode/iservice-app/app/components/Shared/Card/Card.component.js
FN:11,(anonymous_0)
FNF:1
FNH:1
FNDA:24,(anonymous_0)
DA:12,24
DA:13,24
DA:14,24
DA:26,125
DA:34,125
LF:5
LH:5
BRDA:17,0,0,1
BRDA:17,0,1,23
BRF:2
BRH:2
end_of_record
TN:
SF:/Users/amitkumar/iTrueService/DevCode/iservice-app/app/components/Shared/Card/Card.style.js
FNF:0
FNH:0
LF:0
LH:0
BRF:0
BRH:0
end_of_record
TN:
SF:/Users/amitkumar/iTrueService/DevCode/iservice-app/app/components/Shared/CaretHeader/CaretHeader.component.js
FN:17,(anonymous_0)
FNF:1
FNH:1
FNDA:25,(anonymous_0)
DA:11,125
DA:18,25
DA:19,25
DA:20,25
DA:21,25
DA:22,25
DA:23,25
DA:24,25
DA:39,125
DA:51,125
LF:10
LH:10
BRDA:19,0,0,24
BRDA:19,0,1,1
BRDA:20,1,0,0
BRDA:20,1,1,25
BRDA:21,2,0,24
BRDA:21,2,1,1
BRDA:22,3,0,24
BRDA:22,3,1,1
BRDA:29,4,0,22
BRDA:29,4,1,3
BRF:10
BRH:9
end_of_record
TN:
SF:/Users/amitkumar/iTrueService/DevCode/iservice-app/app/components/Shared/CaretHeader/CaretHeader.styles.js
FNF:0
FNH:0
LF:0
LH:0
BRF:0
BRH:0
end_of_record
TN:
SF:/Users/amitkumar/iTrueService/DevCode/iservice-app/app/components/Shared/CaretTabs/CaretTabs.component.js
FN:13,(anonymous_0)
FN:13,(anonymous_1)
FN:15,(anonymous_2)
FN:22,(anonymous_3)
FNF:4
FNH:4
FNDA:25,(anonymous_0)
FNDA:1,(anonymous_1)
FNDA:12,(anonymous_2)
FNDA:24,(anonymous_3)
DA:13,25
DA:16,12
DA:17,12
DA:18,12
DA:23,24
DA:24,24
DA:25,24
DA:26,24
DA:27,24
DA:28,24
DA:29,24
DA:30,24
DA:49,125
DA:64,125
LF:14
LH:14
BRDA:26,0,0,12
BRDA:26,0,1,12
BRDA:27,1,0,12
BRDA:27,1,1,12
BRDA:28,2,0,12
BRDA:28,2,1,12
BRDA:29,3,0,12
BRDA:29,3,1,12
BRDA:41,4,0,1
BRDA:41,4,1,11
BRF:10
BRH:10
end_of_record
TN:
SF:/Users/amitkumar/iTrueService/DevCode/iservice-app/app/components/Shared/CaretTabs/CaretTabs.style.js
FNF:0
FNH:0
DA:3,125
LF:1
LH:1
BRF:0
BRH:0
end_of_record
TN:
SF:/Users/amitkumar/iTrueService/DevCode/iservice-app/app/components/Shared/Checkbox/Checkbox.component.js
FN:11,(anonymous_0)
FN:15,(anonymous_1)
FNF:2
FNH:2
FNDA:1,(anonymous_0)
FNDA:25,(anonymous_1)
DA:12,1
DA:13,1
DA:16,25
DA:17,25
DA:18,25
DA:19,25
DA:28,126
DA:37,126
LF:8
LH:8
BRDA:17,0,0,3
BRDA:17,0,1,22
BRDA:18,1,0,3
BRDA:18,1,1,22
BRF:4
BRH:4
end_of_record
TN:
SF:/Users/amitkumar/iTrueService/DevCode/iservice-app/app/components/Shared/Checkbox/Checkbox.style.js
FNF:0
FNH:0
DA:3,126
LF:1
LH:1
BRF:0
BRH:0
end_of_record
TN:
SF:/Users/amitkumar/iTrueService/DevCode/iservice-app/app/components/Shared/CircleShadowSeparator/CircleShadowSeparator.component.js
FN:8,(anonymous_0)
FNF:1
FNH:1
FNDA:4,(anonymous_0)
DA:9,4
DA:19,125
DA:23,125
LF:3
LH:3
BRF:0
BRH:0
end_of_record
TN:
SF:/Users/amitkumar/iTrueService/DevCode/iservice-app/app/components/Shared/CircleShadowSeparator/CircleShadowSeparator.styles.js
FNF:0
FNH:0
LF:0
LH:0
BRF:0
BRH:0
end_of_record
TN:
SF:/Users/amitkumar/iTrueService/DevCode/iservice-app/app/components/Shared/CircularProgress/CircularProgress.component.js
FN:7,(anonymous_0)
FNF:1
FNH:1
FNDA:3,(anonymous_0)
DA:8,3
DA:9,3
DA:23,126
DA:32,126
LF:4
LH:4
BRF:0
BRH:0
end_of_record
TN:
SF:/Users/amitkumar/iTrueService/DevCode/iservice-app/app/components/Shared/Dropdown/Dropdown.component.js
FN:15,(anonymous_0)
FN:16,(anonymous_1)
FN:18,(anonymous_2)
FN:18,(anonymous_3)
FN:24,(anonymous_4)
FNF:5
FNH:5
FNDA:1,(anonymous_0)
FNDA:3,(anonymous_1)
FNDA:15,(anonymous_2)
FNDA:2,(anonymous_3)
FNDA:16,(anonymous_4)
DA:15,1
DA:16,3
DA:18,15
DA:19,2
DA:20,2
DA:22,2
DA:25,16
DA:26,16
DA:27,16
DA:51,125
DA:57,125
LF:11
LH:11
BRDA:19,0,0,2
BRDA:19,0,1,0
BRDA:26,1,0,16
BRDA:26,1,1,14
BRDA:31,2,0,16
BRDA:31,2,1,16
BRF:6
BRH:5
end_of_record
TN:
SF:/Users/amitkumar/iTrueService/DevCode/iservice-app/app/components/Shared/Dropdown/Dropdown.styles.js
FNF:0
FNH:0
LF:0
LH:0
BRF:0
BRH:0
end_of_record
TN:
SF:/Users/amitkumar/iTrueService/DevCode/iservice-app/app/components/Shared/ISHeader/ISHeader.component.js
FN:7,(anonymous_0)
FNF:1
FNH:0
FNDA:0,(anonymous_0)
DA:7,125
DA:8,0
LF:2
LH:1
BRF:0
BRH:0
end_of_record
TN:
SF:/Users/amitkumar/iTrueService/DevCode/iservice-app/app/components/Shared/ISHeader/ISHeader.style.js
FNF:0
FNH:0
DA:5,125
LF:1
LH:1
BRDA:13,0,0,125
BRDA:13,0,1,0
BRDA:14,1,0,125
BRDA:14,1,1,0
BRF:4
BRH:2
end_of_record
TN:
SF:/Users/amitkumar/iTrueService/DevCode/iservice-app/app/components/Shared/ISText/ISText.component.js
FN:8,(anonymous_0)
FNF:1
FNH:1
FNDA:519,(anonymous_0)
DA:9,519
DA:10,519
DA:11,519
DA:12,519
DA:18,125
DA:24,125
LF:6
LH:6
BRDA:11,0,0,199
BRDA:11,0,1,320
BRF:2
BRH:2
end_of_record
TN:
SF:/Users/amitkumar/iTrueService/DevCode/iservice-app/app/components/Shared/ISText/ISText.style.js
FNF:0
FNH:0
LF:0
LH:0
BRF:0
BRH:0
end_of_record
TN:
SF:/Users/amitkumar/iTrueService/DevCode/iservice-app/app/components/Shared/Icon/Icon.component.js
FNF:0
FNH:0
LF:0
LH:0
BRF:0
BRH:0
end_of_record
TN:
SF:/Users/amitkumar/iTrueService/DevCode/iservice-app/app/components/Shared/IconTextInput/IconTextInput.component.js
FN:9,(anonymous_0)
FNF:1
FNH:1
FNDA:16,(anonymous_0)
DA:10,16
DA:11,16
DA:12,16
DA:24,126
DA:32,126
LF:5
LH:5
BRDA:11,0,0,11
BRDA:11,0,1,5
BRF:2
BRH:2
end_of_record
TN:
SF:/Users/amitkumar/iTrueService/DevCode/iservice-app/app/components/Shared/IconTextInput/IconTextInput.styles.js
FNF:0
FNH:0
LF:0
LH:0
BRF:0
BRH:0
end_of_record
TN:
SF:/Users/amitkumar/iTrueService/DevCode/iservice-app/app/components/Shared/InfoBar/InfoBar.component.js
FN:8,(anonymous_0)
FNF:1
FNH:1
FNDA:2,(anonymous_0)
DA:9,2
DA:10,2
DA:18,125
DA:23,125
LF:4
LH:4
BRF:0
BRH:0
end_of_record
TN:
SF:/Users/amitkumar/iTrueService/DevCode/iservice-app/app/components/Shared/InfoBar/InfoBar.style.js
FNF:0
FNH:0
LF:0
LH:0
BRF:0
BRH:0
end_of_record
TN:
SF:/Users/amitkumar/iTrueService/DevCode/iservice-app/app/components/Shared/KeyboardScollView/KeyboardScrollView.component.js
FN:6,(anonymous_0)
FNF:1
FNH:1
FNDA:4,(anonymous_0)
DA:7,4
DA:8,4
DA:14,126
DA:18,126
LF:4
LH:4
BRF:0
BRH:0
end_of_record
TN:
SF:/Users/amitkumar/iTrueService/DevCode/iservice-app/app/components/Shared/List/List.component.js
FN:13,(anonymous_0)
FN:37,(anonymous_1)
FN:39,(anonymous_2)
FNF:3
FNH:3
FNDA:17,(anonymous_0)
FNDA:17,(anonymous_1)
FNDA:15,(anonymous_2)
DA:14,17
DA:15,17
DA:16,17
DA:17,17
DA:18,17
DA:19,17
DA:20,17
DA:22,17
DA:23,17
DA:24,17
DA:37,17
DA:40,15
DA:41,15
DA:46,125
DA:53,125
LF:15
LH:15
BRDA:16,0,0,14
BRDA:16,0,1,3
BRDA:17,1,0,13
BRDA:17,1,1,4
BRDA:18,2,0,13
BRDA:18,2,1,4
BRDA:19,3,0,13
BRDA:19,3,1,4
BRDA:20,4,0,9
BRDA:20,4,1,8
BRDA:22,5,0,14
BRDA:22,5,1,3
BRDA:25,6,0,14
BRDA:25,6,1,3
BRDA:27,7,0,1
BRDA:27,7,1,16
BRDA:27,8,0,17
BRDA:27,8,1,14
BRDA:28,9,0,14
BRDA:28,9,1,3
BRDA:29,10,0,0
BRDA:29,10,1,17
BRDA:31,11,0,1
BRDA:31,11,1,16
BRDA:31,12,0,17
BRDA:31,12,1,14
BRF:26
BRH:25
end_of_record
TN:
SF:/Users/amitkumar/iTrueService/DevCode/iservice-app/app/components/Shared/List/List.styles.js
FNF:0
FNH:0
LF:0
LH:0
BRF:0
BRH:0
end_of_record
TN:
SF:/Users/amitkumar/iTrueService/DevCode/iservice-app/app/components/Shared/Map/Map.component.js
FN:24,(anonymous_0)
FN:31,(anonymous_1)
FN:39,(anonymous_2)
FN:46,(anonymous_3)
FN:46,(anonymous_4)
FN:56,(anonymous_5)
FN:62,(anonymous_6)
FN:66,(anonymous_7)
FNF:8
FNH:6
FNDA:1,(anonymous_0)
FNDA:0,(anonymous_1)
FNDA:0,(anonymous_2)
FNDA:13,(anonymous_3)
FNDA:4,(anonymous_4)
FNDA:1,(anonymous_5)
FNDA:6,(anonymous_6)
FNDA:11,(anonymous_7)
DA:25,1
DA:26,1
DA:27,1
DA:32,0
DA:33,0
DA:34,0
DA:35,0
DA:40,0
DA:41,0
DA:43,0
DA:46,13
DA:47,4
DA:48,4
DA:57,1
DA:58,1
DA:59,1
DA:63,6
DA:67,11
DA:68,11
DA:69,11
DA:105,126
DA:114,126
LF:22
LH:15
BRDA:26,0,0,1
BRDA:26,0,1,0
BRDA:34,1,0,0
BRDA:34,1,1,0
BRDA:40,2,0,0
BRDA:40,2,1,0
BRDA:47,3,0,4
BRDA:47,3,1,0
BRDA:58,4,0,1
BRDA:58,4,1,0
BRDA:74,5,0,2
BRDA:74,5,1,9
BRDA:82,6,0,11
BRDA:82,6,1,0
BRDA:89,7,0,2
BRDA:89,7,1,9
BRF:16
BRH:8
end_of_record
TN:
SF:/Users/amitkumar/iTrueService/DevCode/iservice-app/app/components/Shared/Map/Map.style.js
FNF:0
FNH:0
LF:0
LH:0
BRF:0
BRH:0
end_of_record
TN:
SF:/Users/amitkumar/iTrueService/DevCode/iservice-app/app/components/Shared/Modal/Modal.component.js
FN:5,(anonymous_0)
FNF:1
FNH:1
FNDA:10,(anonymous_0)
DA:5,125
LF:1
LH:1
BRF:0
BRH:0
end_of_record
TN:
SF:/Users/amitkumar/iTrueService/DevCode/iservice-app/app/components/Shared/OverlaySpinner/OverLaySpinner.style.js
FNF:0
FNH:0
LF:0
LH:0
BRF:0
BRH:0
end_of_record
TN:
SF:/Users/amitkumar/iTrueService/DevCode/iservice-app/app/components/Shared/OverlaySpinner/OverlaySpinner.component.js
FN:9,(anonymous_0)
FNF:1
FNH:1
FNDA:3,(anonymous_0)
DA:10,3
DA:11,3
DA:23,126
DA:27,126
LF:4
LH:4
BRDA:12,0,0,2
BRDA:12,0,1,1
BRF:2
BRH:2
end_of_record
TN:
SF:/Users/amitkumar/iTrueService/DevCode/iservice-app/app/components/Shared/Popup/Popup.component.js
FN:15,(anonymous_0)
FN:15,(anonymous_1)
FN:20,(anonymous_2)
FN:27,(anonymous_3)
FN:42,(anonymous_4)
FNF:5
FNH:4
FNDA:17,(anonymous_0)
FNDA:0,(anonymous_1)
FNDA:2,(anonymous_2)
FNDA:8,(anonymous_3)
FNDA:8,(anonymous_4)
DA:15,17
DA:16,0
DA:17,0
DA:21,2
DA:22,2
DA:23,1
DA:29,8
DA:30,8
DA:43,8
DA:44,8
DA:46,8
DA:71,4
DA:85,4
LF:13
LH:11
BRDA:22,0,0,1
BRDA:22,0,1,1
BRDA:22,1,0,2
BRDA:22,1,1,2
BRDA:29,2,0,8
BRDA:29,2,1,0
BRDA:36,3,0,0
BRDA:36,3,1,8
BRDA:37,4,0,0
BRDA:37,4,1,8
BRDA:54,5,0,0
BRDA:54,5,1,8
BRF:12
BRH:8
end_of_record
TN:
SF:/Users/amitkumar/iTrueService/DevCode/iservice-app/app/components/Shared/Popup/Popup.style.js
FNF:0
FNH:0
LF:0
LH:0
BRF:0
BRH:0
end_of_record
TN:
SF:/Users/amitkumar/iTrueService/DevCode/iservice-app/app/components/Shared/ProgressBar/ProgressBar.component.js
FN:8,(anonymous_0)
FNF:1
FNH:1
FNDA:2,(anonymous_0)
DA:9,2
DA:10,2
DA:13,2
DA:17,2
DA:18,2
DA:21,2
DA:30,126
DA:36,126
LF:8
LH:8
BRDA:17,0,0,1
BRDA:17,0,1,1
BRDA:23,1,0,2
BRDA:23,1,1,0
BRF:4
BRH:3
end_of_record
TN:
SF:/Users/amitkumar/iTrueService/DevCode/iservice-app/app/components/Shared/ProgressBar/ProgressBar.styles.js
FNF:0
FNH:0
LF:0
LH:0
BRF:0
BRH:0
end_of_record
TN:
SF:/Users/amitkumar/iTrueService/DevCode/iservice-app/app/components/Shared/RadioButton/RadioButton.component.js
FN:11,(anonymous_0)
FN:15,(anonymous_1)
FNF:2
FNH:2
FNDA:2,(anonymous_0)
FNDA:11,(anonymous_1)
DA:12,2
DA:13,2
DA:16,11
DA:18,11
DA:19,11
DA:27,126
DA:33,126
LF:7
LH:7
BRDA:18,0,0,2
BRDA:18,0,1,9
BRF:2
BRH:2
end_of_record
TN:
SF:/Users/amitkumar/iTrueService/DevCode/iservice-app/app/components/Shared/RadioButton/RadioButton.style.js
FNF:0
FNH:0
DA:3,126
LF:1
LH:1
BRF:0
BRH:0
end_of_record
TN:
SF:/Users/amitkumar/iTrueService/DevCode/iservice-app/app/components/Shared/RadioGroup/RadioGroup.component.js
FN:15,(anonymous_0)
FN:21,(anonymous_1)
FN:26,(anonymous_2)
FN:35,(anonymous_3)
FN:42,(anonymous_4)
FN:49,(anonymous_5)
FNF:6
FNH:6
FNDA:1,(anonymous_0)
FNDA:2,(anonymous_1)
FNDA:10,(anonymous_2)
FNDA:37,(anonymous_3)
FNDA:11,(anonymous_4)
FNDA:10,(anonymous_5)
DA:16,1
DA:17,1
DA:22,2
DA:23,2
DA:27,10
DA:28,10
DA:29,10
DA:31,10
DA:32,10
DA:34,11
DA:35,11
DA:36,37
DA:39,11
DA:42,10
DA:43,11
DA:46,10
DA:50,10
DA:51,10
DA:52,10
DA:58,125
DA:65,125
LF:21
LH:21
BRDA:16,0,0,1
BRDA:16,0,1,0
BRDA:16,1,0,1
BRDA:16,1,1,1
BRDA:16,1,2,1
BRDA:36,2,0,37
BRDA:36,2,1,2
BRF:7
BRH:6
end_of_record
TN:
SF:/Users/amitkumar/iTrueService/DevCode/iservice-app/app/components/Shared/RadioGroup/RadioGroup.style.js
FNF:0
FNH:0
LF:0
LH:0
BRF:0
BRH:0
end_of_record
TN:
SF:/Users/amitkumar/iTrueService/DevCode/iservice-app/app/components/Shared/Separator/Separator.component.js
FN:8,(anonymous_0)
FNF:1
FNH:1
FNDA:3,(anonymous_0)
DA:9,3
DA:10,3
DA:20,125
DA:24,125
LF:4
LH:4
BRF:0
BRH:0
end_of_record
TN:
SF:/Users/amitkumar/iTrueService/DevCode/iservice-app/app/components/Shared/Separator/Separator.styles.js
FNF:0
FNH:0
LF:0
LH:0
BRF:0
BRH:0
end_of_record
TN:
SF:/Users/amitkumar/iTrueService/DevCode/iservice-app/app/components/Shared/SquareIconButton/SquareIconButton.component.js
FN:12,(anonymous_0)
FNF:1
FNH:1
FNDA:5,(anonymous_0)
DA:13,5
DA:14,5
DA:28,125
DA:36,125
LF:4
LH:4
BRF:0
BRH:0
end_of_record
TN:
SF:/Users/amitkumar/iTrueService/DevCode/iservice-app/app/components/Shared/SquareIconButton/SquareIconButton.style.js
FNF:0
FNH:0
LF:0
LH:0
BRF:0
BRH:0
end_of_record
TN:
SF:/Users/amitkumar/iTrueService/DevCode/iservice-app/app/components/Shared/ToggleButton/ToggleButton.component.js
FN:9,(anonymous_0)
FN:17,(anonymous_1)
FN:22,(anonymous_2)
FN:36,(anonymous_3)
FNF:4
FNH:2
FNDA:11,(anonymous_0)
FNDA:0,(anonymous_1)
FNDA:0,(anonymous_2)
FNDA:11,(anonymous_3)
DA:10,11
DA:11,11
DA:18,0
DA:19,0
DA:23,0
DA:24,0
DA:39,11
DA:44,11
DA:46,11
DA:54,11
DA:65,126
DA:70,126
LF:12
LH:8
BRDA:12,0,0,7
BRDA:12,0,1,4
BRDA:13,1,0,7
BRDA:13,1,1,4
BRDA:19,2,0,0
BRDA:19,2,1,0
BRDA:26,3,0,0
BRDA:26,3,1,0
BRDA:30,4,0,0
BRDA:30,4,1,0
BRF:10
BRH:4
end_of_record
TN:
SF:/Users/amitkumar/iTrueService/DevCode/iservice-app/app/components/Shared/ToggleButton/ToggleButton.style.js
FNF:0
FNH:0
LF:0
LH:0
BRF:0
BRH:0
end_of_record
TN:
SF:/Users/amitkumar/iTrueService/DevCode/iservice-app/app/components/Shared/TopUpRadioButton/TopUpRadioButton.component.js
FN:9,(anonymous_0)
FN:13,(anonymous_1)
FNF:2
FNH:2
FNDA:2,(anonymous_0)
FNDA:23,(anonymous_1)
DA:10,2
DA:11,2
DA:14,23
DA:15,23
DA:16,23
DA:17,23
DA:25,125
DA:32,125
LF:8
LH:8
BRDA:15,0,0,0
BRDA:15,0,1,23
BRDA:16,1,0,0
BRDA:16,1,1,23
BRDA:20,2,0,0
BRDA:20,2,1,23
BRF:6
BRH:3
end_of_record
TN:
SF:/Users/amitkumar/iTrueService/DevCode/iservice-app/app/components/Shared/TopUpRadioButton/TopUpRadioButton.style.js
FNF:0
FNH:0
LF:0
LH:0
BRF:0
BRH:0
end_of_record
TN:
SF:/Users/amitkumar/iTrueService/DevCode/iservice-app/app/components/Shared/Touchable/Touchable.component.js
FNF:0
FNH:0
LF:0
LH:0
BRF:0
BRH:0
end_of_record
TN:
SF:/Users/amitkumar/iTrueService/DevCode/iservice-app/app/components/Shared/WrapperCard/WrapperCard.component.js
FN:8,(anonymous_0)
FNF:1
FNH:1
FNDA:22,(anonymous_0)
DA:9,22
DA:10,22
DA:22,125
DA:27,125
LF:4
LH:4
BRDA:15,0,0,3
BRDA:15,0,1,19
BRF:2
BRH:2
end_of_record
TN:
SF:/Users/amitkumar/iTrueService/DevCode/iservice-app/app/components/Shared/WrapperCard/WrapperCard.style.js
FNF:0
FNH:0
DA:4,125
LF:1
LH:1
BRF:0
BRH:0
end_of_record
TN:
SF:/Users/amitkumar/iTrueService/DevCode/iservice-app/app/components/SideMenu/Footer.component.js
FN:11,(anonymous_0)
FN:11,(anonymous_1)
FN:18,(anonymous_2)
FN:22,(anonymous_3)
FNF:4
FNH:2
FNDA:6,(anonymous_0)
FNDA:0,(anonymous_1)
FNDA:0,(anonymous_2)
FNDA:3,(anonymous_3)
DA:11,6
DA:12,0
DA:13,0
DA:14,0
DA:19,0
DA:23,3
DA:24,3
DA:47,40
DA:52,40
LF:9
LH:5
BRDA:13,0,0,0
BRDA:13,0,1,0
BRDA:29,1,0,0
BRDA:29,1,1,3
BRDA:31,2,0,0
BRDA:31,2,1,3
BRDA:38,3,0,0
BRDA:38,3,1,3
BRDA:39,4,0,0
BRDA:39,4,1,3
BRF:10
BRH:4
end_of_record
TN:
SF:/Users/amitkumar/iTrueService/DevCode/iservice-app/app/components/SideMenu/Footer.style.js
FNF:0
FNH:0
LF:0
LH:0
BRF:0
BRH:0
end_of_record
TN:
SF:/Users/amitkumar/iTrueService/DevCode/iservice-app/app/components/SideMenu/SideMenu.component.js
FN:20,(anonymous_0)
FN:33,(anonymous_1)
FN:39,(anonymous_2)
FN:45,(anonymous_3)
FN:51,(anonymous_4)
FNF:5
FNH:5
FNDA:1,(anonymous_0)
FNDA:24,(anonymous_1)
FNDA:1,(anonymous_2)
FNDA:8,(anonymous_3)
FNDA:24,(anonymous_4)
DA:21,1
DA:22,0
DA:26,1
DA:34,24
DA:35,24
DA:36,24
DA:40,1
DA:41,1
DA:46,8
DA:47,8
DA:48,8
DA:51,24
DA:70,39
DA:75,39
LF:14
LH:13
BRDA:21,0,0,0
BRDA:21,0,1,1
BRDA:40,1,0,1
BRDA:40,1,1,0
BRDA:40,2,0,1
BRDA:40,2,1,1
BRF:6
BRH:4
end_of_record
TN:
SF:/Users/amitkumar/iTrueService/DevCode/iservice-app/app/components/SideMenu/SideMenu.style.js
FNF:0
FNH:0
LF:0
LH:0
BRDA:8,0,0,39
BRDA:8,0,1,0
BRF:2
BRH:1
end_of_record
TN:
SF:/Users/amitkumar/iTrueService/DevCode/iservice-app/app/components/SideMenu/SideMenuItem.component.js
FN:12,(anonymous_0)
FN:12,(anonymous_1)
FN:16,(anonymous_2)
FN:16,(anonymous_3)
FN:18,(anonymous_4)
FN:33,(anonymous_5)
FNF:6
FNH:4
FNDA:15,(anonymous_0)
FNDA:0,(anonymous_1)
FNDA:2,(anonymous_2)
FNDA:0,(anonymous_3)
FNDA:12,(anonymous_4)
FNDA:5,(anonymous_5)
DA:12,15
DA:13,0
DA:16,2
DA:19,12
DA:20,12
DA:21,2
DA:23,2
DA:28,2
DA:29,2
DA:34,5
DA:49,10
DA:63,41
DA:68,41
LF:13
LH:12
BRDA:20,0,0,2
BRDA:20,0,1,10
BRDA:20,1,0,12
BRDA:20,1,1,2
BRDA:28,2,0,1
BRDA:28,2,1,1
BRDA:28,3,0,2
BRDA:28,3,1,2
BRDA:36,4,0,3
BRDA:36,4,1,2
BRDA:52,5,0,6
BRDA:52,5,1,4
BRF:12
BRH:12
end_of_record
TN:
SF:/Users/amitkumar/iTrueService/DevCode/iservice-app/app/components/SideMenu/SideMenuItem.style.js
FNF:0
FNH:0
LF:0
LH:0
BRF:0
BRH:0
end_of_record
TN:
SF:/Users/amitkumar/iTrueService/DevCode/iservice-app/app/components/SideMenu/SideMenuSection.component.js
FN:13,(anonymous_0)
FN:19,(anonymous_1)
FNF:2
FNH:2
FNDA:5,(anonymous_0)
FNDA:10,(anonymous_1)
DA:14,5
DA:16,5
DA:20,10
DA:25,5
DA:29,40
DA:35,40
LF:6
LH:6
BRF:0
BRH:0
end_of_record
TN:
SF:/Users/amitkumar/iTrueService/DevCode/iservice-app/app/components/SideMenu/SideMenuSection.style.js
FNF:0
FNH:0
LF:0
LH:0
BRF:0
BRH:0
end_of_record
TN:
SF:/Users/amitkumar/iTrueService/DevCode/iservice-app/app/components/StoreLocator/ServiceDetails/ServiceDetails.component.js
FN:11,(anonymous_0)
FNF:1
FNH:1
FNDA:1,(anonymous_0)
DA:12,1
DA:13,1
DA:14,1
DA:22,38
DA:25,38
LF:5
LH:5
BRF:0
BRH:0
end_of_record
TN:
SF:/Users/amitkumar/iTrueService/DevCode/iservice-app/app/components/StoreLocator/ServiceDetails/ServiceDetails.style.js
FNF:0
FNH:0
LF:0
LH:0
BRF:0
BRH:0
end_of_record
TN:
SF:/Users/amitkumar/iTrueService/DevCode/iservice-app/app/components/StoreLocator/StoreDetailItem/StoreDetailItem.component.js
FN:10,(anonymous_0)
FNF:1
FNH:1
FNDA:6,(anonymous_0)
DA:11,6
DA:12,6
DA:13,4
DA:15,2
DA:22,40
DA:28,40
LF:6
LH:6
BRDA:12,0,0,4
BRDA:12,0,1,2
BRDA:12,1,0,6
BRDA:12,1,1,5
BRF:4
BRH:4
end_of_record
TN:
SF:/Users/amitkumar/iTrueService/DevCode/iservice-app/app/components/StoreLocator/StoreDetailItem/StoreDetailItem.style.js
FNF:0
FNH:0
LF:0
LH:0
BRF:0
BRH:0
end_of_record
TN:
SF:/Users/amitkumar/iTrueService/DevCode/iservice-app/app/components/StoreLocator/StoreDetails/StoreDetails.component.js
FN:14,(anonymous_0)
FN:22,(anonymous_1)
FNF:2
FNH:2
FNDA:7,(anonymous_0)
FNDA:4,(anonymous_1)
DA:15,7
DA:17,2
DA:19,5
DA:23,4
DA:24,4
DA:25,4
DA:44,39
DA:50,39
LF:8
LH:8
BRDA:15,0,0,2
BRDA:15,0,1,5
BRDA:24,1,0,4
BRDA:34,2,0,0
BRDA:34,2,1,4
BRDA:38,3,0,0
BRDA:38,3,1,4
BRF:7
BRH:5
end_of_record
TN:
SF:/Users/amitkumar/iTrueService/DevCode/iservice-app/app/components/StoreLocator/StoreDetails/StoreDetails.style.js
FNF:0
FNH:0
LF:0
LH:0
BRF:0
BRH:0
end_of_record
TN:
SF:/Users/amitkumar/iTrueService/DevCode/iservice-app/app/components/StoreLocator/StoreLocatorMap/StoreLocatorMap.component.js
FN:12,(anonymous_0)
FN:12,(anonymous_1)
FN:14,(anonymous_2)
FN:22,(anonymous_3)
FN:34,(anonymous_4)
FNF:5
FNH:3
FNDA:1,(anonymous_0)
FNDA:1,(anonymous_1)
FNDA:0,(anonymous_2)
FNDA:0,(anonymous_3)
FNDA:3,(anonymous_4)
DA:12,1
DA:15,0
DA:16,0
DA:22,0
DA:23,0
DA:24,0
DA:26,0
DA:36,3
DA:37,3
DA:38,3
DA:66,38
DA:79,38
LF:12
LH:6
BRDA:15,0,0,0
BRDA:15,0,1,0
BRDA:23,1,0,0
BRDA:23,1,1,0
BRDA:55,2,0,0
BRDA:55,2,1,3
BRF:6
BRH:1
end_of_record
TN:
SF:/Users/amitkumar/iTrueService/DevCode/iservice-app/app/components/StoreLocator/StoreLocatorMap/StoreLocatorMap.style.js
FNF:0
FNH:0
LF:0
LH:0
BRDA:11,0,0,38
BRDA:11,0,1,0
BRF:2
BRH:1
end_of_record
TN:
SF:/Users/amitkumar/iTrueService/DevCode/iservice-app/app/components/StoreLocator/StoreLocatorTab/StoreLocatorTab.component.js
FN:12,(anonymous_0)
FN:14,(anonymous_1)
FN:16,(anonymous_2)
FNF:3
FNH:3
FNDA:1,(anonymous_0)
FNDA:77,(anonymous_1)
FNDA:1,(anonymous_2)
DA:13,1
DA:14,77
DA:17,1
DA:18,1
DA:19,1
DA:20,1
DA:21,1
DA:36,38
DA:45,38
LF:9
LH:9
BRDA:20,0,0,1
BRDA:20,0,1,0
BRDA:30,1,0,0
BRDA:30,1,1,1
BRF:4
BRH:2
end_of_record
TN:
SF:/Users/amitkumar/iTrueService/DevCode/iservice-app/app/components/StoreLocator/StoreLocatorTab/StoreLocatorTab.style.js
FNF:0
FNH:0
LF:0
LH:0
BRF:0
BRH:0
end_of_record
TN:
SF:/Users/amitkumar/iTrueService/DevCode/iservice-app/app/components/TopUp/TopUp/TopUp.component.js
FN:16,(anonymous_0)
FN:20,(anonymous_1)
FN:28,(anonymous_2)
FN:39,(anonymous_3)
FNF:4
FNH:3
FNDA:1,(anonymous_0)
FNDA:1,(anonymous_1)
FNDA:0,(anonymous_2)
FNDA:7,(anonymous_3)
DA:17,1
DA:21,1
DA:22,1
DA:24,0
DA:29,0
DA:30,0
DA:31,0
DA:32,0
DA:33,0
DA:35,0
DA:40,7
DA:41,7
DA:42,7
DA:62,38
DA:68,38
LF:15
LH:8
BRDA:21,0,0,1
BRDA:21,0,1,0
BRDA:32,1,0,0
BRDA:32,1,1,0
BRDA:54,2,0,7
BRDA:54,2,1,1
BRF:6
BRH:3
end_of_record
TN:
SF:/Users/amitkumar/iTrueService/DevCode/iservice-app/app/components/TopUp/TopUp/TopUp.style.js
FNF:0
FNH:0
LF:0
LH:0
BRF:0
BRH:0
end_of_record
TN:
SF:/Users/amitkumar/iTrueService/DevCode/iservice-app/app/components/TopUp/TopUpMore/TopUpMore.component.js
FN:16,(anonymous_0)
FN:20,(anonymous_1)
FN:30,(anonymous_2)
FN:37,(anonymous_3)
FNF:4
FNH:3
FNDA:0,(anonymous_0)
FNDA:2,(anonymous_1)
FNDA:1,(anonymous_2)
FNDA:9,(anonymous_3)
DA:17,0
DA:21,2
DA:22,2
DA:23,1
DA:25,1
DA:27,2
DA:31,1
DA:32,1
DA:33,1
DA:34,1
DA:38,9
DA:39,9
DA:40,9
DA:41,9
DA:58,38
DA:64,38
LF:16
LH:15
BRDA:22,0,0,1
BRDA:22,0,1,1
BRDA:22,1,0,2
BRDA:22,1,1,2
BRDA:22,1,2,1
BRDA:47,2,0,2
BRDA:47,2,1,7
BRDA:50,3,0,9
BRDA:50,3,1,7
BRF:9
BRH:9
end_of_record
TN:
SF:/Users/amitkumar/iTrueService/DevCode/iservice-app/app/components/TopUp/TopUpMore/TopUpMore.style.js
FNF:0
FNH:0
LF:0
LH:0
BRF:0
BRH:0
end_of_record
TN:
SF:/Users/amitkumar/iTrueService/DevCode/iservice-app/app/config/billUsage.config.js
FNF:0
FNH:0
DA:1,61
DA:73,61
LF:2
LH:2
BRF:0
BRH:0
end_of_record
TN:
SF:/Users/amitkumar/iTrueService/DevCode/iservice-app/app/config/creditCard.config.js
FNF:0
FNH:0
DA:1,39
LF:1
LH:1
BRF:0
BRH:0
end_of_record
TN:
SF:/Users/amitkumar/iTrueService/DevCode/iservice-app/app/config/dbKeys.config.js
FNF:0
FNH:0
DA:1,26
LF:1
LH:1
BRF:0
BRH:0
end_of_record
TN:
SF:/Users/amitkumar/iTrueService/DevCode/iservice-app/app/config/ebill.config.js
FNF:0
FNH:0
DA:1,41
DA:9,41
LF:2
LH:2
BRF:0
BRH:0
end_of_record
TN:
SF:/Users/amitkumar/iTrueService/DevCode/iservice-app/app/config/language.config.js
FNF:0
FNH:0
DA:4,133
DA:9,133
LF:2
LH:2
BRF:0
BRH:0
end_of_record
TN:
SF:/Users/amitkumar/iTrueService/DevCode/iservice-app/app/config/map.config.js
FNF:0
FNH:0
DA:1,127
LF:1
LH:1
BRF:0
BRH:0
end_of_record
TN:
SF:/Users/amitkumar/iTrueService/DevCode/iservice-app/app/config/otp.config.js
FNF:0
FNH:0
DA:1,40
LF:1
LH:1
BRF:0
BRH:0
end_of_record
TN:
SF:/Users/amitkumar/iTrueService/DevCode/iservice-app/app/config/payment.config.js
FNF:0
FNH:0
DA:1,41
DA:24,41
LF:2
LH:2
BRF:0
BRH:0
end_of_record
TN:
SF:/Users/amitkumar/iTrueService/DevCode/iservice-app/app/config/productTypeMap.config.js
FNF:0
FNH:0
DA:1,38
LF:1
LH:1
BRF:0
BRH:0
end_of_record
TN:
SF:/Users/amitkumar/iTrueService/DevCode/iservice-app/app/config/seedData.config.js
FNF:0
FNH:0
DA:1,23
DA:5,23
LF:2
LH:2
BRF:0
BRH:0
end_of_record
TN:
SF:/Users/amitkumar/iTrueService/DevCode/iservice-app/app/config/sideMenu.config.js
FNF:0
FNH:0
DA:1,39
LF:1
LH:1
BRF:0
BRH:0
end_of_record
TN:
SF:/Users/amitkumar/iTrueService/DevCode/iservice-app/app/config/storeInfo.config.js
FNF:0
FNH:0
DA:1,39
LF:1
LH:1
BRF:0
BRH:0
end_of_record
TN:
SF:/Users/amitkumar/iTrueService/DevCode/iservice-app/app/config/topUp.config.js
FNF:0
FNH:0
DA:1,39
DA:27,39
LF:2
LH:2
BRF:0
BRH:0
end_of_record
TN:
SF:/Users/amitkumar/iTrueService/DevCode/iservice-app/app/config/versionControl.config.js
FNF:0
FNH:0
DA:1,28
LF:1
LH:1
BRF:0
BRH:0
end_of_record
TN:
SF:/Users/amitkumar/iTrueService/DevCode/iservice-app/app/language/i18n/helper.js
FN:6,(anonymous_0)
FN:11,(anonymous_1)
FN:13,(anonymous_2)
FN:14,(anonymous_3)
FNF:4
FNH:4
FNDA:740,(anonymous_0)
FNDA:20,(anonymous_1)
FNDA:25,(anonymous_2)
FNDA:50,(anonymous_3)
DA:6,132
DA:7,740
DA:8,740
DA:11,132
DA:13,132
DA:14,50
DA:15,25
DA:16,1
DA:18,25
LF:9
LH:9
BRDA:15,0,0,1
BRDA:15,0,1,24
BRF:2
BRH:2
end_of_record
TN:
SF:/Users/amitkumar/iTrueService/DevCode/iservice-app/app/language/i18n/index.js
FNF:0
FNH:0
DA:10,132
DA:11,132
DA:13,132
LF:3
LH:3
BRF:0
BRH:0
end_of_record
TN:
SF:/Users/amitkumar/iTrueService/DevCode/iservice-app/app/language/locale/en.js
FNF:0
FNH:0
DA:1,133
LF:1
LH:1
BRF:0
BRH:0
end_of_record
TN:
SF:/Users/amitkumar/iTrueService/DevCode/iservice-app/app/language/locale/th.js
FNF:0
FNH:0
DA:1,133
LF:1
LH:1
BRF:0
BRH:0
end_of_record
TN:
SF:/Users/amitkumar/iTrueService/DevCode/iservice-app/app/pages/BillUsage/BillUsage.page.js
FN:11,(anonymous_0)
FN:35,(anonymous_1)
FN:44,(anonymous_2)
FN:45,(anonymous_3)
FN:46,(anonymous_4)
FN:47,(anonymous_5)
FN:48,(anonymous_6)
FN:49,(anonymous_7)
FN:49,(anonymous_8)
FN:53,(anonymous_9)
FN:55,(anonymous_10)
FN:56,(anonymous_11)
FNF:12
FNH:2
FNDA:0,(anonymous_0)
FNDA:2,(anonymous_1)
FNDA:2,(anonymous_2)
FNDA:0,(anonymous_3)
FNDA:0,(anonymous_4)
FNDA:0,(anonymous_5)
FNDA:0,(anonymous_6)
FNDA:0,(anonymous_7)
FNDA:0,(anonymous_8)
FNDA:0,(anonymous_9)
FNDA:0,(anonymous_10)
FNDA:0,(anonymous_11)
DA:12,0
DA:13,0
DA:22,37
DA:35,37
DA:44,37
DA:45,0
DA:46,0
DA:47,0
DA:48,0
DA:49,0
DA:50,0
DA:51,0
DA:54,0
DA:55,0
DA:56,0
LF:15
LH:3
BRDA:36,0,0,2
BRDA:36,0,1,2
BRDA:36,0,2,2
BRDA:45,1,0,0
BRF:4
BRH:3
end_of_record
TN:
SF:/Users/amitkumar/iTrueService/DevCode/iservice-app/app/pages/BillUsage/PreLoginPayBill.page.js
FN:11,(anonymous_0)
FN:15,(anonymous_1)
FN:19,(anonymous_2)
FN:50,(anonymous_3)
FN:63,(anonymous_4)
FN:64,(anonymous_5)
FN:65,(anonymous_6)
FN:66,(anonymous_7)
FN:67,(anonymous_8)
FN:68,(anonymous_9)
FN:68,(anonymous_10)
FN:72,(anonymous_11)
FN:73,(anonymous_12)
FN:74,(anonymous_13)
FN:75,(anonymous_14)
FN:76,(anonymous_15)
FN:77,(anonymous_16)
FN:78,(anonymous_17)
FNF:18
FNH:2
FNDA:0,(anonymous_0)
FNDA:0,(anonymous_1)
FNDA:0,(anonymous_2)
FNDA:2,(anonymous_3)
FNDA:2,(anonymous_4)
FNDA:0,(anonymous_5)
FNDA:0,(anonymous_6)
FNDA:0,(anonymous_7)
FNDA:0,(anonymous_8)
FNDA:0,(anonymous_9)
FNDA:0,(anonymous_10)
FNDA:0,(anonymous_11)
FNDA:0,(anonymous_12)
FNDA:0,(anonymous_13)
FNDA:0,(anonymous_14)
FNDA:0,(anonymous_15)
FNDA:0,(anonymous_16)
FNDA:0,(anonymous_17)
DA:12,0
DA:16,0
DA:20,0
DA:21,0
DA:29,37
DA:50,37
DA:63,37
DA:64,0
DA:65,0
DA:66,0
DA:67,0
DA:68,0
DA:69,0
DA:70,0
DA:72,0
DA:73,0
DA:74,0
DA:75,0
DA:76,0
DA:77,0
DA:78,0
LF:21
LH:3
BRDA:51,0,0,2
BRDA:51,0,1,2
BRDA:51,0,2,2
BRDA:64,1,0,0
BRF:4
BRH:3
end_of_record
TN:
SF:/Users/amitkumar/iTrueService/DevCode/iservice-app/app/pages/BillUsage/TConvergencePackageDetails.page.js
FN:8,(anonymous_0)
FNF:1
FNH:0
FNDA:0,(anonymous_0)
DA:9,0
DA:10,0
DA:17,37
DA:21,37
LF:4
LH:2
BRF:0
BRH:0
end_of_record
TN:
SF:/Users/amitkumar/iTrueService/DevCode/iservice-app/app/pages/BillUsage/TMBillDetail.page.js
FN:8,(anonymous_0)
FNF:1
FNH:0
FNDA:0,(anonymous_0)
DA:9,0
DA:15,37
LF:2
LH:1
BRF:0
BRH:0
end_of_record
TN:
SF:/Users/amitkumar/iTrueService/DevCode/iservice-app/app/pages/BillUsage/TMPackageDetailsExtra.page.js
FN:9,(anonymous_0)
FN:30,(anonymous_1)
FNF:2
FNH:1
FNDA:0,(anonymous_0)
FNDA:2,(anonymous_1)
DA:10,0
DA:11,0
DA:12,0
DA:21,37
DA:25,37
[...]
FN:29,(anonymous_4)
FN:37,(anonymous_5)
FN:48,(anonymous_6)
FN:50,(anonymous_7)
FN:51,(anonymous_8)
FN:60,(anonymous_9)
FN:83,(anonymous_10)
FN:85,(anonymous_11)
FN:90,(anonymous_12)
FN:91,(anonymous_13)
FN:101,(anonymous_14)
FN:107,(anonymous_15)
FN:110,(anonymous_16)
FN:113,(anonymous_17)
FN:122,fetchBillingPreference
FN:133,applyForEBill
FN:157,ebillSaga
FNF:21
FNH:11
FNDA:1,(anonymous_0)
FNDA:4,(anonymous_1)
FNDA:0,(anonymous_2)
FNDA:0,(anonymous_3)
FNDA:0,(anonymous_4)
FNDA:1,(anonymous_5)
FNDA:1,(anonymous_6)
FNDA:1,(anonymous_7)
FNDA:1,(anonymous_8)
FNDA:0,(anonymous_9)
FNDA:1,(anonymous_10)
FNDA:1,(anonymous_11)
FNDA:0,(anonymous_12)
FNDA:0,(anonymous_13)
FNDA:0,(anonymous_14)
FNDA:0,(anonymous_15)
FNDA:0,(anonymous_16)
FNDA:0,(anonymous_17)
FNDA:1,fetchBillingPreference
FNDA:1,applyForEBill
FNDA:24,ebillSaga
DA:10,23
DA:11,1
DA:12,1
DA:13,4
DA:14,0
DA:17,4
DA:22,1
DA:23,0
DA:24,0
DA:25,0
DA:26,0
DA:27,0
DA:29,0
DA:30,0
DA:31,0
DA:32,0
DA:37,3
DA:38,1
DA:39,1
DA:40,1
DA:45,1
DA:48,23
DA:49,1
DA:50,1
DA:51,1
DA:52,1
DA:53,1
DA:55,1
DA:57,1
DA:60,23
DA:61,0
DA:62,0
DA:63,0
DA:65,0
DA:66,0
DA:69,0
DA:70,0
DA:73,0
DA:74,0
DA:80,0
DA:83,23
DA:84,1
DA:85,1
DA:86,1
DA:87,0
DA:88,0
DA:90,0
DA:91,0
DA:92,0
DA:93,0
DA:94,0
DA:97,0
DA:101,0
DA:104,0
DA:107,0
DA:110,0
DA:113,0
DA:117,1
DA:120,23
DA:123,1
DA:124,1
DA:125,1
DA:126,1
DA:127,1
DA:134,1
DA:135,1
DA:136,1
DA:138,1
DA:140,1
DA:141,1
DA:143,0
DA:158,24
DA:159,24
LF:73
LH:39
BRDA:13,0,0,0
BRDA:13,0,1,4
BRDA:17,1,0,1
BRDA:17,1,1,3
BRDA:24,2,0,0
BRDA:24,2,1,0
BRDA:63,3,0,0
BRDA:63,3,1,0
BRDA:63,3,2,0
BRDA:63,3,3,0
BRDA:86,4,0,0
BRDA:86,4,1,1
BRDA:92,5,0,0
BRDA:92,5,1,0
BRDA:92,6,0,0
BRDA:92,6,1,0
BRF:16
BRH:4
end_of_record
TN:
SF:/Users/amitkumar/iTrueService/DevCode/iservice-app/app/redux/sagas/firebase.saga.js
FN:4,initializeFirebase
FNF:1
FNH:1
FNDA:1,initializeFirebase
DA:5,1
DA:6,1
LF:2
LH:2
BRF:0
BRH:0
end_of_record
TN:
SF:/Users/amitkumar/iTrueService/DevCode/iservice-app/app/redux/sagas/forceUpdate.saga.js
FN:9,checkForUpdate
FN:40,forceUpdate
FNF:2
FNH:2
FNDA:4,checkForUpdate
FNDA:24,forceUpdate
DA:10,4
DA:11,4
DA:12,4
DA:13,4
DA:14,4
DA:18,4
DA:19,4
DA:23,2
DA:24,2
DA:25,2
DA:26,2
DA:30,1
DA:31,1
DA:32,1
DA:33,1
DA:36,0
DA:41,24
LF:17
LH:16
BRDA:19,0,0,2
BRDA:19,0,1,2
BRDA:20,1,0,4
BRDA:20,1,1,3
BRDA:26,2,0,1
BRDA:26,2,1,1
BRDA:27,3,0,2
BRDA:27,3,1,2
BRF:8
BRH:8
end_of_record
TN:
SF:/Users/amitkumar/iTrueService/DevCode/iservice-app/app/redux/sagas/index.saga.js
FN:17,(anonymous_0)
FNF:1
FNH:1
FNDA:24,(anonymous_0)
DA:18,24
DA:19,24
DA:20,24
DA:21,24
DA:22,24
DA:23,24
DA:24,24
DA:25,24
DA:26,24
DA:27,24
DA:28,24
DA:29,24
DA:30,24
DA:31,24
LF:14
LH:14
BRF:0
BRH:0
end_of_record
TN:
SF:/Users/amitkumar/iTrueService/DevCode/iservice-app/app/redux/sagas/invoicePdf.saga.js
FN:14,getRequestData
FN:27,getInvoicePdf
FN:37,getInvoiceIos
FN:45,getInvoiceAndroid
FN:62,invoicePdfSaga
FNF:5
FNH:3
FNDA:0,getRequestData
FNDA:1,getInvoicePdf
FNDA:0,getInvoiceIos
FNDA:1,getInvoiceAndroid
FNDA:24,invoicePdfSaga
DA:11,23
DA:12,23
DA:15,0
DA:24,0
DA:28,1
DA:29,1
DA:30,1
DA:31,1
DA:33,0
DA:38,0
DA:42,0
DA:46,1
DA:47,1
DA:55,1
DA:56,1
DA:58,0
DA:63,24
LF:17
LH:11
BRDA:30,0,0,1
BRDA:30,0,1,0
BRF:2
BRH:1
end_of_record
TN:
SF:/Users/amitkumar/iTrueService/DevCode/iservice-app/app/redux/sagas/msisdn.saga.js
FN:6,detectMSISDN
FN:16,msisdnSaga
FNF:2
FNH:2
FNDA:3,detectMSISDN
FNDA:24,msisdnSaga
DA:7,3
DA:8,3
DA:9,2
DA:11,1
DA:17,24
LF:5
LH:5
BRF:0
BRH:0
end_of_record
TN:
SF:/Users/amitkumar/iTrueService/DevCode/iservice-app/app/redux/sagas/otp.saga.js
FN:6,sendOTP
FN:17,validateOTP
FN:30,otpSaga
FNF:3
FNH:1
FNDA:0,sendOTP
FNDA:0,validateOTP
FNDA:23,otpSaga
DA:7,0
DA:8,0
DA:9,0
DA:10,0
DA:11,0
DA:18,0
DA:19,0
DA:20,0
DA:21,0
DA:22,0
DA:23,0
DA:31,23
DA:32,23
LF:13
LH:2
BRF:0
BRH:0
end_of_record
TN:
SF:/Users/amitkumar/iTrueService/DevCode/iservice-app/app/redux/sagas/payment.saga.js
FN:12,paymentForNewCustomer
FN:35,paymentForNonLoginUser
FN:57,paymentForExistingCustomer
FN:87,removeExisingCard
FN:97,getCardToken
FN:111,fetchPayOtherProducts
FN:129,payOtherProductToggleCollapseStatus
FN:145,showPaymentMethods
FN:156,paymentSaga
FNF:9
FNH:5
FNDA:0,paymentForNewCustomer
FNDA:0,paymentForNonLoginUser
FNDA:1,paymentForExistingCustomer
FNDA:2,removeExisingCard
FNDA:0,getCardToken
FNDA:3,fetchPayOtherProducts
FNDA:0,payOtherProductToggleCollapseStatus
FNDA:2,showPaymentMethods
FNDA:24,paymentSaga
DA:13,0
DA:14,0
DA:15,0
DA:16,0
DA:17,0
DA:18,0
DA:19,0
DA:23,0
DA:25,0
DA:26,0
DA:30,0
DA:36,0
DA:37,0
DA:38,0
DA:39,0
DA:40,0
DA:41,0
DA:45,0
DA:47,0
DA:48,0
DA:52,0
DA:58,1
DA:59,1
DA:60,1
DA:61,1
DA:62,1
DA:63,1
DA:64,1
DA:66,0
DA:67,0
DA:69,1
DA:70,1
DA:74,1
DA:77,0
DA:78,0
DA:82,0
DA:88,2
DA:89,2
DA:90,2
DA:91,0
DA:93,1
DA:98,0
DA:99,0
DA:100,0
DA:101,0
DA:102,0
DA:103,0
DA:104,0
DA:105,0
DA:107,0
DA:108,0
DA:112,3
DA:113,3
DA:114,3
DA:115,3
DA:116,3
DA:117,3
DA:118,1
DA:119,2
DA:120,1
DA:122,1
DA:125,0
DA:130,0
DA:131,0
DA:132,0
DA:133,0
DA:134,0
DA:135,0
DA:136,0
DA:137,0
DA:139,0
DA:146,2
DA:147,2
DA:148,2
DA:149,1
DA:150,1
DA:152,1
DA:157,24
DA:158,24
DA:159,24
DA:160,24
DA:161,24
DA:162,23
DA:163,23
LF:84
LH:37
BRDA:25,0,0,0
BRDA:25,0,1,0
BRDA:25,1,0,0
BRDA:25,1,1,0
BRDA:47,2,0,0
BRDA:47,2,1,0
BRDA:47,3,0,0
BRDA:47,3,1,0
BRDA:61,4,0,1
BRDA:61,4,1,0
BRDA:63,5,0,1
BRDA:63,5,1,0
BRDA:77,6,0,0
BRDA:77,6,1,0
BRDA:77,7,0,0
BRDA:77,7,1,0
BRDA:117,8,0,1
BRDA:117,8,1,2
BRDA:119,9,0,1
BRDA:119,9,1,1
BRDA:119,10,0,2
BRDA:119,10,1,1
BRDA:135,11,0,0
BRDA:135,11,1,0
BRF:24
BRH:8
end_of_record
TN:
SF:/Users/amitkumar/iTrueService/DevCode/iservice-app/app/redux/sagas/popup.saga.js
FN:5,putAction
FN:20,popupSaga
FNF:2
FNH:2
FNDA:1,putAction
FNDA:24,popupSaga
DA:6,1
DA:7,1
DA:10,1
DA:11,0
DA:13,1
DA:21,24
LF:6
LH:5
BRDA:10,0,0,0
BRDA:10,0,1,1
BRF:2
BRH:1
end_of_record
TN:
SF:/Users/amitkumar/iTrueService/DevCode/iservice-app/app/redux/sagas/startup.saga.js
FN:8,startupSaga
FNF:1
FNH:1
FNDA:24,startupSaga
DA:9,24
DA:10,24
DA:11,24
DA:12,24
DA:17,24
DA:23,1
DA:25,0
DA:27,0
DA:29,0
LF:9
LH:6
BRF:0
BRH:0
end_of_record
TN:
SF:/Users/amitkumar/iTrueService/DevCode/iservice-app/app/redux/sagas/translations.saga.js
FN:9,fetchTranslations
FN:30,translationsSaga
FNF:2
FNH:2
FNDA:25,fetchTranslations
FNDA:24,translationsSaga
DA:10,25
DA:12,25
DA:14,1
DA:15,1
DA:16,0
DA:22,1
DA:23,0
DA:24,0
DA:31,24
DA:32,1
LF:10
LH:7
BRDA:14,0,0,1
BRDA:14,0,1,0
BRDA:23,1,0,0
BRDA:23,1,1,0
BRF:4
BRH:1
end_of_record
TN:
SF:/Users/amitkumar/iTrueService/DevCode/iservice-app/app/redux/sagas/user.saga.js
FN:16,setPreferences
FN:22,updateLanguage
FN:33,registerFCMTokenOnMS
FN:43,deregisterFCMTokenOnMS
FN:52,userSaga
FNF:5
FNH:5
FNDA:24,setPreferences
FNDA:1,updateLanguage
FNDA:1,registerFCMTokenOnMS
FNDA:1,deregisterFCMTokenOnMS
FNDA:24,userSaga
DA:13,23
DA:17,24
DA:18,24
DA:19,24
DA:23,1
DA:24,1
DA:25,1
DA:26,1
DA:27,1
DA:34,1
DA:35,1
DA:36,1
DA:37,1
DA:44,1
DA:45,1
DA:46,1
DA:53,24
DA:54,24
DA:55,24
DA:56,24
LF:20
LH:20
BRF:0
BRH:0
end_of_record
TN:
SF:/Users/amitkumar/iTrueService/DevCode/iservice-app/app/redux/sagas/api/api.saga.js
FN:30,addDefaultApiConfig
FN:46,apiSaga
FN:51,(anonymous_2)
FN:52,(anonymous_3)
FNF:4
FNH:4
FNDA:24,addDefaultApiConfig
FNDA:26,apiSaga
FNDA:25,(anonymous_2)
FNDA:2,(anonymous_3)
DA:11,32
DA:31,24
DA:36,24
DA:37,24
DA:38,24
DA:47,26
DA:49,26
DA:50,26
DA:51,25
DA:52,25
DA:54,26
DA:55,26
DA:56,26
DA:57,2
DA:59,1
DA:60,1
DA:62,2
LF:17
LH:17
BRDA:36,0,0,24
BRDA:36,0,1,24
BRDA:50,1,0,25
BRDA:50,1,1,1
BRF:4
BRH:4
end_of_record
TN:
SF:/Users/amitkumar/iTrueService/DevCode/iservice-app/app/redux/sagas/api/apiErrorHandler.saga.js
FN:7,apiErrorHandler
FN:22,retryApi
FNF:2
FNH:2
FNDA:3,apiErrorHandler
FNDA:2,retryApi
DA:8,3
DA:9,3
DA:10,1
DA:12,2
DA:15,1
DA:16,1
DA:19,1
DA:23,2
DA:24,2
DA:25,2
DA:26,1
DA:28,1
LF:12
LH:12
BRDA:9,0,0,1
BRDA:9,0,1,2
BRDA:12,1,0,1
BRDA:25,2,0,1
BRDA:25,2,1,1
BRF:5
BRH:5
end_of_record
TN:
SF:/Users/amitkumar/iTrueService/DevCode/iservice-app/app/redux/sagas/api/apiHelper.js
FN:4,(anonymous_0)
FN:9,(anonymous_1)
FN:15,(anonymous_2)
FN:24,(anonymous_3)
FN:31,(anonymous_4)
FN:44,(anonymous_5)
FN:57,(anonymous_6)
FN:64,(anonymous_7)
FN:77,(anonymous_8)
FN:89,(anonymous_9)
FN:101,(anonymous_10)
FN:108,(anonymous_11)
FN:115,(anonymous_12)
FN:128,(anonymous_13)
FN:135,(anonymous_14)
FN:146,(anonymous_15)
FN:156,(anonymous_16)
FN:163,(anonymous_17)
FN:170,(anonymous_18)
FNF:19
FNH:12
FNDA:6,(anonymous_0)
FNDA:27,(anonymous_1)
FNDA:2,(anonymous_2)
FNDA:2,(anonymous_3)
FNDA:2,(anonymous_4)
FNDA:0,(anonymous_5)
FNDA:0,(anonymous_6)
FNDA:3,(anonymous_7)
FNDA:3,(anonymous_8)
FNDA:0,(anonymous_9)
FNDA:2,(anonymous_10)
FNDA:0,(anonymous_11)
FNDA:2,(anonymous_12)
FNDA:0,(anonymous_13)
FNDA:2,(anonymous_14)
FNDA:2,(anonymous_15)
FNDA:6,(anonymous_16)
FNDA:0,(anonymous_17)
FNDA:0,(anonymous_18)
DA:4,32
DA:9,32
DA:15,32
DA:24,32
DA:31,32
DA:32,2
DA:35,2
DA:44,32
DA:45,0
DA:48,0
DA:57,32
DA:64,32
DA:65,3
DA:68,3
DA:77,32
DA:78,3
DA:81,3
DA:89,32
DA:90,0
DA:91,0
DA:92,0
DA:101,32
DA:108,32
DA:115,32
DA:128,32
DA:135,32
DA:146,32
DA:156,32
DA:163,32
DA:164,0
DA:170,32
DA:171,0
LF:32
LH:25
BRF:0
BRH:0
end_of_record
TN:
SF:/Users/amitkumar/iTrueService/DevCode/iservice-app/app/routes/billUsage.routes.js
FNF:0
FNH:0
DA:14,37
LF:1
LH:1
BRF:0
BRH:0
end_of_record
TN:
SF:/Users/amitkumar/iTrueService/DevCode/iservice-app/app/routes/billingMethods.routes.js
FNF:0
FNH:0
DA:7,37
DA:32,37
LF:2
LH:2
BRF:0
BRH:0
end_of_record
TN:
SF:/Users/amitkumar/iTrueService/DevCode/iservice-app/app/routes/index.routes.js
FNF:0
FNH:0
DA:11,37
LF:1
LH:1
BRF:0
BRH:0
end_of_record
TN:
SF:/Users/amitkumar/iTrueService/DevCode/iservice-app/app/routes/landing.routes.js
FNF:0
FNH:0
DA:7,37
LF:1
LH:1
BRF:0
BRH:0
end_of_record
TN:
SF:/Users/amitkumar/iTrueService/DevCode/iservice-app/app/routes/payForOthers.routes.js
FNF:0
FNH:0
DA:10,37
LF:1
LH:1
BRF:0
BRH:0
end_of_record
TN:
SF:/Users/amitkumar/iTrueService/DevCode/iservice-app/app/routes/payment.routes.js
FNF:0
FNH:0
DA:8,37
LF:1
LH:1
BRF:0
BRH:0
end_of_record
TN:
SF:/Users/amitkumar/iTrueService/DevCode/iservice-app/app/routes/storeLocator.routes.js
FNF:0
FNH:0
DA:9,37
DA:24,37
DA:32,37
DA:56,37
LF:4
LH:4
BRF:0
BRH:0
end_of_record
TN:
SF:/Users/amitkumar/iTrueService/DevCode/iservice-app/app/routes/topUp.routes.js
FNF:0
FNH:0
DA:7,37
LF:1
LH:1
BRF:0
BRH:0
end_of_record
TN:
SF:/Users/amitkumar/iTrueService/DevCode/iservice-app/app/routes/helpers/route.helper.js
FN:12,(anonymous_0)
FN:13,(anonymous_1)
FN:24,(anonymous_2)
FN:25,(anonymous_3)
FN:33,(anonymous_4)
FN:34,(anonymous_5)
FN:50,(anonymous_6)
FN:55,(anonymous_7)
FN:76,(anonymous_8)
FN:80,(anonymous_9)
FNF:10
FNH:5
FNDA:4,(anonymous_0)
FNDA:0,(anonymous_1)
FNDA:1,(anonymous_2)
FNDA:0,(anonymous_3)
FNDA:2,(anonymous_4)
FNDA:0,(anonymous_5)
FNDA:2,(anonymous_6)
FNDA:0,(anonymous_7)
FNDA:1,(anonymous_8)
FNDA:0,(anonymous_9)
DA:12,37
DA:13,4
DA:14,0
DA:15,0
DA:17,4
DA:24,37
DA:25,1
DA:26,1
DA:33,37
DA:34,2
DA:35,0
DA:37,2
DA:44,37
DA:50,37
DA:51,2
DA:52,2
DA:53,2
DA:54,2
DA:55,0
DA:76,37
DA:77,1
DA:78,1
DA:79,1
DA:80,0
LF:24
LH:19
BRDA:62,0,0,2
BRDA:62,0,1,0
BRDA:64,1,0,0
BRDA:64,1,1,2
BRDA:71,2,0,2
BRDA:71,2,1,0
BRDA:72,3,0,2
BRDA:72,3,1,0
BRDA:87,4,0,1
BRDA:87,4,1,0
BRDA:95,5,0,1
BRDA:95,5,1,0
BRDA:96,6,0,1
BRDA:96,6,1,0
BRF:14
BRH:7
end_of_record
TN:
SF:/Users/amitkumar/iTrueService/DevCode/iservice-app/app/themes/application.styles.js
FNF:0
FNH:0
DA:5,126
DA:12,126
DA:18,126
DA:26,126
DA:30,126
DA:35,126
DA:45,126
DA:55,126
LF:8
LH:8
BRF:0
BRH:0
end_of_record
TN:
SF:/Users/amitkumar/iTrueService/DevCode/iservice-app/app/themes/constants.styles.js
FNF:0
FNH:0
DA:1,134
DA:28,134
LF:2
LH:2
BRF:0
BRH:0
end_of_record
TN:
SF:/Users/amitkumar/iTrueService/DevCode/iservice-app/app/utils/analytics.util.js
FN:32,(anonymous_0)
FN:38,(anonymous_1)
FN:42,(anonymous_2)
FN:46,(anonymous_3)
FN:57,(anonymous_4)
FN:61,(anonymous_5)
FN:66,(anonymous_6)
FN:74,(anonymous_7)
FN:97,(anonymous_8)
FN:101,(anonymous_9)
FN:105,(anonymous_10)
FN:105,(anonymous_11)
FN:108,(anonymous_12)
FNF:13
FNH:10
FNDA:0,(anonymous_0)
FNDA:1,(anonymous_1)
FNDA:1,(anonymous_2)
FNDA:1,(anonymous_3)
FNDA:1,(anonymous_4)
FNDA:0,(anonymous_5)
FNDA:1,(anonymous_6)
FNDA:1,(anonymous_7)
FNDA:1,(anonymous_8)
FNDA:0,(anonymous_9)
FNDA:24,(anonymous_10)
FNDA:672,(anonymous_11)
FNDA:22,(anonymous_12)
DA:11,33
DA:14,33
DA:17,33
DA:18,33
DA:22,33
DA:32,33
DA:33,0
DA:38,33
DA:39,1
DA:42,33
DA:43,1
DA:46,33
DA:47,1
DA:57,33
DA:58,1
DA:61,33
DA:62,0
DA:66,33
DA:67,1
DA:74,33
DA:75,1
DA:97,33
DA:98,1
DA:101,33
DA:102,0
DA:105,672
DA:108,33
LF:27
LH:24
BRDA:17,0,0,33
BRDA:17,0,1,0
BRDA:57,1,0,0
BRDA:61,2,0,0
BRDA:66,3,0,1
BRDA:74,4,0,0
BRDA:97,5,0,0
BRDA:97,6,0,0
BRDA:97,7,0,1
BRDA:97,8,0,1
BRDA:101,9,0,0
BRDA:101,10,0,0
BRDA:101,11,0,0
BRDA:101,12,0,0
BRF:14
BRH:4
end_of_record
TN:
SF:/Users/amitkumar/iTrueService/DevCode/iservice-app/app/utils/auth.util.js
FN:7,(anonymous_0)
FN:20,(anonymous_1)
FN:42,(anonymous_2)
FN:49,(anonymous_3)
FN:53,(anonymous_4)
FN:57,(anonymous_5)
FN:61,(anonymous_6)
FN:65,(anonymous_7)
FNF:8
FNH:8
FNDA:4,(anonymous_0)
FNDA:30,(anonymous_1)
FNDA:24,(anonymous_2)
FNDA:1,(anonymous_3)
FNDA:1,(anonymous_4)
FNDA:1,(anonymous_5)
FNDA:1,(anonymous_6)
FNDA:3,(anonymous_7)
DA:5,33
DA:7,33
DA:8,4
DA:11,4
DA:12,3
DA:13,3
DA:17,1
DA:20,33
DA:21,30
DA:23,30
DA:28,1
DA:29,1
DA:34,2
DA:43,24
DA:44,24
DA:45,24
DA:50,1
DA:54,1
DA:58,1
DA:62,1
DA:66,3
DA:70,33
LF:22
LH:22
BRDA:7,0,0,3
BRDA:11,1,0,3
BRDA:11,1,1,1
BRDA:12,2,0,1
BRDA:12,2,1,2
BRDA:23,3,0,0
BRDA:23,3,1,0
BRDA:23,3,2,0
BRDA:23,3,3,1
BRDA:23,3,4,2
BRDA:23,3,5,2
BRDA:44,4,0,24
BRDA:44,4,1,0
BRF:13
BRH:9
end_of_record
TN:
SF:/Users/amitkumar/iTrueService/DevCode/iservice-app/app/utils/common.util.js
FN:4,(anonymous_0)
FN:4,(anonymous_1)
FN:6,(anonymous_2)
FN:10,(anonymous_3)
FN:12,(anonymous_4)
FN:15,(anonymous_5)
FNF:6
FNH:6
FNDA:432,(anonymous_0)
FNDA:94,(anonymous_1)
FNDA:1,(anonymous_2)
FNDA:10,(anonymous_3)
FNDA:3,(anonymous_4)
FNDA:19,(anonymous_5)
DA:4,432
DA:6,61
DA:7,1
DA:10,61
DA:12,61
DA:15,61
DA:16,19
DA:17,19
DA:18,19
DA:19,19
DA:20,19
LF:11
LH:11
BRDA:15,0,0,5
BRDA:19,1,0,14
BRDA:19,1,1,5
BRF:3
BRH:3
end_of_record
TN:
SF:/Users/amitkumar/iTrueService/DevCode/iservice-app/app/utils/deeplink.util.js
FN:10,(anonymous_0)
FN:14,(anonymous_1)
FN:19,(anonymous_2)
FNF:3
FNH:2
FNDA:4,(anonymous_0)
FNDA:0,(anonymous_1)
FNDA:2,(anonymous_2)
DA:3,3
DA:5,3
DA:11,4
DA:12,3
DA:14,0
DA:20,2
DA:21,1
DA:26,3
LF:8
LH:7
BRDA:11,0,0,3
BRDA:11,0,1,1
BRDA:20,1,0,1
BRDA:20,1,1,1
BRF:4
BRH:4
end_of_record
TN:
SF:/Users/amitkumar/iTrueService/DevCode/iservice-app/app/utils/error.util.js
FN:6,(anonymous_0)
FN:7,(anonymous_1)
FN:10,(anonymous_2)
FN:16,(anonymous_3)
FN:20,(anonymous_4)
FNF:5
FNH:1
FNDA:1,(anonymous_0)
FNDA:0,(anonymous_1)
FNDA:0,(anonymous_2)
FNDA:0,(anonymous_3)
FNDA:0,(anonymous_4)
DA:6,1
DA:7,1
DA:8,0
DA:10,1
DA:16,1
DA:17,0
DA:22,0
LF:7
LH:4
BRF:0
BRH:0
end_of_record
TN:
SF:/Users/amitkumar/iTrueService/DevCode/iservice-app/app/utils/firebase.util.js
FN:8,signInAnonymously
FN:16,(anonymous_1)
FN:21,(anonymous_2)
FN:25,setupFirebase
FN:27,(anonymous_4)
FN:31,(anonymous_5)
FN:40,(anonymous_6)
FN:44,(anonymous_7)
FN:45,(anonymous_8)
FN:46,(anonymous_9)
FN:55,(anonymous_10)
FN:57,(anonymous_11)
FN:58,(anonymous_12)
FNF:13
FNH:1
FNDA:0,signInAnonymously
FNDA:0,(anonymous_1)
FNDA:27,(anonymous_2)
FNDA:0,setupFirebase
FNDA:0,(anonymous_4)
FNDA:0,(anonymous_5)
FNDA:0,(anonymous_6)
FNDA:0,(anonymous_7)
FNDA:0,(anonymous_8)
FNDA:0,(anonymous_9)
FNDA:0,(anonymous_10)
FNDA:0,(anonymous_11)
FNDA:0,(anonymous_12)
DA:6,27
DA:9,0
DA:12,27
DA:14,27
DA:16,27
DA:20,27
DA:26,0
DA:27,0
DA:28,0
DA:32,0
DA:33,0
DA:38,27
DA:40,27
DA:41,0
DA:44,0
DA:45,0
DA:46,0
DA:55,27
DA:56,0
DA:57,0
DA:58,0
LF:21
LH:8
BRF:0
BRH:0
end_of_record
TN:
SF:/Users/amitkumar/iTrueService/DevCode/iservice-app/app/utils/floatingPoint.util.js
FN:2,(anonymous_0)
FN:7,(anonymous_1)
FNF:2
FNH:2
FNDA:4,(anonymous_0)
FNDA:1,(anonymous_1)
DA:2,47
DA:3,4
DA:4,4
DA:7,47
DA:8,1
DA:9,1
LF:6
LH:6
BRF:0
BRH:0
end_of_record
TN:
SF:/Users/amitkumar/iTrueService/DevCode/iservice-app/app/utils/forceUpdate.util.js
FN:6,updateNotificationRetries
FN:20,(anonymous_1)
FN:21,(anonymous_2)
FN:32,(anonymous_3)
FN:44,(anonymous_4)
FNF:5
FNH:3
FNDA:3,updateNotificationRetries
FNDA:1,(anonymous_1)
FNDA:1,(anonymous_2)
FNDA:0,(anonymous_3)
FNDA:0,(anonymous_4)
DA:7,3
DA:8,3
DA:9,3
DA:10,2
DA:12,3
DA:13,1
DA:14,2
DA:15,1
DA:16,1
DA:20,25
DA:21,1
DA:22,1
DA:23,1
DA:24,1
DA:26,1
DA:29,0
DA:33,0
DA:34,0
DA:38,0
DA:39,0
DA:43,0
DA:44,0
DA:46,0
LF:23
LH:15
BRDA:9,0,0,2
BRDA:9,0,1,1
BRDA:12,1,0,1
BRDA:12,1,1,2
BRDA:14,2,0,1
BRDA:14,2,1,1
BRDA:26,3,0,1
BRDA:26,3,1,0
BRDA:38,4,0,0
BRDA:38,4,1,0
BRDA:39,5,0,0
BRDA:39,5,1,0
BRF:12
BRH:7
end_of_record
TN:
SF:/Users/amitkumar/iTrueService/DevCode/iservice-app/app/utils/localStorage.util.js
FN:6,(anonymous_0)
FN:7,(anonymous_1)
FN:12,(anonymous_2)
FN:16,(anonymous_3)
FN:21,(anonymous_4)
FN:23,(anonymous_5)
FN:30,(anonymous_6)
FN:31,(anonymous_7)
FN:34,(anonymous_8)
FN:35,(anonymous_9)
FNF:10
FNH:2
FNDA:46,(anonymous_0)
FNDA:46,(anonymous_1)
FNDA:0,(anonymous_2)
FNDA:0,(anonymous_3)
FNDA:0,(anonymous_4)
FNDA:0,(anonymous_5)
FNDA:0,(anonymous_6)
FNDA:0,(anonymous_7)
FNDA:0,(anonymous_8)
FNDA:0,(anonymous_9)
DA:3,28
DA:7,46
DA:8,46
DA:13,0
DA:17,0
DA:22,0
DA:23,0
DA:24,0
DA:26,0
DA:31,0
DA:32,0
DA:34,0
DA:35,0
DA:36,0
DA:38,0
DA:43,28
LF:16
LH:4
BRF:0
BRH:0
end_of_record
TN:
SF:/Users/amitkumar/iTrueService/DevCode/iservice-app/app/utils/location.util.js
FN:6,(anonymous_0)
FN:8,(anonymous_1)
FN:18,(anonymous_2)
FN:18,(anonymous_3)
FN:19,(anonymous_4)
FN:24,(anonymous_5)
FNF:6
FNH:6
FNDA:4,(anonymous_0)
FNDA:806,(anonymous_1)
FNDA:2,(anonymous_2)
FNDA:2,(anonymous_3)
FNDA:1,(anonymous_4)
FNDA:1,(anonymous_5)
DA:6,37
DA:7,4
DA:8,4
DA:9,806
DA:10,806
DA:11,153
DA:13,653
DA:15,4
DA:18,37
DA:19,2
DA:20,1
DA:25,1
DA:26,1
LF:13
LH:13
BRDA:6,0,0,1
BRDA:10,1,0,153
BRDA:10,1,1,653
BRDA:10,2,0,806
BRDA:10,2,1,802
BRF:5
BRH:5
end_of_record
TN:
SF:/Users/amitkumar/iTrueService/DevCode/iservice-app/app/utils/moment.util.js
FN:6,(anonymous_0)
FNF:1
FNH:1
FNDA:24,(anonymous_0)
DA:6,50
LF:1
LH:1
BRF:0
BRH:0
end_of_record
TN:
SF:/Users/amitkumar/iTrueService/DevCode/iservice-app/app/utils/msisdn.util.js
FN:1,(anonymous_0)
FN:9,(anonymous_1)
FNF:2
FNH:2
FNDA:7,(anonymous_0)
FNDA:6,(anonymous_1)
DA:1,38
DA:2,7
DA:3,1
DA:5,6
DA:9,38
DA:10,6
DA:11,1
DA:13,5
LF:8
LH:8
BRDA:2,0,0,1
BRDA:2,0,1,6
BRDA:2,1,0,7
BRDA:2,1,1,6
BRDA:10,2,0,1
BRDA:10,2,1,5
BRDA:10,3,0,6
BRDA:10,3,1,1
BRF:8
BRH:8
end_of_record
TN:
SF:/Users/amitkumar/iTrueService/DevCode/iservice-app/app/utils/reactNative.util.js
FN:15,(anonymous_0)
FN:15,(anonymous_1)
FNF:2
FNH:0
FNDA:0,(anonymous_0)
FNDA:0,(anonymous_1)
DA:9,43
DA:15,43
DA:16,0
DA:17,0
DA:19,0
DA:23,43
LF:6
LH:3
BRDA:16,0,0,0
BRDA:16,0,1,0
BRF:2
BRH:0
end_of_record
TN:
SF:/Users/amitkumar/iTrueService/DevCode/iservice-app/app/utils/request.util.js
FN:3,(anonymous_0)
FN:12,(anonymous_1)
FN:13,(anonymous_2)
FN:18,(anonymous_3)
FN:20,(anonymous_4)
FNF:5
FNH:5
FNDA:30,(anonymous_0)
FNDA:30,(anonymous_1)
FNDA:6,(anonymous_2)
FNDA:1,(anonymous_3)
FNDA:1,(anonymous_4)
DA:3,33
DA:4,30
DA:5,30
DA:6,30
DA:12,30
DA:13,30
DA:14,6
DA:15,2
DA:17,4
DA:18,1
DA:20,30
DA:21,30
LF:12
LH:12
BRDA:4,0,0,6
BRDA:14,1,0,2
BRDA:14,1,1,4
BRDA:15,2,0,2
BRDA:15,2,1,1
BRF:5
BRH:5
end_of_record
TN:
SF:/Users/amitkumar/iTrueService/DevCode/iservice-app/app/utils/storeList.util.js
FN:3,(anonymous_0)
FN:4,(anonymous_1)
FN:14,(anonymous_2)
FN:15,(anonymous_3)
FN:25,(anonymous_4)
FN:26,(anonymous_5)
FNF:6
FNH:4
FNDA:4,(anonymous_0)
FNDA:0,(anonymous_1)
FNDA:1,(anonymous_2)
FNDA:0,(anonymous_3)
FNDA:1,(anonymous_4)
FNDA:1,(anonymous_5)
DA:3,23
DA:4,4
DA:11,4
DA:14,23
DA:15,1
DA:22,1
DA:25,23
DA:26,1
DA:30,1
LF:9
LH:9
BRDA:6,0,0,0
BRDA:6,0,1,0
BRDA:9,1,0,0
BRDA:9,1,1,0
BRDA:17,2,0,0
BRDA:17,2,1,0
BRDA:20,3,0,0
BRDA:20,3,1,0
BRF:8
BRH:0
end_of_record
TN:
SF:/Users/amitkumar/iTrueService/DevCode/iservice-app/app/utils/testfairy.util.js
FNF:0
FNH:0
DA:4,1
LF:1
LH:1
BRF:0
BRH:0
end_of_record
